{"/Users/michaelpurnell/Desktop/eaze/homework-node/test.js":{"path":"/Users/michaelpurnell/Desktop/eaze/homework-node/test.js","s":{"1":1,"2":1,"3":1,"4":1,"5":1,"6":1,"7":1,"8":1,"9":1,"10":1,"11":1,"12":1,"13":1,"14":0,"15":1,"16":12,"17":1,"18":1,"19":1,"20":1,"21":1,"22":0,"23":1,"24":1,"25":1,"26":1,"27":1,"28":1},"b":{"1":[1,1],"2":[0,1],"3":[0,1]},"f":{"1":1,"2":1,"3":1,"4":1,"5":1,"6":1},"fnMap":{"1":{"name":"(anonymous_1)","line":9,"loc":{"start":{"line":9,"column":17},"end":{"line":9,"column":30}}},"2":{"name":"verifyCount","line":21,"loc":{"start":{"line":21,"column":2},"end":{"line":21,"column":34}}},"3":{"name":"(anonymous_3)","line":22,"loc":{"start":{"line":22,"column":29},"end":{"line":22,"column":51}}},"4":{"name":"verifySize","line":31,"loc":{"start":{"line":31,"column":2},"end":{"line":31,"column":33}}},"5":{"name":"(anonymous_5)","line":32,"loc":{"start":{"line":32,"column":29},"end":{"line":32,"column":50}}},"6":{"name":"verifyLodash","line":39,"loc":{"start":{"line":39,"column":2},"end":{"line":39,"column":35}}}},"statementMap":{"1":{"start":{"line":3,"column":0},"end":{"line":3,"column":28}},"2":{"start":{"line":4,"column":0},"end":{"line":4,"column":36}},"3":{"start":{"line":5,"column":0},"end":{"line":5,"column":24}},"4":{"start":{"line":6,"column":0},"end":{"line":6,"column":45}},"5":{"start":{"line":7,"column":0},"end":{"line":7,"column":38}},"6":{"start":{"line":9,"column":0},"end":{"line":44,"column":2}},"7":{"start":{"line":10,"column":2},"end":{"line":10,"column":11}},"8":{"start":{"line":12,"column":2},"end":{"line":12,"column":53}},"9":{"start":{"line":14,"column":2},"end":{"line":19,"column":11}},"10":{"start":{"line":15,"column":18},"end":{"line":15,"column":43}},"11":{"start":{"line":21,"column":2},"end":{"line":29,"column":3}},"12":{"start":{"line":22,"column":4},"end":{"line":28,"column":6}},"13":{"start":{"line":23,"column":6},"end":{"line":23,"column":35}},"14":{"start":{"line":23,"column":15},"end":{"line":23,"column":35}},"15":{"start":{"line":25,"column":6},"end":{"line":25,"column":55}},"16":{"start":{"line":25,"column":37},"end":{"line":25,"column":54}},"17":{"start":{"line":26,"column":6},"end":{"line":26,"column":56}},"18":{"start":{"line":27,"column":6},"end":{"line":27,"column":16}},"19":{"start":{"line":31,"column":2},"end":{"line":37,"column":3}},"20":{"start":{"line":32,"column":4},"end":{"line":36,"column":6}},"21":{"start":{"line":33,"column":6},"end":{"line":33,"column":35}},"22":{"start":{"line":33,"column":15},"end":{"line":33,"column":35}},"23":{"start":{"line":34,"column":6},"end":{"line":34,"column":57}},"24":{"start":{"line":35,"column":6},"end":{"line":35,"column":16}},"25":{"start":{"line":39,"column":2},"end":{"line":43,"column":3}},"26":{"start":{"line":40,"column":4},"end":{"line":40,"column":42}},"27":{"start":{"line":41,"column":4},"end":{"line":41,"column":53}},"28":{"start":{"line":42,"column":4},"end":{"line":42,"column":14}}},"branchMap":{"1":{"line":12,"type":"binary-expr","locations":[{"start":{"line":12,"column":16},"end":{"line":12,"column":47}},{"start":{"line":12,"column":51},"end":{"line":12,"column":53}}]},"2":{"line":23,"type":"if","locations":[{"start":{"line":23,"column":6},"end":{"line":23,"column":6}},{"start":{"line":23,"column":6},"end":{"line":23,"column":6}}]},"3":{"line":33,"type":"if","locations":[{"start":{"line":33,"column":6},"end":{"line":33,"column":6}},{"start":{"line":33,"column":6},"end":{"line":33,"column":6}}]}}},"/Users/michaelpurnell/Desktop/eaze/homework-node/index.js":{"path":"/Users/michaelpurnell/Desktop/eaze/homework-node/index.js","s":{"1":1,"2":1,"3":1,"4":1,"5":1,"6":2,"7":2,"8":20,"9":2,"10":20,"11":20,"12":20,"13":0,"14":20,"15":0,"16":20,"17":17,"18":17,"19":17,"20":3,"21":3,"22":2,"23":1,"24":20,"25":20,"26":20,"27":3,"28":17,"29":1,"30":17,"31":17,"32":17,"33":0,"34":17,"35":1},"b":{"1":[0,20],"2":[3,17],"3":[0,17]},"f":{"1":2,"2":20,"3":20,"4":0,"5":20,"6":17,"7":17,"8":3,"9":20,"10":20,"11":17,"12":17,"13":1},"fnMap":{"1":{"name":"downloadPackages","line":17,"loc":{"start":{"line":17,"column":1},"end":{"line":17,"column":45}}},"2":{"name":"(anonymous_2)","line":27,"loc":{"start":{"line":27,"column":25},"end":{"line":27,"column":41}}},"3":{"name":"(anonymous_3)","line":31,"loc":{"start":{"line":31,"column":28},"end":{"line":31,"column":41}}},"4":{"name":"(anonymous_4)","line":37,"loc":{"start":{"line":37,"column":17},"end":{"line":37,"column":30}}},"5":{"name":"(anonymous_5)","line":41,"loc":{"start":{"line":41,"column":19},"end":{"line":41,"column":31}}},"6":{"name":"(anonymous_6)","line":43,"loc":{"start":{"line":43,"column":45},"end":{"line":43,"column":66}}},"7":{"name":"(anonymous_7)","line":47,"loc":{"start":{"line":47,"column":19},"end":{"line":47,"column":35}}},"8":{"name":"(anonymous_8)","line":50,"loc":{"start":{"line":50,"column":20},"end":{"line":50,"column":33}}},"9":{"name":"(anonymous_9)","line":63,"loc":{"start":{"line":63,"column":22},"end":{"line":63,"column":48}}},"10":{"name":"(anonymous_10)","line":64,"loc":{"start":{"line":64,"column":18},"end":{"line":64,"column":44}}},"11":{"name":"(anonymous_11)","line":81,"loc":{"start":{"line":81,"column":20},"end":{"line":82,"column":0}}},"12":{"name":"(anonymous_12)","line":83,"loc":{"start":{"line":83,"column":18},"end":{"line":83,"column":44}}},"13":{"name":"(anonymous_13)","line":96,"loc":{"start":{"line":96,"column":21},"end":{"line":96,"column":39}}}},"statementMap":{"1":{"start":{"line":3,"column":0},"end":{"line":9,"column":17}},"2":{"start":{"line":12,"column":0},"end":{"line":12,"column":54}},"3":{"start":{"line":13,"column":0},"end":{"line":13,"column":49}},"4":{"start":{"line":15,"column":0},"end":{"line":15,"column":33}},"5":{"start":{"line":17,"column":1},"end":{"line":61,"column":1}},"6":{"start":{"line":19,"column":1},"end":{"line":19,"column":23}},"7":{"start":{"line":22,"column":1},"end":{"line":24,"column":2}},"8":{"start":{"line":23,"column":2},"end":{"line":23,"column":45}},"9":{"start":{"line":27,"column":1},"end":{"line":58,"column":4}},"10":{"start":{"line":29,"column":2},"end":{"line":29,"column":54}},"11":{"start":{"line":31,"column":2},"end":{"line":57,"column":6}},"12":{"start":{"line":32,"column":3},"end":{"line":56,"column":5}},"13":{"start":{"line":33,"column":4},"end":{"line":33,"column":49}},"14":{"start":{"line":36,"column":4},"end":{"line":54,"column":11}},"15":{"start":{"line":38,"column":5},"end":{"line":38,"column":57}},"16":{"start":{"line":43,"column":11},"end":{"line":53,"column":13}},"17":{"start":{"line":44,"column":12},"end":{"line":44,"column":78}},"18":{"start":{"line":46,"column":12},"end":{"line":46,"column":45}},"19":{"start":{"line":48,"column":12},"end":{"line":48,"column":78}},"20":{"start":{"line":51,"column":12},"end":{"line":51,"column":55}},"21":{"start":{"line":52,"column":12},"end":{"line":52,"column":23}},"22":{"start":{"line":60,"column":1},"end":{"line":60,"column":23}},"23":{"start":{"line":63,"column":0},"end":{"line":79,"column":1}},"24":{"start":{"line":64,"column":1},"end":{"line":78,"column":4}},"25":{"start":{"line":67,"column":6},"end":{"line":76,"column":4}},"26":{"start":{"line":68,"column":5},"end":{"line":75,"column":6}},"27":{"start":{"line":69,"column":6},"end":{"line":69,"column":42}},"28":{"start":{"line":73,"column":6},"end":{"line":73,"column":32}},"29":{"start":{"line":81,"column":0},"end":{"line":94,"column":1}},"30":{"start":{"line":83,"column":1},"end":{"line":93,"column":4}},"31":{"start":{"line":85,"column":5},"end":{"line":92,"column":6}},"32":{"start":{"line":86,"column":7},"end":{"line":91,"column":8}},"33":{"start":{"line":87,"column":8},"end":{"line":87,"column":52}},"34":{"start":{"line":90,"column":8},"end":{"line":90,"column":34}},"35":{"start":{"line":96,"column":0},"end":{"line":98,"column":3}}},"branchMap":{"1":{"line":32,"type":"if","locations":[{"start":{"line":32,"column":3},"end":{"line":32,"column":3}},{"start":{"line":32,"column":3},"end":{"line":32,"column":3}}]},"2":{"line":68,"type":"if","locations":[{"start":{"line":68,"column":5},"end":{"line":68,"column":5}},{"start":{"line":68,"column":5},"end":{"line":68,"column":5}}]},"3":{"line":86,"type":"if","locations":[{"start":{"line":86,"column":7},"end":{"line":86,"column":7}},{"start":{"line":86,"column":7},"end":{"line":86,"column":7}}]}}},"/Users/michaelpurnell/Desktop/eaze/homework-node/packages/lodash/lodash.js":{"path":"/Users/michaelpurnell/Desktop/eaze/homework-node/packages/lodash/lodash.js","s":{"1":1,"2":1,"3":1,"4":1,"5":1,"6":1,"7":1,"8":1,"9":1,"10":1,"11":1,"12":1,"13":1,"14":1,"15":1,"16":1,"17":1,"18":1,"19":1,"20":1,"21":1,"22":1,"23":1,"24":1,"25":1,"26":1,"27":1,"28":1,"29":1,"30":1,"31":1,"32":1,"33":1,"34":1,"35":1,"36":1,"37":1,"38":1,"39":1,"40":1,"41":1,"42":1,"43":1,"44":1,"45":1,"46":1,"47":1,"48":1,"49":1,"50":1,"51":1,"52":1,"53":1,"54":1,"55":1,"56":1,"57":1,"58":1,"59":1,"60":1,"61":1,"62":1,"63":1,"64":1,"65":1,"66":1,"67":1,"68":1,"69":1,"70":1,"71":1,"72":1,"73":0,"74":0,"75":1,"76":0,"77":0,"78":1,"79":0,"80":0,"81":0,"82":0,"83":0,"84":0,"85":1,"86":0,"87":0,"88":0,"89":0,"90":0,"91":1,"92":8,"93":8,"94":326,"95":0,"96":8,"97":1,"98":0,"99":0,"100":0,"101":0,"102":0,"103":1,"104":0,"105":0,"106":0,"107":0,"108":0,"109":1,"110":2,"111":2,"112":307,"113":307,"114":305,"115":2,"116":1,"117":0,"118":0,"119":1,"120":0,"121":0,"122":0,"123":0,"124":0,"125":1,"126":0,"127":0,"128":0,"129":0,"130":1,"131":0,"132":0,"133":0,"134":0,"135":1,"136":0,"137":0,"138":0,"139":0,"140":0,"141":0,"142":1,"143":0,"144":0,"145":0,"146":0,"147":0,"148":0,"149":1,"150":0,"151":0,"152":0,"153":0,"154":0,"155":1,"156":1,"157":0,"158":1,"159":0,"160":1,"161":0,"162":0,"163":0,"164":0,"165":0,"166":0,"167":1,"168":0,"169":0,"170":0,"171":0,"172":0,"173":1,"174":0,"175":1,"176":0,"177":0,"178":0,"179":0,"180":0,"181":1,"182":0,"183":1,"184":0,"185":0,"186":1,"187":1,"188":0,"189":1,"190":3,"191":0,"192":1,"193":0,"194":0,"195":0,"196":1,"197":0,"198":0,"199":0,"200":0,"201":0,"202":1,"203":0,"204":0,"205":0,"206":0,"207":0,"208":0,"209":1,"210":0,"211":0,"212":0,"213":0,"214":1,"215":0,"216":0,"217":1,"218":6,"219":0,"220":1,"221":0,"222":0,"223":1,"224":0,"225":1,"226":0,"227":0,"228":0,"229":1,"230":0,"231":0,"232":0,"233":1,"234":0,"235":0,"236":0,"237":0,"238":0,"239":1,"240":1,"241":1,"242":0,"243":1,"244":7,"245":1,"246":0,"247":1,"248":0,"249":1,"250":0,"251":0,"252":0,"253":0,"254":1,"255":0,"256":0,"257":0,"258":0,"259":1,"260":2,"261":3,"262":1,"263":0,"264":0,"265":0,"266":0,"267":0,"268":0,"269":0,"270":1,"271":1,"272":1,"273":2,"274":1,"275":1,"276":0,"277":0,"278":0,"279":0,"280":1,"281":0,"282":0,"283":0,"284":0,"285":0,"286":1,"287":0,"288":0,"289":0,"290":0,"291":0,"292":1,"293":0,"294":1,"295":0,"296":1,"297":1,"298":0,"299":0,"300":0,"301":0,"302":1,"303":0,"304":1,"305":0,"306":1,"307":1,"308":1,"309":1,"310":1,"311":1,"312":1,"313":1,"314":1,"315":1,"316":1,"317":1,"318":1,"319":1,"320":1,"321":1,"322":1,"323":1,"324":1,"325":1,"326":1,"327":1,"328":1,"329":1,"330":1,"331":1,"332":1,"333":1,"334":1,"335":0,"336":0,"337":0,"338":0,"339":0,"340":0,"341":1,"342":1,"343":1,"344":2,"345":0,"346":2,"347":2,"348":0,"349":0,"350":0,"351":0,"352":1,"353":1,"354":0,"355":0,"356":0,"357":0,"358":0,"359":1,"360":1,"361":1,"362":1,"363":1,"364":1,"365":0,"366":0,"367":0,"368":0,"369":0,"370":0,"371":0,"372":1,"373":0,"374":0,"375":0,"376":0,"377":0,"378":0,"379":0,"380":0,"381":1,"382":0,"383":0,"384":0,"385":0,"386":0,"387":0,"388":0,"389":1,"390":0,"391":0,"392":0,"393":0,"394":0,"395":0,"396":0,"397":0,"398":0,"399":0,"400":0,"401":0,"402":0,"403":0,"404":0,"405":0,"406":0,"407":0,"408":1,"409":1,"410":1,"411":2,"412":2,"413":2,"414":0,"415":0,"416":1,"417":2,"418":2,"419":1,"420":0,"421":0,"422":0,"423":1,"424":0,"425":0,"426":0,"427":0,"428":0,"429":1,"430":0,"431":0,"432":1,"433":0,"434":0,"435":0,"436":0,"437":1,"438":1,"439":1,"440":1,"441":1,"442":1,"443":0,"444":0,"445":0,"446":0,"447":0,"448":1,"449":0,"450":0,"451":1,"452":0,"453":0,"454":0,"455":0,"456":0,"457":0,"458":0,"459":0,"460":0,"461":1,"462":0,"463":0,"464":1,"465":0,"466":1,"467":0,"468":0,"469":0,"470":0,"471":0,"472":0,"473":1,"474":1,"475":1,"476":1,"477":1,"478":1,"479":1,"480":1,"481":1,"482":0,"483":0,"484":1,"485":1,"486":1,"487":1,"488":0,"489":0,"490":0,"491":1,"492":0,"493":1,"494":0,"495":1,"496":0,"497":0,"498":0,"499":0,"500":1,"501":1,"502":1,"503":1,"504":1,"505":1,"506":0,"507":0,"508":0,"509":0,"510":1,"511":0,"512":0,"513":1,"514":0,"515":1,"516":1,"517":1,"518":0,"519":0,"520":1,"521":0,"522":0,"523":1,"524":0,"525":0,"526":0,"527":1,"528":0,"529":1,"530":0,"531":1,"532":0,"533":0,"534":0,"535":0,"536":0,"537":0,"538":0,"539":0,"540":0,"541":0,"542":0,"543":1,"544":1,"545":1,"546":1,"547":1,"548":1,"549":0,"550":0,"551":0,"552":0,"553":0,"554":1,"555":0,"556":0,"557":1,"558":0,"559":1,"560":0,"561":1,"562":0,"563":0,"564":1,"565":0,"566":0,"567":0,"568":1,"569":0,"570":0,"571":0,"572":0,"573":0,"574":1,"575":0,"576":0,"577":0,"578":1,"579":0,"580":1,"581":0,"582":1,"583":0,"584":0,"585":0,"586":1,"587":0,"588":0,"589":0,"590":0,"591":1,"592":0,"593":0,"594":0,"595":0,"596":0,"597":0,"598":1,"599":0,"600":0,"601":0,"602":0,"603":0,"604":0,"605":0,"606":0,"607":0,"608":0,"609":0,"610":0,"611":0,"612":0,"613":0,"614":0,"615":0,"616":0,"617":0,"618":0,"619":0,"620":0,"621":0,"622":0,"623":0,"624":0,"625":0,"626":0,"627":0,"628":0,"629":0,"630":0,"631":0,"632":0,"633":0,"634":1,"635":0,"636":0,"637":0,"638":1,"639":0,"640":0,"641":0,"642":0,"643":0,"644":0,"645":0,"646":0,"647":0,"648":1,"649":0,"650":0,"651":0,"652":0,"653":1,"654":0,"655":0,"656":0,"657":0,"658":0,"659":0,"660":0,"661":0,"662":0,"663":0,"664":0,"665":0,"666":0,"667":0,"668":0,"669":0,"670":0,"671":0,"672":0,"673":0,"674":0,"675":0,"676":0,"677":0,"678":0,"679":1,"680":1,"681":1,"682":0,"683":0,"684":0,"685":0,"686":0,"687":1,"688":0,"689":0,"690":0,"691":0,"692":0,"693":0,"694":1,"695":0,"696":0,"697":0,"698":0,"699":0,"700":0,"701":0,"702":0,"703":0,"704":0,"705":0,"706":1,"707":0,"708":0,"709":0,"710":0,"711":0,"712":1,"713":0,"714":0,"715":0,"716":0,"717":0,"718":0,"719":0,"720":0,"721":0,"722":0,"723":0,"724":0,"725":1,"726":1,"727":1,"728":3,"729":1,"730":0,"731":1,"732":2,"733":307,"734":1,"735":0,"736":0,"737":0,"738":0,"739":0,"740":1,"741":0,"742":0,"743":1,"744":324,"745":0,"746":324,"747":1,"748":0,"749":1,"750":0,"751":1,"752":0,"753":1,"754":0,"755":1,"756":0,"757":0,"758":0,"759":0,"760":0,"761":0,"762":0,"763":0,"764":0,"765":0,"766":0,"767":0,"768":0,"769":0,"770":0,"771":0,"772":0,"773":0,"774":0,"775":0,"776":0,"777":0,"778":0,"779":1,"780":0,"781":0,"782":0,"783":1,"784":0,"785":0,"786":0,"787":0,"788":1,"789":1,"790":1,"791":0,"792":1,"793":0,"794":1,"795":0,"796":0,"797":0,"798":0,"799":0,"800":1,"801":0,"802":0,"803":0,"804":0,"805":0,"806":0,"807":0,"808":0,"809":0,"810":0,"811":0,"812":0,"813":0,"814":0,"815":0,"816":0,"817":0,"818":0,"819":0,"820":0,"821":0,"822":0,"823":1,"824":0,"825":1,"826":0,"827":0,"828":0,"829":0,"830":0,"831":0,"832":0,"833":0,"834":0,"835":0,"836":0,"837":0,"838":0,"839":0,"840":0,"841":0,"842":0,"843":0,"844":0,"845":0,"846":1,"847":7,"848":0,"849":7,"850":7,"851":1,"852":0,"853":1,"854":0,"855":1,"856":0,"857":1,"858":0,"859":0,"860":0,"861":0,"862":0,"863":0,"864":0,"865":1,"866":5,"867":3,"868":2,"869":2,"870":618,"871":38,"872":2,"873":1,"874":0,"875":0,"876":0,"877":0,"878":0,"879":0,"880":0,"881":1,"882":0,"883":1,"884":0,"885":0,"886":0,"887":0,"888":1,"889":0,"890":0,"891":0,"892":0,"893":0,"894":1,"895":0,"896":0,"897":0,"898":0,"899":0,"900":1,"901":0,"902":0,"903":0,"904":0,"905":0,"906":0,"907":0,"908":0,"909":0,"910":0,"911":1,"912":0,"913":0,"914":0,"915":0,"916":0,"917":0,"918":0,"919":0,"920":0,"921":0,"922":0,"923":0,"924":0,"925":0,"926":0,"927":0,"928":0,"929":0,"930":0,"931":0,"932":0,"933":0,"934":0,"935":0,"936":0,"937":0,"938":0,"939":0,"940":0,"941":0,"942":0,"943":0,"944":0,"945":1,"946":0,"947":0,"948":0,"949":0,"950":0,"951":1,"952":0,"953":0,"954":0,"955":0,"956":0,"957":0,"958":0,"959":0,"960":1,"961":0,"962":0,"963":1,"964":0,"965":0,"966":0,"967":0,"968":0,"969":0,"970":1,"971":0,"972":0,"973":1,"974":0,"975":0,"976":0,"977":0,"978":0,"979":0,"980":0,"981":0,"982":0,"983":0,"984":0,"985":0,"986":1,"987":0,"988":0,"989":0,"990":0,"991":0,"992":0,"993":0,"994":0,"995":0,"996":1,"997":0,"998":1,"999":0,"1000":0,"1001":0,"1002":0,"1003":0,"1004":1,"1005":0,"1006":0,"1007":0,"1008":0,"1009":0,"1010":0,"1011":0,"1012":0,"1013":0,"1014":0,"1015":1,"1016":38,"1017":1,"1018":0,"1019":1,"1020":0,"1021":0,"1022":1,"1023":0,"1024":0,"1025":0,"1026":0,"1027":0,"1028":0,"1029":0,"1030":0,"1031":0,"1032":0,"1033":0,"1034":0,"1035":0,"1036":0,"1037":1,"1038":0,"1039":0,"1040":1,"1041":50,"1042":1,"1043":0,"1044":1,"1045":0,"1046":0,"1047":0,"1048":0,"1049":0,"1050":0,"1051":0,"1052":0,"1053":0,"1054":0,"1055":0,"1056":0,"1057":1,"1058":0,"1059":0,"1060":0,"1061":0,"1062":0,"1063":1,"1064":0,"1065":0,"1066":0,"1067":0,"1068":0,"1069":0,"1070":0,"1071":0,"1072":0,"1073":1,"1074":0,"1075":0,"1076":0,"1077":0,"1078":0,"1079":0,"1080":0,"1081":0,"1082":0,"1083":0,"1084":0,"1085":0,"1086":0,"1087":0,"1088":0,"1089":0,"1090":0,"1091":0,"1092":0,"1093":1,"1094":0,"1095":0,"1096":0,"1097":0,"1098":0,"1099":0,"1100":0,"1101":1,"1102":0,"1103":0,"1104":0,"1105":0,"1106":0,"1107":1,"1108":0,"1109":0,"1110":0,"1111":0,"1112":0,"1113":0,"1114":0,"1115":0,"1116":1,"1117":0,"1118":0,"1119":0,"1120":0,"1121":0,"1122":0,"1123":0,"1124":0,"1125":0,"1126":0,"1127":0,"1128":0,"1129":0,"1130":0,"1131":0,"1132":0,"1133":0,"1134":0,"1135":0,"1136":0,"1137":0,"1138":0,"1139":0,"1140":0,"1141":0,"1142":0,"1143":0,"1144":0,"1145":0,"1146":1,"1147":0,"1148":0,"1149":0,"1150":1,"1151":0,"1152":1,"1153":0,"1154":0,"1155":0,"1156":1,"1157":0,"1158":0,"1159":0,"1160":0,"1161":0,"1162":1,"1163":0,"1164":0,"1165":0,"1166":0,"1167":0,"1168":0,"1169":0,"1170":0,"1171":0,"1172":0,"1173":1,"1174":0,"1175":0,"1176":0,"1177":0,"1178":0,"1179":1,"1180":0,"1181":1,"1182":0,"1183":1,"1184":0,"1185":0,"1186":0,"1187":1,"1188":1,"1189":0,"1190":0,"1191":0,"1192":1,"1193":0,"1194":1,"1195":0,"1196":0,"1197":0,"1198":0,"1199":0,"1200":1,"1201":0,"1202":0,"1203":0,"1204":1,"1205":0,"1206":0,"1207":1,"1208":0,"1209":0,"1210":1,"1211":0,"1212":0,"1213":0,"1214":1,"1215":0,"1216":0,"1217":1,"1218":0,"1219":1,"1220":0,"1221":0,"1222":1,"1223":0,"1224":0,"1225":0,"1226":0,"1227":0,"1228":0,"1229":0,"1230":0,"1231":1,"1232":0,"1233":0,"1234":0,"1235":0,"1236":0,"1237":0,"1238":0,"1239":0,"1240":0,"1241":1,"1242":0,"1243":0,"1244":0,"1245":0,"1246":0,"1247":0,"1248":0,"1249":0,"1250":0,"1251":1,"1252":0,"1253":0,"1254":0,"1255":0,"1256":0,"1257":0,"1258":0,"1259":0,"1260":0,"1261":0,"1262":1,"1263":0,"1264":0,"1265":0,"1266":0,"1267":0,"1268":1,"1269":0,"1270":0,"1271":0,"1272":0,"1273":0,"1274":0,"1275":0,"1276":0,"1277":0,"1278":0,"1279":0,"1280":0,"1281":1,"1282":0,"1283":1,"1284":0,"1285":1,"1286":4,"1287":0,"1288":0,"1289":1,"1290":6,"1291":0,"1292":0,"1293":0,"1294":0,"1295":0,"1296":0,"1297":0,"1298":0,"1299":0,"1300":0,"1301":0,"1302":1,"1303":2,"1304":0,"1305":0,"1306":0,"1307":0,"1308":0,"1309":0,"1310":0,"1311":0,"1312":0,"1313":1,"1314":2,"1315":3,"1316":3,"1317":344,"1318":344,"1319":0,"1320":3,"1321":1,"1322":0,"1323":1,"1324":0,"1325":0,"1326":0,"1327":1,"1328":2,"1329":0,"1330":0,"1331":0,"1332":0,"1333":0,"1334":1,"1335":6,"1336":0,"1337":1,"1338":0,"1339":0,"1340":0,"1341":0,"1342":0,"1343":0,"1344":0,"1345":0,"1346":0,"1347":0,"1348":0,"1349":0,"1350":0,"1351":1,"1352":0,"1353":1,"1354":0,"1355":0,"1356":0,"1357":0,"1358":0,"1359":0,"1360":0,"1361":0,"1362":0,"1363":0,"1364":1,"1365":2,"1366":0,"1367":0,"1368":0,"1369":0,"1370":0,"1371":0,"1372":0,"1373":0,"1374":1,"1375":2,"1376":0,"1377":0,"1378":0,"1379":0,"1380":0,"1381":0,"1382":0,"1383":0,"1384":0,"1385":0,"1386":0,"1387":0,"1388":0,"1389":0,"1390":0,"1391":0,"1392":0,"1393":0,"1394":0,"1395":0,"1396":0,"1397":0,"1398":0,"1399":0,"1400":1,"1401":1,"1402":1,"1403":0,"1404":0,"1405":0,"1406":0,"1407":0,"1408":0,"1409":0,"1410":0,"1411":0,"1412":0,"1413":0,"1414":0,"1415":0,"1416":0,"1417":0,"1418":0,"1419":0,"1420":0,"1421":0,"1422":0,"1423":0,"1424":0,"1425":0,"1426":0,"1427":1,"1428":1,"1429":2,"1430":0,"1431":1,"1432":4,"1433":0,"1434":0,"1435":0,"1436":0,"1437":0,"1438":0,"1439":0,"1440":0,"1441":0,"1442":0,"1443":0,"1444":0,"1445":0,"1446":0,"1447":0,"1448":1,"1449":3,"1450":0,"1451":0,"1452":0,"1453":0,"1454":0,"1455":1,"1456":0,"1457":0,"1458":0,"1459":0,"1460":0,"1461":0,"1462":1,"1463":0,"1464":1,"1465":0,"1466":0,"1467":0,"1468":0,"1469":0,"1470":0,"1471":0,"1472":1,"1473":2,"1474":0,"1475":0,"1476":0,"1477":0,"1478":0,"1479":0,"1480":0,"1481":0,"1482":0,"1483":1,"1484":4,"1485":0,"1486":0,"1487":0,"1488":0,"1489":1,"1490":0,"1491":0,"1492":0,"1493":0,"1494":0,"1495":0,"1496":0,"1497":0,"1498":0,"1499":0,"1500":0,"1501":1,"1502":3,"1503":3,"1504":0,"1505":0,"1506":0,"1507":0,"1508":0,"1509":0,"1510":0,"1511":1,"1512":0,"1513":1,"1514":2,"1515":0,"1516":0,"1517":0,"1518":0,"1519":0,"1520":0,"1521":1,"1522":0,"1523":0,"1524":0,"1525":0,"1526":0,"1527":0,"1528":0,"1529":0,"1530":0,"1531":0,"1532":0,"1533":0,"1534":0,"1535":0,"1536":0,"1537":0,"1538":0,"1539":0,"1540":0,"1541":0,"1542":0,"1543":0,"1544":0,"1545":0,"1546":0,"1547":0,"1548":0,"1549":0,"1550":0,"1551":0,"1552":0,"1553":0,"1554":0,"1555":0,"1556":1,"1557":0,"1558":0,"1559":0,"1560":1,"1561":0,"1562":0,"1563":0,"1564":0,"1565":0,"1566":1,"1567":0,"1568":1,"1569":0,"1570":0,"1571":0,"1572":0,"1573":0,"1574":0,"1575":0,"1576":0,"1577":0,"1578":0,"1579":0,"1580":0,"1581":0,"1582":0,"1583":0,"1584":0,"1585":0,"1586":0,"1587":0,"1588":0,"1589":0,"1590":0,"1591":0,"1592":0,"1593":0,"1594":0,"1595":0,"1596":0,"1597":0,"1598":0,"1599":1,"1600":0,"1601":0,"1602":0,"1603":0,"1604":0,"1605":0,"1606":0,"1607":0,"1608":0,"1609":0,"1610":0,"1611":0,"1612":0,"1613":0,"1614":0,"1615":0,"1616":0,"1617":0,"1618":0,"1619":0,"1620":0,"1621":0,"1622":0,"1623":0,"1624":0,"1625":0,"1626":0,"1627":1,"1628":0,"1629":0,"1630":0,"1631":0,"1632":0,"1633":0,"1634":0,"1635":0,"1636":0,"1637":0,"1638":0,"1639":0,"1640":0,"1641":0,"1642":0,"1643":0,"1644":0,"1645":0,"1646":0,"1647":0,"1648":0,"1649":0,"1650":0,"1651":0,"1652":0,"1653":0,"1654":0,"1655":0,"1656":0,"1657":0,"1658":0,"1659":1,"1660":12,"1661":1,"1662":0,"1663":1,"1664":0,"1665":1,"1666":0,"1667":1,"1668":0,"1669":0,"1670":0,"1671":0,"1672":0,"1673":0,"1674":1,"1675":0,"1676":0,"1677":1,"1678":0,"1679":0,"1680":0,"1681":1,"1682":0,"1683":0,"1684":1,"1685":0,"1686":0,"1687":0,"1688":0,"1689":0,"1690":1,"1691":7,"1692":7,"1693":1,"1694":5,"1695":5,"1696":5,"1697":5,"1698":5,"1699":5,"1700":5,"1701":0,"1702":5,"1703":5,"1704":1,"1705":0,"1706":0,"1707":0,"1708":0,"1709":0,"1710":1,"1711":0,"1712":0,"1713":0,"1714":0,"1715":0,"1716":1,"1717":1,"1718":0,"1719":0,"1720":0,"1721":0,"1722":0,"1723":0,"1724":0,"1725":0,"1726":0,"1727":0,"1728":1,"1729":0,"1730":0,"1731":0,"1732":0,"1733":0,"1734":0,"1735":0,"1736":0,"1737":0,"1738":0,"1739":0,"1740":0,"1741":0,"1742":1,"1743":0,"1744":0,"1745":1,"1746":0,"1747":0,"1748":0,"1749":0,"1750":0,"1751":0,"1752":0,"1753":0,"1754":0,"1755":0,"1756":0,"1757":1,"1758":0,"1759":0,"1760":0,"1761":0,"1762":0,"1763":1,"1764":0,"1765":1,"1766":0,"1767":0,"1768":0,"1769":0,"1770":0,"1771":0,"1772":0,"1773":0,"1774":0,"1775":0,"1776":0,"1777":1,"1778":0,"1779":0,"1780":0,"1781":0,"1782":0,"1783":0,"1784":0,"1785":1,"1786":0,"1787":1,"1788":0,"1789":0,"1790":1,"1791":0,"1792":0,"1793":0,"1794":0,"1795":0,"1796":0,"1797":1,"1798":0,"1799":0,"1800":0,"1801":0,"1802":0,"1803":0,"1804":1,"1805":0,"1806":0,"1807":1,"1808":0,"1809":0,"1810":0,"1811":0,"1812":0,"1813":0,"1814":0,"1815":1,"1816":7,"1817":1,"1818":1,"1819":5,"1820":5,"1821":1,"1822":0,"1823":1,"1824":0,"1825":0,"1826":0,"1827":0,"1828":1,"1829":1,"1830":0,"1831":0,"1832":0,"1833":1,"1834":1,"1835":1,"1836":0,"1837":0,"1838":0,"1839":0,"1840":0,"1841":0,"1842":0,"1843":0,"1844":0,"1845":0,"1846":0,"1847":0,"1848":0,"1849":0,"1850":0,"1851":0,"1852":0,"1853":0,"1854":0,"1855":0,"1856":0,"1857":0,"1858":0,"1859":0,"1860":0,"1861":0,"1862":0,"1863":1,"1864":0,"1865":0,"1866":0,"1867":0,"1868":0,"1869":1,"1870":319,"1871":1,"1872":50,"1873":50,"1874":0,"1875":0,"1876":0,"1877":0,"1878":0,"1879":0,"1880":0,"1881":0,"1882":0,"1883":1,"1884":0,"1885":1,"1886":0,"1887":0,"1888":0,"1889":0,"1890":0,"1891":1,"1892":1,"1893":0,"1894":1,"1895":1,"1896":0,"1897":0,"1898":1,"1899":2,"1900":2,"1901":50,"1902":50,"1903":50,"1904":49,"1905":0,"1906":1,"1907":50,"1908":1,"1909":0,"1910":0,"1911":0,"1912":0,"1913":0,"1914":0,"1915":0,"1916":0,"1917":1,"1918":0,"1919":0,"1920":0,"1921":0,"1922":0,"1923":0,"1924":1,"1925":0,"1926":0,"1927":0,"1928":0,"1929":1,"1930":12,"1931":12,"1932":12,"1933":0,"1934":0,"1935":0,"1936":1,"1937":0,"1938":0,"1939":0,"1940":0,"1941":0,"1942":1,"1943":0,"1944":0,"1945":0,"1946":0,"1947":0,"1948":0,"1949":0,"1950":1,"1951":0,"1952":0,"1953":0,"1954":0,"1955":0,"1956":0,"1957":0,"1958":0,"1959":0,"1960":0,"1961":1,"1962":0,"1963":0,"1964":0,"1965":0,"1966":0,"1967":0,"1968":1,"1969":0,"1970":0,"1971":0,"1972":0,"1973":0,"1974":0,"1975":0,"1976":1,"1977":0,"1978":1,"1979":0,"1980":0,"1981":0,"1982":0,"1983":1,"1984":0,"1985":0,"1986":0,"1987":0,"1988":1,"1989":0,"1990":0,"1991":0,"1992":0,"1993":0,"1994":1,"1995":0,"1996":0,"1997":0,"1998":0,"1999":0,"2000":0,"2001":1,"2002":0,"2003":1,"2004":0,"2005":1,"2006":0,"2007":0,"2008":0,"2009":0,"2010":0,"2011":0,"2012":0,"2013":1,"2014":0,"2015":0,"2016":0,"2017":0,"2018":0,"2019":0,"2020":0,"2021":1,"2022":0,"2023":0,"2024":0,"2025":0,"2026":0,"2027":0,"2028":0,"2029":0,"2030":1,"2031":0,"2032":0,"2033":1,"2034":0,"2035":0,"2036":1,"2037":0,"2038":0,"2039":0,"2040":0,"2041":0,"2042":1,"2043":0,"2044":0,"2045":0,"2046":0,"2047":0,"2048":1,"2049":0,"2050":1,"2051":0,"2052":0,"2053":0,"2054":0,"2055":0,"2056":0,"2057":0,"2058":1,"2059":0,"2060":0,"2061":1,"2062":0,"2063":0,"2064":1,"2065":0,"2066":0,"2067":0,"2068":0,"2069":0,"2070":1,"2071":0,"2072":0,"2073":0,"2074":0,"2075":0,"2076":1,"2077":0,"2078":1,"2079":0,"2080":0,"2081":1,"2082":0,"2083":0,"2084":0,"2085":0,"2086":0,"2087":0,"2088":0,"2089":0,"2090":1,"2091":0,"2092":1,"2093":1,"2094":0,"2095":1,"2096":0,"2097":1,"2098":0,"2099":1,"2100":0,"2101":0,"2102":0,"2103":0,"2104":1,"2105":0,"2106":0,"2107":0,"2108":0,"2109":0,"2110":0,"2111":0,"2112":0,"2113":0,"2114":0,"2115":0,"2116":0,"2117":1,"2118":0,"2119":1,"2120":0,"2121":0,"2122":0,"2123":0,"2124":0,"2125":0,"2126":0,"2127":0,"2128":0,"2129":1,"2130":0,"2131":1,"2132":0,"2133":1,"2134":0,"2135":0,"2136":0,"2137":0,"2138":0,"2139":0,"2140":1,"2141":0,"2142":1,"2143":0,"2144":1,"2145":0,"2146":0,"2147":0,"2148":0,"2149":0,"2150":0,"2151":1,"2152":0,"2153":1,"2154":0,"2155":1,"2156":0,"2157":0,"2158":1,"2159":0,"2160":0,"2161":0,"2162":0,"2163":1,"2164":0,"2165":0,"2166":0,"2167":0,"2168":0,"2169":0,"2170":1,"2171":0,"2172":1,"2173":0,"2174":1,"2175":0,"2176":1,"2177":0,"2178":0,"2179":0,"2180":0,"2181":1,"2182":0,"2183":0,"2184":0,"2185":1,"2186":0,"2187":1,"2188":0,"2189":1,"2190":0,"2191":0,"2192":1,"2193":0,"2194":0,"2195":0,"2196":0,"2197":0,"2198":0,"2199":0,"2200":0,"2201":0,"2202":1,"2203":0,"2204":0,"2205":0,"2206":0,"2207":0,"2208":0,"2209":0,"2210":1,"2211":0,"2212":1,"2213":0,"2214":1,"2215":0,"2216":0,"2217":0,"2218":0,"2219":1,"2220":0,"2221":0,"2222":0,"2223":1,"2224":1,"2225":0,"2226":1,"2227":0,"2228":1,"2229":0,"2230":0,"2231":0,"2232":1,"2233":0,"2234":0,"2235":0,"2236":1,"2237":0,"2238":0,"2239":1,"2240":0,"2241":1,"2242":0,"2243":0,"2244":0,"2245":0,"2246":0,"2247":0,"2248":0,"2249":0,"2250":0,"2251":0,"2252":1,"2253":0,"2254":1,"2255":0,"2256":1,"2257":0,"2258":0,"2259":0,"2260":0,"2261":1,"2262":0,"2263":1,"2264":0,"2265":0,"2266":0,"2267":0,"2268":0,"2269":0,"2270":0,"2271":0,"2272":0,"2273":0,"2274":0,"2275":0,"2276":1,"2277":0,"2278":0,"2279":0,"2280":0,"2281":0,"2282":0,"2283":0,"2284":0,"2285":0,"2286":1,"2287":0,"2288":1,"2289":0,"2290":0,"2291":0,"2292":1,"2293":0,"2294":0,"2295":0,"2296":0,"2297":1,"2298":0,"2299":0,"2300":1,"2301":1,"2302":1,"2303":0,"2304":1,"2305":0,"2306":1,"2307":0,"2308":0,"2309":1,"2310":0,"2311":0,"2312":1,"2313":0,"2314":0,"2315":1,"2316":0,"2317":0,"2318":0,"2319":1,"2320":0,"2321":0,"2322":0,"2323":0,"2324":0,"2325":0,"2326":1,"2327":0,"2328":0,"2329":0,"2330":0,"2331":1,"2332":0,"2333":1,"2334":0,"2335":0,"2336":1,"2337":0,"2338":0,"2339":0,"2340":0,"2341":0,"2342":0,"2343":0,"2344":0,"2345":1,"2346":0,"2347":0,"2348":1,"2349":0,"2350":0,"2351":1,"2352":0,"2353":0,"2354":1,"2355":0,"2356":0,"2357":1,"2358":0,"2359":0,"2360":1,"2361":0,"2362":0,"2363":0,"2364":0,"2365":0,"2366":1,"2367":0,"2368":0,"2369":1,"2370":0,"2371":0,"2372":0,"2373":0,"2374":0,"2375":0,"2376":0,"2377":0,"2378":1,"2379":0,"2380":0,"2381":0,"2382":0,"2383":1,"2384":0,"2385":0,"2386":0,"2387":0,"2388":0,"2389":0,"2390":0,"2391":0,"2392":1,"2393":0,"2394":1,"2395":0,"2396":0,"2397":0,"2398":0,"2399":0,"2400":0,"2401":1,"2402":0,"2403":0,"2404":0,"2405":1,"2406":0,"2407":0,"2408":0,"2409":0,"2410":0,"2411":0,"2412":0,"2413":0,"2414":0,"2415":0,"2416":1,"2417":0,"2418":0,"2419":0,"2420":0,"2421":0,"2422":1,"2423":0,"2424":0,"2425":0,"2426":0,"2427":0,"2428":1,"2429":0,"2430":0,"2431":0,"2432":0,"2433":1,"2434":0,"2435":0,"2436":0,"2437":0,"2438":1,"2439":0,"2440":0,"2441":0,"2442":0,"2443":0,"2444":0,"2445":0,"2446":0,"2447":0,"2448":1,"2449":0,"2450":0,"2451":0,"2452":0,"2453":0,"2454":1,"2455":0,"2456":0,"2457":0,"2458":1,"2459":0,"2460":0,"2461":1,"2462":0,"2463":0,"2464":1,"2465":0,"2466":0,"2467":0,"2468":0,"2469":1,"2470":0,"2471":0,"2472":0,"2473":0,"2474":0,"2475":1,"2476":0,"2477":0,"2478":0,"2479":0,"2480":1,"2481":0,"2482":1,"2483":0,"2484":0,"2485":0,"2486":0,"2487":0,"2488":0,"2489":0,"2490":0,"2491":0,"2492":0,"2493":0,"2494":0,"2495":0,"2496":0,"2497":0,"2498":0,"2499":1,"2500":0,"2501":1,"2502":0,"2503":1,"2504":0,"2505":1,"2506":1,"2507":0,"2508":1,"2509":0,"2510":0,"2511":0,"2512":0,"2513":0,"2514":0,"2515":1,"2516":1,"2517":1,"2518":1,"2519":0,"2520":0,"2521":0,"2522":0,"2523":0,"2524":0,"2525":0,"2526":0,"2527":0,"2528":0,"2529":1,"2530":0,"2531":1,"2532":0,"2533":0,"2534":0,"2535":0,"2536":0,"2537":0,"2538":0,"2539":1,"2540":0,"2541":0,"2542":1,"2543":0,"2544":0,"2545":1,"2546":0,"2547":1,"2548":0,"2549":0,"2550":0,"2551":0,"2552":1,"2553":0,"2554":0,"2555":0,"2556":0,"2557":0,"2558":0,"2559":0,"2560":0,"2561":1,"2562":0,"2563":0,"2564":0,"2565":0,"2566":0,"2567":0,"2568":0,"2569":1,"2570":0,"2571":1,"2572":0,"2573":1,"2574":0,"2575":0,"2576":0,"2577":0,"2578":1,"2579":0,"2580":1,"2581":0,"2582":0,"2583":1,"2584":0,"2585":1,"2586":0,"2587":0,"2588":1,"2589":0,"2590":1,"2591":0,"2592":1,"2593":1,"2594":0,"2595":1,"2596":1,"2597":0,"2598":1,"2599":1,"2600":1,"2601":5,"2602":1,"2603":0,"2604":1,"2605":0,"2606":1,"2607":1,"2608":1,"2609":0,"2610":1,"2611":0,"2612":0,"2613":0,"2614":0,"2615":0,"2616":0,"2617":0,"2618":0,"2619":0,"2620":0,"2621":0,"2622":0,"2623":0,"2624":1,"2625":0,"2626":1,"2627":0,"2628":0,"2629":0,"2630":1,"2631":0,"2632":0,"2633":0,"2634":0,"2635":1,"2636":0,"2637":1,"2638":318,"2639":0,"2640":318,"2641":318,"2642":1,"2643":0,"2644":1,"2645":5,"2646":1,"2647":330,"2648":330,"2649":1,"2650":1,"2651":1,"2652":1,"2653":0,"2654":1,"2655":0,"2656":0,"2657":1,"2658":0,"2659":1,"2660":0,"2661":0,"2662":0,"2663":1,"2664":0,"2665":1,"2666":0,"2667":1,"2668":0,"2669":1,"2670":0,"2671":0,"2672":0,"2673":0,"2674":0,"2675":0,"2676":0,"2677":1,"2678":1,"2679":0,"2680":1,"2681":1,"2682":0,"2683":1,"2684":0,"2685":1,"2686":1,"2687":0,"2688":1,"2689":0,"2690":1,"2691":0,"2692":1,"2693":1,"2694":0,"2695":1,"2696":0,"2697":0,"2698":0,"2699":0,"2700":0,"2701":0,"2702":0,"2703":0,"2704":1,"2705":0,"2706":0,"2707":0,"2708":0,"2709":0,"2710":0,"2711":0,"2712":1,"2713":0,"2714":0,"2715":1,"2716":0,"2717":1,"2718":0,"2719":0,"2720":0,"2721":0,"2722":0,"2723":0,"2724":0,"2725":0,"2726":0,"2727":0,"2728":0,"2729":0,"2730":1,"2731":0,"2732":1,"2733":0,"2734":1,"2735":0,"2736":1,"2737":0,"2738":0,"2739":0,"2740":0,"2741":0,"2742":0,"2743":1,"2744":0,"2745":1,"2746":0,"2747":1,"2748":0,"2749":1,"2750":1,"2751":0,"2752":0,"2753":1,"2754":0,"2755":0,"2756":1,"2757":0,"2758":0,"2759":1,"2760":0,"2761":1,"2762":0,"2763":1,"2764":0,"2765":1,"2766":0,"2767":1,"2768":0,"2769":1,"2770":0,"2771":1,"2772":0,"2773":1,"2774":0,"2775":1,"2776":0,"2777":0,"2778":1,"2779":0,"2780":1,"2781":0,"2782":1,"2783":0,"2784":1,"2785":0,"2786":0,"2787":0,"2788":1,"2789":1,"2790":5,"2791":1,"2792":0,"2793":1,"2794":0,"2795":0,"2796":0,"2797":0,"2798":0,"2799":1,"2800":0,"2801":0,"2802":0,"2803":0,"2804":0,"2805":1,"2806":0,"2807":1,"2808":0,"2809":1,"2810":0,"2811":0,"2812":0,"2813":0,"2814":0,"2815":0,"2816":0,"2817":0,"2818":0,"2819":0,"2820":0,"2821":0,"2822":0,"2823":0,"2824":0,"2825":1,"2826":0,"2827":1,"2828":0,"2829":1,"2830":0,"2831":0,"2832":0,"2833":0,"2834":0,"2835":0,"2836":0,"2837":1,"2838":0,"2839":0,"2840":0,"2841":0,"2842":0,"2843":0,"2844":0,"2845":0,"2846":0,"2847":0,"2848":0,"2849":0,"2850":1,"2851":0,"2852":1,"2853":0,"2854":0,"2855":1,"2856":1,"2857":1,"2858":0,"2859":0,"2860":0,"2861":0,"2862":0,"2863":0,"2864":0,"2865":0,"2866":0,"2867":0,"2868":0,"2869":0,"2870":1,"2871":0,"2872":1,"2873":0,"2874":1,"2875":0,"2876":0,"2877":1,"2878":0,"2879":1,"2880":0,"2881":1,"2882":0,"2883":0,"2884":0,"2885":0,"2886":0,"2887":0,"2888":0,"2889":0,"2890":0,"2891":0,"2892":1,"2893":0,"2894":0,"2895":0,"2896":0,"2897":0,"2898":0,"2899":0,"2900":1,"2901":0,"2902":0,"2903":0,"2904":0,"2905":0,"2906":0,"2907":0,"2908":0,"2909":0,"2910":0,"2911":0,"2912":0,"2913":0,"2914":0,"2915":0,"2916":0,"2917":0,"2918":0,"2919":0,"2920":0,"2921":0,"2922":0,"2923":0,"2924":0,"2925":0,"2926":1,"2927":0,"2928":0,"2929":1,"2930":0,"2931":1,"2932":0,"2933":0,"2934":1,"2935":0,"2936":0,"2937":0,"2938":0,"2939":0,"2940":0,"2941":0,"2942":1,"2943":0,"2944":0,"2945":1,"2946":0,"2947":0,"2948":1,"2949":0,"2950":1,"2951":0,"2952":1,"2953":1,"2954":0,"2955":0,"2956":0,"2957":0,"2958":0,"2959":0,"2960":0,"2961":1,"2962":0,"2963":0,"2964":0,"2965":0,"2966":1,"2967":0,"2968":0,"2969":0,"2970":0,"2971":1,"2972":0,"2973":0,"2974":0,"2975":0,"2976":0,"2977":1,"2978":0,"2979":0,"2980":0,"2981":0,"2982":1,"2983":0,"2984":0,"2985":1,"2986":0,"2987":1,"2988":0,"2989":0,"2990":0,"2991":0,"2992":0,"2993":0,"2994":0,"2995":0,"2996":0,"2997":0,"2998":0,"2999":1,"3000":0,"3001":1,"3002":0,"3003":0,"3004":0,"3005":0,"3006":1,"3007":0,"3008":0,"3009":0,"3010":0,"3011":0,"3012":0,"3013":0,"3014":0,"3015":0,"3016":0,"3017":0,"3018":0,"3019":0,"3020":0,"3021":0,"3022":0,"3023":0,"3024":0,"3025":0,"3026":0,"3027":0,"3028":0,"3029":0,"3030":0,"3031":0,"3032":0,"3033":0,"3034":0,"3035":0,"3036":0,"3037":0,"3038":0,"3039":0,"3040":0,"3041":1,"3042":0,"3043":1,"3044":0,"3045":1,"3046":0,"3047":0,"3048":0,"3049":0,"3050":0,"3051":0,"3052":0,"3053":1,"3054":0,"3055":0,"3056":0,"3057":0,"3058":0,"3059":0,"3060":0,"3061":1,"3062":0,"3063":0,"3064":0,"3065":0,"3066":0,"3067":0,"3068":0,"3069":1,"3070":0,"3071":0,"3072":0,"3073":0,"3074":0,"3075":0,"3076":0,"3077":0,"3078":0,"3079":0,"3080":0,"3081":0,"3082":0,"3083":0,"3084":0,"3085":0,"3086":0,"3087":0,"3088":0,"3089":0,"3090":0,"3091":0,"3092":0,"3093":0,"3094":0,"3095":0,"3096":0,"3097":0,"3098":0,"3099":0,"3100":0,"3101":0,"3102":0,"3103":0,"3104":1,"3105":0,"3106":0,"3107":1,"3108":0,"3109":1,"3110":1,"3111":0,"3112":0,"3113":0,"3114":0,"3115":0,"3116":1,"3117":0,"3118":0,"3119":0,"3120":1,"3121":0,"3122":0,"3123":0,"3124":0,"3125":1,"3126":0,"3127":0,"3128":0,"3129":0,"3130":0,"3131":0,"3132":0,"3133":0,"3134":0,"3135":0,"3136":0,"3137":1,"3138":0,"3139":1,"3140":51,"3141":0,"3142":1,"3143":0,"3144":1,"3145":1,"3146":1,"3147":0,"3148":1,"3149":0,"3150":1,"3151":0,"3152":1,"3153":0,"3154":1,"3155":0,"3156":0,"3157":1,"3158":0,"3159":0,"3160":1,"3161":2,"3162":2,"3163":0,"3164":0,"3165":0,"3166":0,"3167":2,"3168":2,"3169":305,"3170":305,"3171":305,"3172":305,"3173":0,"3174":0,"3175":0,"3176":0,"3177":0,"3178":0,"3179":0,"3180":2,"3181":1,"3182":0,"3183":0,"3184":0,"3185":1,"3186":1,"3187":0,"3188":0,"3189":0,"3190":1,"3191":1,"3192":1,"3193":1,"3194":0,"3195":1,"3196":0,"3197":0,"3198":1,"3199":1,"3200":1,"3201":0,"3202":1,"3203":0,"3204":1,"3205":0,"3206":1,"3207":0,"3208":1,"3209":0,"3210":1,"3211":0,"3212":0,"3213":0,"3214":0,"3215":0,"3216":0,"3217":0,"3218":0,"3219":0,"3220":0,"3221":1,"3222":0,"3223":0,"3224":0,"3225":1,"3226":0,"3227":0,"3228":1,"3229":0,"3230":1,"3231":1,"3232":0,"3233":1,"3234":1,"3235":0,"3236":1,"3237":0,"3238":1,"3239":0,"3240":1,"3241":0,"3242":1,"3243":0,"3244":1,"3245":0,"3246":1,"3247":0,"3248":1,"3249":1,"3250":0,"3251":1,"3252":0,"3253":1,"3254":0,"3255":1,"3256":1,"3257":1,"3258":1,"3259":1,"3260":1,"3261":1,"3262":1,"3263":1,"3264":1,"3265":1,"3266":1,"3267":1,"3268":1,"3269":1,"3270":1,"3271":1,"3272":1,"3273":1,"3274":1,"3275":1,"3276":1,"3277":1,"3278":1,"3279":1,"3280":1,"3281":1,"3282":1,"3283":1,"3284":1,"3285":1,"3286":1,"3287":1,"3288":1,"3289":1,"3290":1,"3291":1,"3292":1,"3293":1,"3294":1,"3295":1,"3296":1,"3297":1,"3298":1,"3299":1,"3300":1,"3301":1,"3302":1,"3303":1,"3304":1,"3305":1,"3306":1,"3307":1,"3308":1,"3309":1,"3310":1,"3311":1,"3312":1,"3313":1,"3314":1,"3315":1,"3316":1,"3317":1,"3318":1,"3319":1,"3320":1,"3321":1,"3322":1,"3323":1,"3324":1,"3325":1,"3326":1,"3327":1,"3328":1,"3329":1,"3330":1,"3331":1,"3332":1,"3333":1,"3334":1,"3335":1,"3336":1,"3337":1,"3338":1,"3339":1,"3340":1,"3341":1,"3342":1,"3343":1,"3344":1,"3345":1,"3346":1,"3347":1,"3348":1,"3349":1,"3350":1,"3351":1,"3352":1,"3353":1,"3354":1,"3355":1,"3356":1,"3357":1,"3358":1,"3359":1,"3360":1,"3361":1,"3362":1,"3363":1,"3364":1,"3365":1,"3366":1,"3367":1,"3368":1,"3369":1,"3370":1,"3371":1,"3372":1,"3373":1,"3374":1,"3375":1,"3376":1,"3377":1,"3378":1,"3379":1,"3380":1,"3381":1,"3382":1,"3383":1,"3384":1,"3385":1,"3386":1,"3387":1,"3388":1,"3389":1,"3390":1,"3391":1,"3392":1,"3393":1,"3394":1,"3395":1,"3396":1,"3397":1,"3398":1,"3399":1,"3400":1,"3401":1,"3402":1,"3403":1,"3404":1,"3405":1,"3406":1,"3407":1,"3408":1,"3409":1,"3410":1,"3411":1,"3412":1,"3413":1,"3414":1,"3415":1,"3416":1,"3417":1,"3418":1,"3419":1,"3420":1,"3421":1,"3422":1,"3423":1,"3424":1,"3425":1,"3426":1,"3427":1,"3428":1,"3429":1,"3430":1,"3431":1,"3432":1,"3433":1,"3434":1,"3435":1,"3436":1,"3437":1,"3438":1,"3439":1,"3440":1,"3441":1,"3442":1,"3443":1,"3444":1,"3445":1,"3446":1,"3447":1,"3448":1,"3449":1,"3450":1,"3451":1,"3452":1,"3453":1,"3454":1,"3455":1,"3456":1,"3457":1,"3458":1,"3459":1,"3460":1,"3461":1,"3462":1,"3463":1,"3464":1,"3465":1,"3466":1,"3467":1,"3468":1,"3469":1,"3470":1,"3471":1,"3472":1,"3473":1,"3474":1,"3475":1,"3476":1,"3477":1,"3478":1,"3479":1,"3480":1,"3481":1,"3482":1,"3483":1,"3484":1,"3485":1,"3486":1,"3487":1,"3488":1,"3489":1,"3490":1,"3491":1,"3492":1,"3493":1,"3494":1,"3495":1,"3496":1,"3497":1,"3498":1,"3499":1,"3500":1,"3501":1,"3502":1,"3503":1,"3504":1,"3505":1,"3506":1,"3507":1,"3508":1,"3509":1,"3510":1,"3511":1,"3512":1,"3513":1,"3514":1,"3515":1,"3516":1,"3517":1,"3518":1,"3519":1,"3520":1,"3521":1,"3522":1,"3523":1,"3524":1,"3525":1,"3526":1,"3527":1,"3528":1,"3529":1,"3530":1,"3531":1,"3532":1,"3533":1,"3534":1,"3535":1,"3536":1,"3537":1,"3538":1,"3539":1,"3540":1,"3541":1,"3542":1,"3543":1,"3544":1,"3545":1,"3546":1,"3547":1,"3548":1,"3549":1,"3550":1,"3551":1,"3552":1,"3553":1,"3554":1,"3555":1,"3556":1,"3557":1,"3558":1,"3559":1,"3560":1,"3561":1,"3562":1,"3563":1,"3564":306,"3565":153,"3566":1,"3567":1,"3568":1,"3569":6,"3570":1,"3571":2,"3572":0,"3573":0,"3574":0,"3575":0,"3576":0,"3577":0,"3578":2,"3579":0,"3580":1,"3581":3,"3582":3,"3583":0,"3584":0,"3585":0,"3586":0,"3587":1,"3588":2,"3589":2,"3590":0,"3591":1,"3592":2,"3593":2,"3594":0,"3595":1,"3596":0,"3597":1,"3598":0,"3599":1,"3600":0,"3601":1,"3602":0,"3603":0,"3604":0,"3605":0,"3606":1,"3607":0,"3608":1,"3609":0,"3610":0,"3611":0,"3612":0,"3613":0,"3614":0,"3615":0,"3616":0,"3617":0,"3618":0,"3619":0,"3620":0,"3621":1,"3622":0,"3623":1,"3624":0,"3625":1,"3626":19,"3627":19,"3628":0,"3629":19,"3630":0,"3631":0,"3632":0,"3633":0,"3634":0,"3635":0,"3636":0,"3637":0,"3638":0,"3639":0,"3640":0,"3641":0,"3642":0,"3643":0,"3644":0,"3645":0,"3646":1,"3647":6,"3648":6,"3649":0,"3650":0,"3651":0,"3652":0,"3653":0,"3654":0,"3655":1,"3656":19,"3657":19,"3658":19,"3659":19,"3660":1,"3661":1,"3662":1,"3663":1,"3664":1,"3665":1,"3666":1,"3667":1,"3668":1,"3669":1,"3670":1,"3671":1,"3672":1,"3673":1,"3674":1,"3675":1,"3676":1,"3677":0,"3678":0,"3679":0,"3680":1,"3681":1,"3682":1,"3683":0},"b":{"1":[1,1,1,1],"2":[1,0,0,0],"3":[1,0,0],"4":[1,1,1,1],"5":[1,1,1,1,1],"6":[1,1],"7":[1,1],"8":[1,1,1],"9":[1,1],"10":[1,1],"11":[1,1],"12":[1,1],"13":[1,1],"14":[1,1],"15":[0,0,0,0],"16":[0,0],"17":[0,8],"18":[0,326],"19":[0,0],"20":[0,0],"21":[0,0],"22":[0,0],"23":[0,2],"24":[305,2],"25":[0,0],"26":[0,0],"27":[0,0],"28":[0,0],"29":[0,0],"30":[0,0],"31":[0,0],"32":[0,0],"33":[0,0],"34":[0,0],"35":[0,0],"36":[0,0],"37":[0,0],"38":[0,0],"39":[0,0],"40":[0,0],"41":[0,0],"42":[0,0],"43":[0,0],"44":[0,0],"45":[0,0],"46":[0,0],"47":[0,0],"48":[0,0],"49":[0,0],"50":[0,0],"51":[0,0],"52":[0,0],"53":[0,0],"54":[0,0],"55":[0,7],"56":[0,0],"57":[0,0],"58":[0,0],"59":[0,0],"60":[0,0],"61":[0,0],"62":[0,0],"63":[0,0],"64":[1,0],"65":[1,0,0,1],"66":[0,1],"67":[1,0],"68":[1,0],"69":[1,0],"70":[1,0],"71":[1,0],"72":[1,0],"73":[1,1,0],"74":[1,0],"75":[1,0],"76":[1,1],"77":[1,0],"78":[1,0],"79":[1,0],"80":[0,0],"81":[0,0,0],"82":[0,0],"83":[0,0],"84":[0,2],"85":[2,0],"86":[0,0],"87":[0,0],"88":[0,0],"89":[0,0],"90":[0,0,0,0],"91":[0,0],"92":[0,0],"93":[0,0],"94":[0,0],"95":[2,0],"96":[2,0],"97":[0,0],"98":[0,0],"99":[0,0],"100":[0,0],"101":[0,0],"102":[0,0],"103":[0,0],"104":[0,0],"105":[0,0],"106":[0,0],"107":[0,0],"108":[0,0],"109":[0,0],"110":[0,0],"111":[1,0],"112":[1,0],"113":[0,0],"114":[0,0],"115":[0,0],"116":[0,0],"117":[0,0],"118":[0,0],"119":[0,0],"120":[0,0,0],"121":[0,0,0,0],"122":[0,0,0,0],"123":[0,0],"124":[0,0],"125":[0,0,0],"126":[0,0,0,0,0,0,0,0,0,0],"127":[0,0],"128":[0,0],"129":[0,0,0,0],"130":[0,0],"131":[0,0,0],"132":[0,0],"133":[0,0],"134":[0,0],"135":[0,0],"136":[0,0],"137":[0,0],"138":[0,0],"139":[0,0],"140":[0,0],"141":[0,0],"142":[0,0],"143":[0,0],"144":[0,0],"145":[0,0],"146":[0,0],"147":[0,0],"148":[0,0],"149":[0,0],"150":[0,0],"151":[0,0],"152":[0,0],"153":[0,0,0,0],"154":[0,0],"155":[0,0],"156":[0,0],"157":[0,0],"158":[0,0],"159":[0,0],"160":[0,0],"161":[0,0],"162":[0,0],"163":[0,0],"164":[0,0],"165":[0,0],"166":[0,0],"167":[0,0],"168":[0,0],"169":[0,0],"170":[0,0,0],"171":[0,0],"172":[0,0],"173":[0,0],"174":[0,0],"175":[0,0],"176":[0,0],"177":[0,0],"178":[0,0],"179":[0,0],"180":[0,0],"181":[0,0],"182":[0,0],"183":[0,0],"184":[0,0],"185":[0,0],"186":[0,0],"187":[0,0],"188":[0,0],"189":[0,0],"190":[0,0],"191":[0,0],"192":[0,0],"193":[0,0],"194":[0,0],"195":[0,0],"196":[0,0],"197":[0,0],"198":[0,0],"199":[0,0],"200":[3,3],"201":[0,0],"202":[0,0],"203":[0,0],"204":[0,0],"205":[0,0],"206":[0,324],"207":[0,0],"208":[5,319],"209":[324,324],"210":[0,0],"211":[0,0],"212":[0,0],"213":[0,0],"214":[0,0],"215":[0,0],"216":[0,0],"217":[0,0,0,0],"218":[0,0],"219":[0,0],"220":[0,0],"221":[0,0],"222":[0,0],"223":[0,0],"224":[0,0],"225":[0,0],"226":[0,0],"227":[0,0],"228":[0,0],"229":[0,0],"230":[1,1],"231":[0,0],"232":[0,0],"233":[0,0],"234":[0,0],"235":[0,0,0,0],"236":[0,0],"237":[0,0],"238":[0,0],"239":[0,0],"240":[0,0],"241":[0,0],"242":[0,0],"243":[0,0],"244":[0,0],"245":[0,0],"246":[0,0],"247":[0,0],"248":[0,0],"249":[0,0],"250":[0,0],"251":[0,0],"252":[0,0],"253":[0,0],"254":[0,0],"255":[0,0],"256":[0,0],"257":[0,0],"258":[0,0],"259":[0,0],"260":[0,0],"261":[0,0],"262":[0,0],"263":[0,0],"264":[0,0],"265":[0,0],"266":[0,0],"267":[0,0],"268":[0,0],"269":[0,0],"270":[0,0],"271":[0,7],"272":[7,7],"273":[7,0],"274":[0,0],"275":[0,0],"276":[0,0,0],"277":[0,0],"278":[0,0],"279":[0,0],"280":[0,0],"281":[3,2],"282":[38,580],"283":[618,40],"284":[0,0],"285":[0,0],"286":[0,0,0],"287":[0,0],"288":[0,0],"289":[0,0],"290":[0,0],"291":[0,0],"292":[0,0],"293":[0,0],"294":[0,0],"295":[0,0],"296":[0,0],"297":[0,0],"298":[0,0],"299":[0,0],"300":[0,0],"301":[0,0],"302":[0,0],"303":[0,0],"304":[0,0,0],"305":[0,0],"306":[0,0,0],"307":[0,0],"308":[0,0],"309":[0,0],"310":[0,0],"311":[0,0],"312":[0,0],"313":[0,0],"314":[0,0],"315":[0,0,0],"316":[0,0],"317":[0,0],"318":[0,0],"319":[0,0],"320":[0,0],"321":[0,0],"322":[0,0],"323":[0,0],"324":[0,0],"325":[0,0],"326":[0,0],"327":[0,0],"328":[0,0],"329":[0,0],"330":[0,0],"331":[0,0],"332":[0,0],"333":[0,0],"334":[0,0,0],"335":[0,0],"336":[0,0],"337":[0,0],"338":[0,0],"339":[0,0],"340":[0,0],"341":[0,0],"342":[0,0],"343":[0,0],"344":[0,1],"345":[0,1],"346":[0,0],"347":[0,0],"348":[0,0],"349":[0,0],"350":[0,0],"351":[0,0],"352":[0,0],"353":[0,0,0],"354":[0,0],"355":[0,0,0],"356":[0,0],"357":[0,0],"358":[0,0],"359":[0,0],"360":[0,0],"361":[0,0,0],"362":[0,0],"363":[0,0,0,0],"364":[0,0],"365":[0,0,0,0,0],"366":[0,0],"367":[0,0],"368":[0,0],"369":[0,0],"370":[0,0],"371":[0,0],"372":[0,0],"373":[0,0],"374":[0,0],"375":[0,0],"376":[0,0],"377":[0,0],"378":[0,0],"379":[0,0],"380":[0,0],"381":[0,0],"382":[0,0],"383":[0,0],"384":[0,0],"385":[0,0],"386":[0,0],"387":[0,0],"388":[0,0],"389":[0,0],"390":[0,0],"391":[0,0],"392":[0,0],"393":[0,0],"394":[0,0],"395":[0,0],"396":[0,0],"397":[0,0],"398":[0,0],"399":[0,0],"400":[0,0],"401":[0,0],"402":[0,0],"403":[0,0],"404":[0,0],"405":[0,0],"406":[0,0],"407":[0,0],"408":[0,0],"409":[0,0],"410":[0,0],"411":[0,0],"412":[0,0],"413":[0,0],"414":[0,0],"415":[0,0],"416":[0,0],"417":[0,0],"418":[1,1],"419":[0,0],"420":[0,0],"421":[0,0],"422":[0,0],"423":[0,0],"424":[0,0],"425":[0,0],"426":[0,0],"427":[0,0],"428":[0,0,0,0,0,0,0,0,0,0,0,0,0,0,0],"429":[0,0],"430":[0,0,0,0,0,0,0,0,0,0,0,0,0,0,0],"431":[0,0],"432":[0,0],"433":[0,0],"434":[0,0],"435":[0,0],"436":[0,0],"437":[0,0],"438":[0,0],"439":[0,0],"440":[0,0],"441":[0,0],"442":[0,0],"443":[0,0],"444":[0,0],"445":[0,0],"446":[0,0],"447":[0,0],"448":[0,0],"449":[0,0],"450":[0,0],"451":[0,0],"452":[0,0],"453":[0,0],"454":[0,0],"455":[0,0],"456":[0,0],"457":[0,0],"458":[0,344],"459":[0,344],"460":[0,0],"461":[0,0,0],"462":[0,0],"463":[0,0],"464":[0,0],"465":[0,0],"466":[0,0,0,0,0,0,0,0],"467":[0,0],"468":[0,0],"469":[0,0,0],"470":[0,0],"471":[0,0],"472":[0,0,0],"473":[0,0],"474":[0,0],"475":[0,0],"476":[0,0],"477":[0,0],"478":[0,0],"479":[0,0,0],"480":[0,0],"481":[0,0],"482":[0,0],"483":[0,0,0,0,0],"484":[0,0],"485":[0,0],"486":[0,0],"487":[0,0,0],"488":[0,0],"489":[1,0],"490":[0,0],"491":[0,0],"492":[0,0],"493":[0,0],"494":[0,0],"495":[0,0],"496":[0,0],"497":[0,0],"498":[0,0],"499":[0,0],"500":[0,0],"501":[0,0],"502":[0,0],"503":[0,0,0],"504":[0,0],"505":[0,0],"506":[0,0],"507":[0,0],"508":[0,0],"509":[0,0],"510":[0,0],"511":[0,0],"512":[0,0],"513":[0,0],"514":[0,0],"515":[0,0],"516":[0,0],"517":[0,0,0],"518":[0,0],"519":[0,0],"520":[0,0,0],"521":[0,0],"522":[0,0],"523":[0,0],"524":[0,0],"525":[0,0],"526":[0,0],"527":[0,0],"528":[0,0],"529":[0,0],"530":[0,0],"531":[0,0],"532":[0,0],"533":[0,0],"534":[0,0],"535":[0,0],"536":[0,1],"537":[1,1],"538":[0,0],"539":[0,0],"540":[0,0],"541":[0,0],"542":[0,0],"543":[0,0],"544":[0,0],"545":[0,0],"546":[0,0],"547":[0,0],"548":[0,0],"549":[0,0],"550":[0,0],"551":[0,0],"552":[0,0],"553":[0,0],"554":[0,0],"555":[0,0],"556":[0,0],"557":[0,0],"558":[0,0],"559":[0,0,0],"560":[0,0],"561":[0,0],"562":[0,0,0],"563":[0,0],"564":[0,0],"565":[0,0],"566":[0,0],"567":[0,0],"568":[0,0],"569":[0,0],"570":[0,0],"571":[0,0],"572":[0,0],"573":[0,0],"574":[0,0],"575":[0,0],"576":[0,0],"577":[0,0],"578":[0,0],"579":[0,0,0],"580":[0,0],"581":[0,0],"582":[0,0,0,0,0,0,0,0,0,0,0],"583":[0,0],"584":[0,0],"585":[0,0],"586":[0,0],"587":[0,0],"588":[0,0],"589":[0,0],"590":[0,0],"591":[0,0],"592":[0,0],"593":[0,0],"594":[0,0],"595":[0,0],"596":[0,0],"597":[0,0],"598":[0,0],"599":[0,0],"600":[0,0],"601":[0,0],"602":[0,0],"603":[0,0],"604":[0,0],"605":[0,0],"606":[0,0],"607":[0,0],"608":[0,0,0,0],"609":[0,0,0,0],"610":[0,1],"611":[0,0],"612":[0,0],"613":[0,0],"614":[0,0],"615":[0,0],"616":[0,0],"617":[0,0],"618":[0,0],"619":[0,0],"620":[7,0],"621":[5,0],"622":[0,5],"623":[0,1],"624":[0,0],"625":[0,1],"626":[0,1],"627":[1,1,1,1,1,1,1,1,1,1],"628":[0,0],"629":[0,0],"630":[0,0],"631":[0,0,0,0,0],"632":[0,0,0,0],"633":[0,0],"634":[0,0],"635":[0,0],"636":[0,0],"637":[0,0],"638":[0,0],"639":[0,0,0,0,0],"640":[0,0],"641":[0,0,0],"642":[0,0],"643":[0,0],"644":[0,0,0,0,0,0,0,0,0,0,0,0,0,0,0,0,0,0,0],"645":[0,0],"646":[0,0],"647":[0,0],"648":[0,0,0],"649":[0,0,0],"650":[0,0],"651":[0,0,0,0,0,0],"652":[0,0],"653":[0,0],"654":[0,0],"655":[0,0],"656":[0,0],"657":[0,0],"658":[0,0],"659":[0,0,0,0,0],"660":[0,0,0,0],"661":[0,0],"662":[0,0,0,0],"663":[0,0],"664":[0,0],"665":[0,0],"666":[0,0],"667":[7,0],"668":[0,1],"669":[5,5],"670":[5,5,0],"671":[0,0],"672":[0,0],"673":[0,0,0],"674":[0,0],"675":[0,0,0,0,0,0,0,0],"676":[0,0],"677":[0,0],"678":[0,0],"679":[0,0],"680":[0,0],"681":[0,0],"682":[0,0],"683":[0,0],"684":[0,0],"685":[0,0],"686":[0,0],"687":[0,0],"688":[0,0],"689":[0,0],"690":[0,0],"691":[50,0],"692":[0,0],"693":[0,0],"694":[1,1],"695":[49,1],"696":[0,49],"697":[0,0],"698":[0,0],"699":[0,0],"700":[0,0],"701":[0,0],"702":[0,0],"703":[0,0],"704":[0,0],"705":[12,0],"706":[0,0],"707":[0,0],"708":[0,0],"709":[0,0],"710":[0,0],"711":[0,0],"712":[0,0],"713":[0,0],"714":[0,0],"715":[0,0],"716":[0,0],"717":[0,0],"718":[0,0],"719":[0,0],"720":[0,0],"721":[0,0],"722":[0,0],"723":[0,0],"724":[0,0],"725":[0,0],"726":[0,0],"727":[0,0],"728":[0,0],"729":[0,0],"730":[0,0],"731":[0,0],"732":[0,0],"733":[0,0],"734":[0,0],"735":[0,0],"736":[0,0],"737":[0,0],"738":[0,0],"739":[0,0],"740":[0,0,0],"741":[0,0],"742":[0,0],"743":[0,0],"744":[0,0],"745":[0,0],"746":[0,0],"747":[0,0],"748":[0,0],"749":[0,0],"750":[0,0],"751":[0,0],"752":[0,0],"753":[0,0],"754":[0,0],"755":[0,0],"756":[0,0],"757":[0,0],"758":[0,0],"759":[0,0],"760":[0,0],"761":[0,0],"762":[0,0],"763":[0,0],"764":[0,0],"765":[0,0],"766":[0,0],"767":[0,0],"768":[0,0],"769":[0,0],"770":[0,0],"771":[0,0],"772":[0,0],"773":[0,0],"774":[0,0],"775":[0,0],"776":[0,0],"777":[0,0],"778":[0,0],"779":[0,0],"780":[0,0],"781":[0,0],"782":[0,0],"783":[0,0],"784":[0,0],"785":[0,0,0,0],"786":[0,0],"787":[0,0,0,0],"788":[0,0],"789":[0,0,0,0],"790":[0,0],"791":[0,0],"792":[0,0],"793":[0,0],"794":[0,0],"795":[0,0],"796":[0,0],"797":[0,0],"798":[0,0],"799":[0,0,0],"800":[0,0],"801":[0,0],"802":[0,0],"803":[0,0],"804":[0,0],"805":[0,0],"806":[0,0],"807":[0,0],"808":[0,0],"809":[0,0],"810":[0,0],"811":[0,0],"812":[0,0],"813":[0,0],"814":[0,0],"815":[0,0],"816":[0,0],"817":[0,0],"818":[0,0],"819":[0,0],"820":[0,0],"821":[0,0],"822":[0,0],"823":[0,0],"824":[0,0],"825":[0,0],"826":[0,0],"827":[0,0],"828":[0,0],"829":[0,0],"830":[0,0],"831":[0,0],"832":[0,0],"833":[0,0],"834":[0,0],"835":[0,0],"836":[0,0],"837":[0,0],"838":[0,0],"839":[0,0],"840":[0,0],"841":[0,0],"842":[0,0],"843":[0,0],"844":[0,0],"845":[0,0],"846":[0,0],"847":[0,0],"848":[0,0],"849":[0,0],"850":[0,0],"851":[0,0],"852":[0,0],"853":[0,0],"854":[0,0],"855":[0,0,0,0],"856":[0,0],"857":[0,0],"858":[0,0],"859":[0,0],"860":[0,0],"861":[0,0],"862":[0,0],"863":[0,0],"864":[0,0],"865":[0,0],"866":[0,0],"867":[0,0],"868":[0,0],"869":[0,0],"870":[0,0],"871":[0,0],"872":[0,0],"873":[0,0],"874":[0,0],"875":[0,0],"876":[0,0],"877":[0,0],"878":[0,0],"879":[0,0],"880":[0,0],"881":[0,0],"882":[0,0],"883":[0,0],"884":[0,0],"885":[0,0],"886":[0,0],"887":[0,0],"888":[0,0],"889":[0,0],"890":[0,0],"891":[0,0],"892":[0,0],"893":[0,0],"894":[0,0],"895":[0,0],"896":[0,0],"897":[0,0],"898":[0,0],"899":[0,0],"900":[0,0],"901":[0,0],"902":[0,0],"903":[0,0],"904":[0,0],"905":[0,0],"906":[0,0],"907":[0,0],"908":[0,0],"909":[0,0],"910":[0,0],"911":[1,1],"912":[0,0],"913":[0,0],"914":[0,0],"915":[0,0],"916":[0,0],"917":[0,0],"918":[0,0],"919":[0,0],"920":[0,0],"921":[0,0],"922":[0,0],"923":[0,0],"924":[0,0],"925":[0,0],"926":[0,0],"927":[0,0],"928":[0,0],"929":[0,0],"930":[0,0],"931":[0,0],"932":[0,0,0,0,0],"933":[0,0],"934":[0,0],"935":[0,0],"936":[0,0],"937":[0,0],"938":[0,0],"939":[0,0],"940":[0,0],"941":[0,0],"942":[0,0],"943":[0,1],"944":[1,1,1],"945":[0,0],"946":[0,0],"947":[0,0],"948":[1,1],"949":[0,0],"950":[0,0,0,0],"951":[0,0],"952":[0,0],"953":[0,0],"954":[0,0],"955":[0,0],"956":[0,0],"957":[0,0],"958":[0,0],"959":[0,0],"960":[0,0],"961":[0,0],"962":[0,0],"963":[0,0],"964":[0,0],"965":[0,0],"966":[0,0],"967":[0,0,0],"968":[1,0],"969":[0,0,0],"970":[1,0],"971":[5,5,2],"972":[0,0],"973":[0,0,0,0],"974":[1,0],"975":[1,0],"976":[0,0,0],"977":[0,0],"978":[0,0],"979":[0,0,0,0,0,0,0],"980":[0,0],"981":[0,0],"982":[0,0],"983":[0,0],"984":[0,0],"985":[0,0],"986":[0,0],"987":[0,0],"988":[0,0,0,0,0],"989":[0,0],"990":[0,318],"991":[318,2,2,2],"992":[0,0],"993":[5,2,2,2],"994":[330,329,324],"995":[1,1],"996":[1,0],"997":[0,0],"998":[0,0],"999":[0,0],"1000":[0,0],"1001":[0,0,0],"1002":[0,0],"1003":[0,0],"1004":[0,0],"1005":[0,0],"1006":[0,0,0],"1007":[1,0],"1008":[0,0,0],"1009":[1,0],"1010":[0,0,0,0],"1011":[0,0,0],"1012":[1,0],"1013":[0,0],"1014":[0,0],"1015":[0,0],"1016":[0,0],"1017":[0,0],"1018":[0,0],"1019":[0,0],"1020":[0,0],"1021":[0,0],"1022":[0,0],"1023":[0,0],"1024":[0,0],"1025":[0,0],"1026":[0,0],"1027":[0,0],"1028":[0,0],"1029":[0,0],"1030":[0,0],"1031":[0,0],"1032":[0,0],"1033":[0,0],"1034":[0,0],"1035":[0,0],"1036":[0,0],"1037":[0,0],"1038":[0,0],"1039":[0,0],"1040":[0,0],"1041":[0,0],"1042":[0,0],"1043":[0,0],"1044":[0,0],"1045":[0,0],"1046":[0,0],"1047":[0,0],"1048":[0,0],"1049":[0,0],"1050":[0,0],"1051":[0,0],"1052":[0,0],"1053":[0,0],"1054":[0,0],"1055":[0,0],"1056":[0,0],"1057":[0,0],"1058":[0,0],"1059":[0,0],"1060":[0,5],"1061":[0,0],"1062":[0,0],"1063":[0,0],"1064":[0,0],"1065":[0,0],"1066":[0,0],"1067":[0,0],"1068":[0,0],"1069":[0,0],"1070":[0,0],"1071":[0,0],"1072":[0,0],"1073":[0,0],"1074":[0,0,0],"1075":[0,0],"1076":[0,0],"1077":[0,0],"1078":[0,0],"1079":[0,0],"1080":[0,0],"1081":[0,0],"1082":[0,0],"1083":[0,0],"1084":[0,0],"1085":[0,0],"1086":[0,0],"1087":[0,0],"1088":[0,0],"1089":[0,0],"1090":[0,0],"1091":[0,0],"1092":[0,0],"1093":[0,0],"1094":[0,0],"1095":[0,0,0],"1096":[0,0],"1097":[0,0],"1098":[0,0],"1099":[0,0],"1100":[0,0],"1101":[0,0],"1102":[0,0],"1103":[0,0],"1104":[0,0,0],"1105":[0,0],"1106":[0,0],"1107":[0,0],"1108":[0,0],"1109":[0,0],"1110":[0,0],"1111":[0,0],"1112":[0,0],"1113":[0,0],"1114":[0,0],"1115":[0,0],"1116":[0,0],"1117":[0,0],"1118":[0,0],"1119":[0,0],"1120":[0,0],"1121":[0,0],"1122":[0,0],"1123":[0,0],"1124":[0,0],"1125":[0,0],"1126":[0,0],"1127":[0,0],"1128":[0,0],"1129":[0,0],"1130":[0,0],"1131":[0,0],"1132":[0,0],"1133":[0,0,0],"1134":[0,0],"1135":[0,0],"1136":[0,0],"1137":[0,0,0,0],"1138":[0,0],"1139":[0,0],"1140":[0,0],"1141":[0,0],"1142":[0,0],"1143":[0,0],"1144":[0,0],"1145":[0,0],"1146":[0,0],"1147":[0,0],"1148":[0,0],"1149":[0,0],"1150":[0,0],"1151":[0,0],"1152":[0,0],"1153":[0,0],"1154":[0,0],"1155":[0,0],"1156":[0,0],"1157":[0,0],"1158":[0,0],"1159":[0,0],"1160":[0,0],"1161":[0,0,0],"1162":[0,0],"1163":[0,0],"1164":[0,0],"1165":[0,0,0],"1166":[0,0],"1167":[0,0],"1168":[0,0],"1169":[0,0,0],"1170":[0,0],"1171":[0,0],"1172":[0,0],"1173":[0,0],"1174":[0,0],"1175":[0,0],"1176":[0,0],"1177":[0,0],"1178":[0,0],"1179":[0,0],"1180":[0,0],"1181":[0,0],"1182":[0,0],"1183":[0,0],"1184":[0,0],"1185":[0,0],"1186":[0,0],"1187":[0,0],"1188":[0,0],"1189":[0,0],"1190":[0,0],"1191":[0,0],"1192":[0,0],"1193":[0,0],"1194":[0,0],"1195":[0,0],"1196":[0,0],"1197":[0,0],"1198":[0,0],"1199":[0,0],"1200":[0,0],"1201":[0,0],"1202":[0,0],"1203":[0,2],"1204":[2,1],"1205":[1,1,0],"1206":[2,1],"1207":[2,1],"1208":[305,0],"1209":[0,0],"1210":[0,0],"1211":[0,0],"1212":[0,0],"1213":[0,0],"1214":[0,0],"1215":[0,0],"1216":[0,0],"1217":[0,0],"1218":[0,0],"1219":[0,0],"1220":[0,0],"1221":[0,0],"1222":[0,0],"1223":[0,0],"1224":[0,0],"1225":[0,0],"1226":[0,0],"1227":[0,0],"1228":[0,0],"1229":[0,0],"1230":[153,153],"1231":[0,0],"1232":[0,0],"1233":[0,0],"1234":[0,0],"1235":[0,0],"1236":[3,2],"1237":[0,0],"1238":[1,1],"1239":[1,1],"1240":[0,0],"1241":[0,0],"1242":[0,0],"1243":[0,0,0],"1244":[0,0],"1245":[0,0],"1246":[0,0],"1247":[0,0],"1248":[2,17],"1249":[1,1],"1250":[19,17],"1251":[0,19],"1252":[0,0],"1253":[0,0],"1254":[0,0],"1255":[0,0],"1256":[0,0],"1257":[0,0,0,0],"1258":[0,0],"1259":[0,0],"1260":[0,0],"1261":[0,0],"1262":[0,0],"1263":[0,0],"1264":[0,0],"1265":[0,0],"1266":[0,0],"1267":[3,3],"1268":[0,0],"1269":[0,0],"1270":[0,0],"1271":[0,0],"1272":[19,0],"1273":[19,17],"1274":[1,0],"1275":[0,1],"1276":[1,0,0],"1277":[1,0]},"f":{"1":1,"2":1,"3":0,"4":0,"5":0,"6":0,"7":8,"8":0,"9":0,"10":2,"11":0,"12":0,"13":0,"14":0,"15":0,"16":0,"17":0,"18":0,"19":0,"20":0,"21":0,"22":0,"23":0,"24":0,"25":0,"26":0,"27":1,"28":0,"29":3,"30":0,"31":0,"32":0,"33":0,"34":0,"35":0,"36":0,"37":0,"38":6,"39":0,"40":0,"41":0,"42":0,"43":0,"44":0,"45":0,"46":0,"47":7,"48":0,"49":0,"50":0,"51":0,"52":0,"53":2,"54":3,"55":0,"56":1,"57":2,"58":0,"59":0,"60":0,"61":0,"62":0,"63":0,"64":0,"65":0,"66":0,"67":1,"68":1,"69":1,"70":0,"71":1,"72":0,"73":2,"74":0,"75":0,"76":0,"77":0,"78":0,"79":0,"80":2,"81":2,"82":0,"83":0,"84":0,"85":0,"86":0,"87":0,"88":0,"89":0,"90":0,"91":0,"92":1,"93":1,"94":0,"95":0,"96":0,"97":0,"98":0,"99":0,"100":0,"101":0,"102":0,"103":0,"104":0,"105":0,"106":0,"107":0,"108":0,"109":0,"110":0,"111":0,"112":0,"113":0,"114":0,"115":0,"116":0,"117":0,"118":0,"119":0,"120":0,"121":0,"122":0,"123":0,"124":0,"125":0,"126":0,"127":0,"128":0,"129":0,"130":0,"131":0,"132":0,"133":0,"134":0,"135":0,"136":3,"137":0,"138":2,"139":307,"140":0,"141":0,"142":324,"143":0,"144":0,"145":0,"146":0,"147":0,"148":0,"149":0,"150":0,"151":1,"152":0,"153":0,"154":0,"155":0,"156":0,"157":0,"158":7,"159":0,"160":0,"161":0,"162":0,"163":5,"164":0,"165":0,"166":0,"167":0,"168":0,"169":0,"170":0,"171":0,"172":0,"173":0,"174":0,"175":0,"176":0,"177":0,"178":0,"179":0,"180":0,"181":0,"182":0,"183":0,"184":0,"185":0,"186":0,"187":0,"188":0,"189":0,"190":38,"191":0,"192":0,"193":0,"194":0,"195":50,"196":0,"197":0,"198":0,"199":0,"200":0,"201":0,"202":0,"203":0,"204":0,"205":0,"206":0,"207":0,"208":0,"209":0,"210":0,"211":0,"212":0,"213":0,"214":0,"215":0,"216":0,"217":0,"218":0,"219":0,"220":0,"221":0,"222":0,"223":0,"224":0,"225":0,"226":0,"227":0,"228":0,"229":0,"230":0,"231":0,"232":0,"233":0,"234":4,"235":0,"236":6,"237":0,"238":2,"239":0,"240":2,"241":3,"242":0,"243":0,"244":2,"245":0,"246":6,"247":0,"248":0,"249":0,"250":0,"251":0,"252":2,"253":0,"254":0,"255":2,"256":0,"257":0,"258":1,"259":0,"260":2,"261":0,"262":4,"263":0,"264":3,"265":0,"266":0,"267":0,"268":0,"269":0,"270":0,"271":2,"272":0,"273":4,"274":0,"275":0,"276":3,"277":0,"278":0,"279":2,"280":0,"281":0,"282":0,"283":0,"284":0,"285":0,"286":0,"287":0,"288":0,"289":12,"290":0,"291":0,"292":0,"293":0,"294":0,"295":0,"296":0,"297":0,"298":7,"299":5,"300":0,"301":0,"302":0,"303":0,"304":0,"305":0,"306":0,"307":0,"308":0,"309":0,"310":0,"311":0,"312":0,"313":0,"314":0,"315":0,"316":0,"317":7,"318":5,"319":0,"320":0,"321":0,"322":1,"323":0,"324":0,"325":0,"326":319,"327":50,"328":0,"329":0,"330":0,"331":0,"332":0,"333":2,"334":50,"335":0,"336":0,"337":0,"338":0,"339":12,"340":0,"341":0,"342":0,"343":0,"344":0,"345":0,"346":0,"347":0,"348":0,"349":0,"350":0,"351":0,"352":0,"353":0,"354":0,"355":0,"356":0,"357":0,"358":0,"359":0,"360":0,"361":0,"362":0,"363":0,"364":0,"365":0,"366":0,"367":0,"368":0,"369":0,"370":0,"371":0,"372":0,"373":0,"374":0,"375":0,"376":0,"377":0,"378":0,"379":0,"380":0,"381":0,"382":0,"383":0,"384":0,"385":0,"386":0,"387":0,"388":0,"389":0,"390":0,"391":0,"392":0,"393":0,"394":0,"395":0,"396":0,"397":0,"398":0,"399":0,"400":0,"401":0,"402":0,"403":0,"404":0,"405":0,"406":0,"407":0,"408":0,"409":0,"410":0,"411":0,"412":0,"413":0,"414":0,"415":0,"416":0,"417":0,"418":0,"419":0,"420":0,"421":0,"422":0,"423":0,"424":0,"425":0,"426":0,"427":0,"428":0,"429":0,"430":0,"431":0,"432":0,"433":0,"434":0,"435":0,"436":0,"437":0,"438":0,"439":0,"440":0,"441":0,"442":0,"443":0,"444":0,"445":0,"446":0,"447":0,"448":0,"449":0,"450":0,"451":0,"452":0,"453":0,"454":0,"455":0,"456":0,"457":0,"458":0,"459":0,"460":0,"461":0,"462":0,"463":0,"464":0,"465":0,"466":0,"467":0,"468":0,"469":0,"470":0,"471":1,"472":0,"473":0,"474":0,"475":0,"476":0,"477":0,"478":0,"479":0,"480":0,"481":0,"482":0,"483":0,"484":0,"485":0,"486":0,"487":0,"488":0,"489":0,"490":0,"491":0,"492":0,"493":0,"494":0,"495":1,"496":0,"497":5,"498":0,"499":0,"500":0,"501":0,"502":0,"503":0,"504":0,"505":0,"506":318,"507":0,"508":5,"509":330,"510":1,"511":0,"512":0,"513":0,"514":0,"515":0,"516":0,"517":0,"518":0,"519":0,"520":0,"521":0,"522":0,"523":0,"524":0,"525":0,"526":0,"527":0,"528":0,"529":0,"530":0,"531":0,"532":0,"533":0,"534":0,"535":0,"536":0,"537":0,"538":0,"539":0,"540":0,"541":0,"542":0,"543":0,"544":0,"545":0,"546":0,"547":0,"548":0,"549":0,"550":0,"551":0,"552":0,"553":0,"554":5,"555":0,"556":0,"557":0,"558":0,"559":0,"560":0,"561":0,"562":0,"563":0,"564":0,"565":0,"566":0,"567":0,"568":0,"569":0,"570":0,"571":0,"572":0,"573":0,"574":0,"575":0,"576":0,"577":0,"578":0,"579":0,"580":0,"581":0,"582":0,"583":0,"584":0,"585":0,"586":0,"587":0,"588":0,"589":0,"590":0,"591":0,"592":0,"593":0,"594":0,"595":0,"596":0,"597":0,"598":0,"599":0,"600":0,"601":0,"602":0,"603":0,"604":0,"605":0,"606":0,"607":0,"608":0,"609":0,"610":0,"611":0,"612":0,"613":0,"614":0,"615":0,"616":0,"617":0,"618":0,"619":51,"620":0,"621":0,"622":0,"623":0,"624":0,"625":0,"626":0,"627":0,"628":0,"629":0,"630":2,"631":305,"632":0,"633":0,"634":0,"635":0,"636":0,"637":0,"638":0,"639":0,"640":0,"641":0,"642":0,"643":0,"644":0,"645":0,"646":0,"647":0,"648":0,"649":0,"650":0,"651":0,"652":0,"653":0,"654":0,"655":0,"656":0,"657":0,"658":0,"659":0,"660":1,"661":306,"662":6,"663":2,"664":0,"665":0,"666":3,"667":0,"668":2,"669":0,"670":2,"671":0,"672":0,"673":0,"674":0,"675":0,"676":0,"677":0,"678":0,"679":0,"680":0,"681":19,"682":0,"683":0,"684":6,"685":0,"686":0,"687":19,"688":0},"fnMap":{"1":{"name":"(anonymous_1)","line":9,"loc":{"start":{"line":9,"column":2},"end":{"line":9,"column":13}}},"2":{"name":"(anonymous_2)","line":438,"loc":{"start":{"line":438,"column":18},"end":{"line":438,"column":29}}},"3":{"name":"addMapEntry","line":462,"loc":{"start":{"line":462,"column":2},"end":{"line":462,"column":34}}},"4":{"name":"addSetEntry","line":476,"loc":{"start":{"line":476,"column":2},"end":{"line":476,"column":35}}},"5":{"name":"apply","line":492,"loc":{"start":{"line":492,"column":2},"end":{"line":492,"column":38}}},"6":{"name":"arrayAggregator","line":512,"loc":{"start":{"line":512,"column":2},"end":{"line":512,"column":65}}},"7":{"name":"arrayEach","line":532,"loc":{"start":{"line":532,"column":2},"end":{"line":532,"column":38}}},"8":{"name":"arrayEachRight","line":553,"loc":{"start":{"line":553,"column":2},"end":{"line":553,"column":43}}},"9":{"name":"arrayEvery","line":574,"loc":{"start":{"line":574,"column":2},"end":{"line":574,"column":40}}},"10":{"name":"arrayFilter","line":595,"loc":{"start":{"line":595,"column":2},"end":{"line":595,"column":41}}},"11":{"name":"arrayIncludes","line":619,"loc":{"start":{"line":619,"column":2},"end":{"line":619,"column":39}}},"12":{"name":"arrayIncludesWith","line":633,"loc":{"start":{"line":633,"column":2},"end":{"line":633,"column":55}}},"13":{"name":"arrayMap","line":654,"loc":{"start":{"line":654,"column":2},"end":{"line":654,"column":37}}},"14":{"name":"arrayPush","line":673,"loc":{"start":{"line":673,"column":2},"end":{"line":673,"column":36}}},"15":{"name":"arrayReduce","line":696,"loc":{"start":{"line":696,"column":2},"end":{"line":696,"column":64}}},"16":{"name":"arrayReduceRight","line":721,"loc":{"start":{"line":721,"column":2},"end":{"line":721,"column":69}}},"17":{"name":"arraySome","line":742,"loc":{"start":{"line":742,"column":2},"end":{"line":742,"column":39}}},"18":{"name":"asciiToArray","line":770,"loc":{"start":{"line":770,"column":2},"end":{"line":770,"column":32}}},"19":{"name":"asciiWords","line":781,"loc":{"start":{"line":781,"column":2},"end":{"line":781,"column":30}}},"20":{"name":"baseFindKey","line":796,"loc":{"start":{"line":796,"column":2},"end":{"line":796,"column":56}}},"21":{"name":"(anonymous_21)","line":798,"loc":{"start":{"line":798,"column":25},"end":{"line":798,"column":58}}},"22":{"name":"baseFindIndex","line":818,"loc":{"start":{"line":818,"column":2},"end":{"line":818,"column":65}}},"23":{"name":"baseIndexOf","line":839,"loc":{"start":{"line":839,"column":2},"end":{"line":839,"column":48}}},"24":{"name":"baseIndexOfWith","line":855,"loc":{"start":{"line":855,"column":2},"end":{"line":855,"column":64}}},"25":{"name":"baseIsNaN","line":874,"loc":{"start":{"line":874,"column":2},"end":{"line":874,"column":28}}},"26":{"name":"baseMean","line":887,"loc":{"start":{"line":887,"column":2},"end":{"line":887,"column":37}}},"27":{"name":"baseProperty","line":899,"loc":{"start":{"line":899,"column":2},"end":{"line":899,"column":29}}},"28":{"name":"(anonymous_28)","line":900,"loc":{"start":{"line":900,"column":11},"end":{"line":900,"column":28}}},"29":{"name":"basePropertyOf","line":912,"loc":{"start":{"line":912,"column":2},"end":{"line":912,"column":34}}},"30":{"name":"(anonymous_30)","line":913,"loc":{"start":{"line":913,"column":11},"end":{"line":913,"column":25}}},"31":{"name":"baseReduce","line":931,"loc":{"start":{"line":931,"column":2},"end":{"line":931,"column":78}}},"32":{"name":"(anonymous_32)","line":932,"loc":{"start":{"line":932,"column":25},"end":{"line":932,"column":60}}},"33":{"name":"baseSortBy","line":950,"loc":{"start":{"line":950,"column":2},"end":{"line":950,"column":39}}},"34":{"name":"baseSum","line":969,"loc":{"start":{"line":969,"column":2},"end":{"line":969,"column":36}}},"35":{"name":"baseTimes","line":992,"loc":{"start":{"line":992,"column":2},"end":{"line":992,"column":34}}},"36":{"name":"baseToPairs","line":1011,"loc":{"start":{"line":1011,"column":2},"end":{"line":1011,"column":38}}},"37":{"name":"(anonymous_37)","line":1012,"loc":{"start":{"line":1012,"column":27},"end":{"line":1012,"column":41}}},"38":{"name":"baseUnary","line":1024,"loc":{"start":{"line":1024,"column":2},"end":{"line":1024,"column":27}}},"39":{"name":"(anonymous_39)","line":1025,"loc":{"start":{"line":1025,"column":11},"end":{"line":1025,"column":27}}},"40":{"name":"baseValues","line":1040,"loc":{"start":{"line":1040,"column":2},"end":{"line":1040,"column":37}}},"41":{"name":"(anonymous_41)","line":1041,"loc":{"start":{"line":1041,"column":27},"end":{"line":1041,"column":41}}},"42":{"name":"cacheHas","line":1054,"loc":{"start":{"line":1054,"column":2},"end":{"line":1054,"column":32}}},"43":{"name":"charsStartIndex","line":1067,"loc":{"start":{"line":1067,"column":2},"end":{"line":1067,"column":51}}},"44":{"name":"charsEndIndex","line":1084,"loc":{"start":{"line":1084,"column":2},"end":{"line":1084,"column":49}}},"45":{"name":"countHolders","line":1099,"loc":{"start":{"line":1099,"column":2},"end":{"line":1099,"column":44}}},"46":{"name":"escapeStringChar","line":1137,"loc":{"start":{"line":1137,"column":2},"end":{"line":1137,"column":33}}},"47":{"name":"getValue","line":1149,"loc":{"start":{"line":1149,"column":2},"end":{"line":1149,"column":33}}},"48":{"name":"hasUnicode","line":1160,"loc":{"start":{"line":1160,"column":2},"end":{"line":1160,"column":30}}},"49":{"name":"hasUnicodeWord","line":1171,"loc":{"start":{"line":1171,"column":2},"end":{"line":1171,"column":34}}},"50":{"name":"iteratorToArray","line":1182,"loc":{"start":{"line":1182,"column":2},"end":{"line":1182,"column":37}}},"51":{"name":"mapToArray","line":1199,"loc":{"start":{"line":1199,"column":2},"end":{"line":1199,"column":27}}},"52":{"name":"(anonymous_52)","line":1203,"loc":{"start":{"line":1203,"column":16},"end":{"line":1203,"column":37}}},"53":{"name":"overArg","line":1217,"loc":{"start":{"line":1217,"column":2},"end":{"line":1217,"column":36}}},"54":{"name":"(anonymous_54)","line":1218,"loc":{"start":{"line":1218,"column":11},"end":{"line":1218,"column":25}}},"55":{"name":"replaceHolders","line":1232,"loc":{"start":{"line":1232,"column":2},"end":{"line":1232,"column":46}}},"56":{"name":"setToArray","line":1255,"loc":{"start":{"line":1255,"column":2},"end":{"line":1255,"column":27}}},"57":{"name":"(anonymous_57)","line":1259,"loc":{"start":{"line":1259,"column":16},"end":{"line":1259,"column":32}}},"58":{"name":"setToPairs","line":1272,"loc":{"start":{"line":1272,"column":2},"end":{"line":1272,"column":27}}},"59":{"name":"(anonymous_59)","line":1276,"loc":{"start":{"line":1276,"column":16},"end":{"line":1276,"column":32}}},"60":{"name":"strictIndexOf","line":1292,"loc":{"start":{"line":1292,"column":2},"end":{"line":1292,"column":50}}},"61":{"name":"strictLastIndexOf","line":1314,"loc":{"start":{"line":1314,"column":2},"end":{"line":1314,"column":54}}},"62":{"name":"stringSize","line":1331,"loc":{"start":{"line":1331,"column":2},"end":{"line":1331,"column":30}}},"63":{"name":"stringToArray","line":1344,"loc":{"start":{"line":1344,"column":2},"end":{"line":1344,"column":33}}},"64":{"name":"unicodeSize","line":1366,"loc":{"start":{"line":1366,"column":2},"end":{"line":1366,"column":31}}},"65":{"name":"unicodeToArray","line":1381,"loc":{"start":{"line":1381,"column":2},"end":{"line":1381,"column":34}}},"66":{"name":"unicodeWords","line":1392,"loc":{"start":{"line":1392,"column":2},"end":{"line":1392,"column":32}}},"67":{"name":"runInContext","line":1427,"loc":{"start":{"line":1427,"column":22},"end":{"line":1427,"column":53}}},"68":{"name":"(anonymous_68)","line":1459,"loc":{"start":{"line":1459,"column":22},"end":{"line":1459,"column":33}}},"69":{"name":"(anonymous_69)","line":1496,"loc":{"start":{"line":1496,"column":26},"end":{"line":1496,"column":37}}},"70":{"name":"lodash","line":1669,"loc":{"start":{"line":1669,"column":4},"end":{"line":1669,"column":27}}},"71":{"name":"(anonymous_71)","line":1689,"loc":{"start":{"line":1689,"column":22},"end":{"line":1689,"column":33}}},"72":{"name":"object","line":1690,"loc":{"start":{"line":1690,"column":6},"end":{"line":1690,"column":24}}},"73":{"name":"(anonymous_73)","line":1691,"loc":{"start":{"line":1691,"column":13},"end":{"line":1691,"column":29}}},"74":{"name":"baseLodash","line":1710,"loc":{"start":{"line":1710,"column":4},"end":{"line":1710,"column":26}}},"75":{"name":"LodashWrapper","line":1721,"loc":{"start":{"line":1721,"column":4},"end":{"line":1721,"column":44}}},"76":{"name":"LazyWrapper","line":1806,"loc":{"start":{"line":1806,"column":4},"end":{"line":1806,"column":32}}},"77":{"name":"lazyClone","line":1824,"loc":{"start":{"line":1824,"column":4},"end":{"line":1824,"column":25}}},"78":{"name":"lazyReverse","line":1843,"loc":{"start":{"line":1843,"column":4},"end":{"line":1843,"column":27}}},"79":{"name":"lazyValue","line":1863,"loc":{"start":{"line":1863,"column":4},"end":{"line":1863,"column":25}}},"80":{"name":"Hash","line":1925,"loc":{"start":{"line":1925,"column":4},"end":{"line":1925,"column":27}}},"81":{"name":"hashClear","line":1943,"loc":{"start":{"line":1943,"column":4},"end":{"line":1943,"column":25}}},"82":{"name":"hashDelete","line":1958,"loc":{"start":{"line":1958,"column":4},"end":{"line":1958,"column":29}}},"83":{"name":"hashGet","line":1973,"loc":{"start":{"line":1973,"column":4},"end":{"line":1973,"column":26}}},"84":{"name":"hashHas","line":1991,"loc":{"start":{"line":1991,"column":4},"end":{"line":1991,"column":26}}},"85":{"name":"hashSet","line":2006,"loc":{"start":{"line":2006,"column":4},"end":{"line":2006,"column":33}}},"86":{"name":"ListCache","line":2029,"loc":{"start":{"line":2029,"column":4},"end":{"line":2029,"column":32}}},"87":{"name":"listCacheClear","line":2047,"loc":{"start":{"line":2047,"column":4},"end":{"line":2047,"column":30}}},"88":{"name":"listCacheDelete","line":2061,"loc":{"start":{"line":2061,"column":4},"end":{"line":2061,"column":34}}},"89":{"name":"listCacheGet","line":2087,"loc":{"start":{"line":2087,"column":4},"end":{"line":2087,"column":31}}},"90":{"name":"listCacheHas","line":2103,"loc":{"start":{"line":2103,"column":4},"end":{"line":2103,"column":31}}},"91":{"name":"listCacheSet","line":2117,"loc":{"start":{"line":2117,"column":4},"end":{"line":2117,"column":38}}},"92":{"name":"MapCache","line":2146,"loc":{"start":{"line":2146,"column":4},"end":{"line":2146,"column":31}}},"93":{"name":"mapCacheClear","line":2164,"loc":{"start":{"line":2164,"column":4},"end":{"line":2164,"column":29}}},"94":{"name":"mapCacheDelete","line":2182,"loc":{"start":{"line":2182,"column":4},"end":{"line":2182,"column":33}}},"95":{"name":"mapCacheGet","line":2197,"loc":{"start":{"line":2197,"column":4},"end":{"line":2197,"column":30}}},"96":{"name":"mapCacheHas","line":2210,"loc":{"start":{"line":2210,"column":4},"end":{"line":2210,"column":30}}},"97":{"name":"mapCacheSet","line":2224,"loc":{"start":{"line":2224,"column":4},"end":{"line":2224,"column":37}}},"98":{"name":"SetCache","line":2250,"loc":{"start":{"line":2250,"column":4},"end":{"line":2250,"column":30}}},"99":{"name":"setCacheAdd","line":2270,"loc":{"start":{"line":2270,"column":4},"end":{"line":2270,"column":32}}},"100":{"name":"setCacheHas","line":2284,"loc":{"start":{"line":2284,"column":4},"end":{"line":2284,"column":32}}},"101":{"name":"Stack","line":2301,"loc":{"start":{"line":2301,"column":4},"end":{"line":2301,"column":28}}},"102":{"name":"stackClear","line":2313,"loc":{"start":{"line":2313,"column":4},"end":{"line":2313,"column":26}}},"103":{"name":"stackDelete","line":2327,"loc":{"start":{"line":2327,"column":4},"end":{"line":2327,"column":30}}},"104":{"name":"stackGet","line":2344,"loc":{"start":{"line":2344,"column":4},"end":{"line":2344,"column":27}}},"105":{"name":"stackHas","line":2357,"loc":{"start":{"line":2357,"column":4},"end":{"line":2357,"column":27}}},"106":{"name":"stackSet","line":2371,"loc":{"start":{"line":2371,"column":4},"end":{"line":2371,"column":34}}},"107":{"name":"arrayLikeKeys","line":2404,"loc":{"start":{"line":2404,"column":4},"end":{"line":2404,"column":45}}},"108":{"name":"arraySample","line":2438,"loc":{"start":{"line":2438,"column":4},"end":{"line":2438,"column":32}}},"109":{"name":"arraySampleSize","line":2451,"loc":{"start":{"line":2451,"column":4},"end":{"line":2451,"column":39}}},"110":{"name":"arrayShuffle","line":2462,"loc":{"start":{"line":2462,"column":4},"end":{"line":2462,"column":33}}},"111":{"name":"assignMergeValue","line":2475,"loc":{"start":{"line":2475,"column":4},"end":{"line":2475,"column":50}}},"112":{"name":"assignValue","line":2492,"loc":{"start":{"line":2492,"column":4},"end":{"line":2492,"column":45}}},"113":{"name":"assocIndexOf","line":2508,"loc":{"start":{"line":2508,"column":4},"end":{"line":2508,"column":38}}},"114":{"name":"baseAggregator","line":2529,"loc":{"start":{"line":2529,"column":4},"end":{"line":2529,"column":71}}},"115":{"name":"(anonymous_115)","line":2530,"loc":{"start":{"line":2530,"column":27},"end":{"line":2530,"column":60}}},"116":{"name":"baseAssign","line":2545,"loc":{"start":{"line":2545,"column":4},"end":{"line":2545,"column":40}}},"117":{"name":"baseAssignIn","line":2558,"loc":{"start":{"line":2558,"column":4},"end":{"line":2558,"column":42}}},"118":{"name":"baseAssignValue","line":2571,"loc":{"start":{"line":2571,"column":4},"end":{"line":2571,"column":49}}},"119":{"name":"baseAt","line":2592,"loc":{"start":{"line":2592,"column":4},"end":{"line":2592,"column":35}}},"120":{"name":"baseClamp","line":2613,"loc":{"start":{"line":2613,"column":4},"end":{"line":2613,"column":45}}},"121":{"name":"baseClone","line":2641,"loc":{"start":{"line":2641,"column":4},"end":{"line":2641,"column":71}}},"122":{"name":"(anonymous_122)","line":2696,"loc":{"start":{"line":2696,"column":32},"end":{"line":2696,"column":56}}},"123":{"name":"baseConforms","line":2714,"loc":{"start":{"line":2714,"column":4},"end":{"line":2714,"column":34}}},"124":{"name":"(anonymous_124)","line":2716,"loc":{"start":{"line":2716,"column":13},"end":{"line":2716,"column":30}}},"125":{"name":"baseConformsTo","line":2729,"loc":{"start":{"line":2729,"column":4},"end":{"line":2729,"column":51}}},"126":{"name":"baseDelay","line":2757,"loc":{"start":{"line":2757,"column":4},"end":{"line":2757,"column":41}}},"127":{"name":"(anonymous_127)","line":2761,"loc":{"start":{"line":2761,"column":24},"end":{"line":2761,"column":35}}},"128":{"name":"baseDifference","line":2775,"loc":{"start":{"line":2775,"column":4},"end":{"line":2775,"column":65}}},"129":{"name":"baseEvery","line":2849,"loc":{"start":{"line":2849,"column":4},"end":{"line":2849,"column":46}}},"130":{"name":"(anonymous_130)","line":2851,"loc":{"start":{"line":2851,"column":27},"end":{"line":2851,"column":62}}},"131":{"name":"baseExtremum","line":2868,"loc":{"start":{"line":2868,"column":4},"end":{"line":2868,"column":55}}},"132":{"name":"baseFill","line":2897,"loc":{"start":{"line":2897,"column":4},"end":{"line":2897,"column":48}}},"133":{"name":"baseFilter","line":2923,"loc":{"start":{"line":2923,"column":4},"end":{"line":2923,"column":47}}},"134":{"name":"(anonymous_134)","line":2925,"loc":{"start":{"line":2925,"column":27},"end":{"line":2925,"column":62}}},"135":{"name":"baseFlatten","line":2944,"loc":{"start":{"line":2944,"column":4},"end":{"line":2944,"column":68}}},"136":{"name":"baseForOwn","line":3000,"loc":{"start":{"line":3000,"column":4},"end":{"line":3000,"column":42}}},"137":{"name":"baseForOwnRight","line":3012,"loc":{"start":{"line":3012,"column":4},"end":{"line":3012,"column":47}}},"138":{"name":"baseFunctions","line":3025,"loc":{"start":{"line":3025,"column":4},"end":{"line":3025,"column":42}}},"139":{"name":"(anonymous_139)","line":3026,"loc":{"start":{"line":3026,"column":32},"end":{"line":3026,"column":46}}},"140":{"name":"baseGet","line":3039,"loc":{"start":{"line":3039,"column":4},"end":{"line":3039,"column":35}}},"141":{"name":"baseGetAllKeys","line":3062,"loc":{"start":{"line":3062,"column":4},"end":{"line":3062,"column":59}}},"142":{"name":"baseGetTag","line":3074,"loc":{"start":{"line":3074,"column":4},"end":{"line":3074,"column":31}}},"143":{"name":"baseGt","line":3092,"loc":{"start":{"line":3092,"column":4},"end":{"line":3092,"column":34}}},"144":{"name":"baseHas","line":3104,"loc":{"start":{"line":3104,"column":4},"end":{"line":3104,"column":34}}},"145":{"name":"baseHasIn","line":3116,"loc":{"start":{"line":3116,"column":4},"end":{"line":3116,"column":36}}},"146":{"name":"baseInRange","line":3129,"loc":{"start":{"line":3129,"column":4},"end":{"line":3129,"column":45}}},"147":{"name":"baseIntersection","line":3143,"loc":{"start":{"line":3143,"column":4},"end":{"line":3143,"column":60}}},"148":{"name":"baseInverter","line":3207,"loc":{"start":{"line":3207,"column":4},"end":{"line":3207,"column":65}}},"149":{"name":"(anonymous_149)","line":3208,"loc":{"start":{"line":3208,"column":25},"end":{"line":3208,"column":54}}},"150":{"name":"baseInvoke","line":3224,"loc":{"start":{"line":3224,"column":4},"end":{"line":3224,"column":44}}},"151":{"name":"baseIsArguments","line":3238,"loc":{"start":{"line":3238,"column":4},"end":{"line":3238,"column":36}}},"152":{"name":"baseIsArrayBuffer","line":3249,"loc":{"start":{"line":3249,"column":4},"end":{"line":3249,"column":38}}},"153":{"name":"baseIsDate","line":3260,"loc":{"start":{"line":3260,"column":4},"end":{"line":3260,"column":31}}},"154":{"name":"baseIsEqual","line":3278,"loc":{"start":{"line":3278,"column":4},"end":{"line":3278,"column":67}}},"155":{"name":"baseIsEqualDeep","line":3302,"loc":{"start":{"line":3302,"column":4},"end":{"line":3302,"column":83}}},"156":{"name":"baseIsMap","line":3354,"loc":{"start":{"line":3354,"column":4},"end":{"line":3354,"column":30}}},"157":{"name":"baseIsMatch","line":3368,"loc":{"start":{"line":3368,"column":4},"end":{"line":3368,"column":64}}},"158":{"name":"baseIsNative","line":3420,"loc":{"start":{"line":3420,"column":4},"end":{"line":3420,"column":33}}},"159":{"name":"baseIsRegExp","line":3435,"loc":{"start":{"line":3435,"
[...]
:{"line":15054,"column":76},"end":{"line":15054,"column":84}}]},"1176":{"line":15059,"type":"if","locations":[{"start":{"line":15059,"column":6},"end":{"line":15059,"column":6}},{"start":{"line":15059,"column":6},"end":{"line":15059,"column":6}}]},"1177":{"line":15063,"type":"if","locations":[{"start":{"line":15063,"column":6},"end":{"line":15063,"column":6}},{"start":{"line":15063,"column":6},"end":{"line":15063,"column":6}}]},"1178":{"line":15067,"type":"if","locations":[{"start":{"line":15067,"column":6},"end":{"line":15067,"column":6}},{"start":{"line":15067,"column":6},"end":{"line":15067,"column":6}}]},"1179":{"line":15070,"type":"cond-expr","locations":[{"start":{"line":15071,"column":10},"end":{"line":15071,"column":48}},{"start":{"line":15072,"column":10},"end":{"line":15072,"column":30}}]},"1180":{"line":15074,"type":"if","locations":[{"start":{"line":15074,"column":6},"end":{"line":15074,"column":6}},{"start":{"line":15074,"column":6},"end":{"line":15074,"column":6}}]},"1181":{"line":15077,"type":"if","locations":[{"start":{"line":15077,"column":6},"end":{"line":15077,"column":6}},{"start":{"line":15077,"column":6},"end":{"line":15077,"column":6}}]},"1182":{"line":15080,"type":"if","locations":[{"start":{"line":15080,"column":6},"end":{"line":15080,"column":6}},{"start":{"line":15080,"column":6},"end":{"line":15080,"column":6}}]},"1183":{"line":15081,"type":"if","locations":[{"start":{"line":15081,"column":8},"end":{"line":15081,"column":8}},{"start":{"line":15081,"column":8},"end":{"line":15081,"column":8}}]},"1184":{"line":15085,"type":"if","locations":[{"start":{"line":15085,"column":10},"end":{"line":15085,"column":10}},{"start":{"line":15085,"column":10},"end":{"line":15085,"column":10}}]},"1185":{"line":15092,"type":"cond-expr","locations":[{"start":{"line":15092,"column":58},"end":{"line":15092,"column":61}},{"start":{"line":15092,"column":64},"end":{"line":15092,"column":70}}]},"1186":{"line":15094,"type":"if","locations":[{"start":{"line":15094,"column":13},"end":{"line":15094,"column":13}},{"start":{"line":15094,"column":13},"end":{"line":15094,"column":13}}]},"1187":{"line":15096,"type":"if","locations":[{"start":{"line":15096,"column":8},"end":{"line":15096,"column":8}},{"start":{"line":15096,"column":8},"end":{"line":15096,"column":8}}]},"1188":{"line":15124,"type":"cond-expr","locations":[{"start":{"line":15125,"column":10},"end":{"line":15125,"column":57}},{"start":{"line":15126,"column":10},"end":{"line":15126,"column":16}}]},"1189":{"line":15124,"type":"binary-expr","locations":[{"start":{"line":15124,"column":14},"end":{"line":15124,"column":20}},{"start":{"line":15124,"column":24},"end":{"line":15124,"column":53}}]},"1190":{"line":15150,"type":"cond-expr","locations":[{"start":{"line":15150,"column":31},"end":{"line":15150,"column":34}},{"start":{"line":15150,"column":37},"end":{"line":15150,"column":39}}]},"1191":{"line":15193,"type":"cond-expr","locations":[{"start":{"line":15193,"column":24},"end":{"line":15193,"column":33}},{"start":{"line":15193,"column":36},"end":{"line":15193,"column":43}}]},"1192":{"line":15195,"type":"if","locations":[{"start":{"line":15195,"column":6},"end":{"line":15195,"column":6}},{"start":{"line":15195,"column":6},"end":{"line":15195,"column":6}}]},"1193":{"line":15196,"type":"cond-expr","locations":[{"start":{"line":15196,"column":40},"end":{"line":15196,"column":60}},{"start":{"line":15196,"column":63},"end":{"line":15196,"column":81}}]},"1194":{"line":15198,"type":"binary-expr","locations":[{"start":{"line":15198,"column":13},"end":{"line":15198,"column":34}},{"start":{"line":15198,"column":38},"end":{"line":15198,"column":40}}]},"1195":{"line":15229,"type":"cond-expr","locations":[{"start":{"line":15229,"column":28},"end":{"line":15229,"column":29}},{"start":{"line":15229,"column":32},"end":{"line":15229,"column":44}}]},"1196":{"line":15297,"type":"cond-expr","locations":[{"start":{"line":15297,"column":35},"end":{"line":15297,"column":36}},{"start":{"line":15297,"column":39},"end":{"line":15297,"column":51}}]},"1197":{"line":15300,"type":"cond-expr","locations":[{"start":{"line":15300,"column":24},"end":{"line":15300,"column":26}},{"start":{"line":15300,"column":29},"end":{"line":15305,"column":8}}]},"1198":{"line":15301,"type":"if","locations":[{"start":{"line":15301,"column":8},"end":{"line":15301,"column":8}},{"start":{"line":15301,"column":8},"end":{"line":15301,"column":8}}]},"1199":{"line":15311,"type":"if","locations":[{"start":{"line":15311,"column":10},"end":{"line":15311,"column":10}},{"start":{"line":15311,"column":10},"end":{"line":15311,"column":10}}]},"1200":{"line":15392,"type":"cond-expr","locations":[{"start":{"line":15392,"column":50},"end":{"line":15392,"column":62}},{"start":{"line":15392,"column":65},"end":{"line":15392,"column":70}}]},"1201":{"line":15392,"type":"binary-expr","locations":[{"start":{"line":15392,"column":14},"end":{"line":15392,"column":27}},{"start":{"line":15392,"column":31},"end":{"line":15392,"column":46}}]},"1202":{"line":15505,"type":"cond-expr","locations":[{"start":{"line":15505,"column":54},"end":{"line":15505,"column":58}},{"start":{"line":15505,"column":61},"end":{"line":15505,"column":93}}]},"1203":{"line":15669,"type":"if","locations":[{"start":{"line":15669,"column":6},"end":{"line":15669,"column":6}},{"start":{"line":15669,"column":6},"end":{"line":15669,"column":6}}]},"1204":{"line":15669,"type":"binary-expr","locations":[{"start":{"line":15669,"column":10},"end":{"line":15669,"column":25}},{"start":{"line":15670,"column":10},"end":{"line":15670,"column":70}}]},"1205":{"line":15670,"type":"binary-expr","locations":[{"start":{"line":15670,"column":12},"end":{"line":15670,"column":28}},{"start":{"line":15670,"column":33},"end":{"line":15670,"column":51}},{"start":{"line":15670,"column":55},"end":{"line":15670,"column":68}}]},"1206":{"line":15676,"type":"binary-expr","locations":[{"start":{"line":15676,"column":18},"end":{"line":15676,"column":60}},{"start":{"line":15676,"column":64},"end":{"line":15676,"column":79}}]},"1207":{"line":15676,"type":"binary-expr","locations":[{"start":{"line":15676,"column":20},"end":{"line":15676,"column":37}},{"start":{"line":15676,"column":41},"end":{"line":15676,"column":59}}]},"1208":{"line":15682,"type":"if","locations":[{"start":{"line":15682,"column":8},"end":{"line":15682,"column":8}},{"start":{"line":15682,"column":8},"end":{"line":15682,"column":8}}]},"1209":{"line":15685,"type":"if","locations":[{"start":{"line":15685,"column":12},"end":{"line":15685,"column":12}},{"start":{"line":15685,"column":12},"end":{"line":15685,"column":12}}]},"1210":{"line":15685,"type":"binary-expr","locations":[{"start":{"line":15685,"column":16},"end":{"line":15685,"column":21}},{"start":{"line":15685,"column":25},"end":{"line":15685,"column":33}}]},"1211":{"line":15715,"type":"if","locations":[{"start":{"line":15715,"column":6},"end":{"line":15715,"column":6}},{"start":{"line":15715,"column":6},"end":{"line":15715,"column":6}}]},"1212":{"line":15859,"type":"cond-expr","locations":[{"start":{"line":15859,"column":27},"end":{"line":15859,"column":52}},{"start":{"line":15859,"column":55},"end":{"line":15859,"column":77}}]},"1213":{"line":15885,"type":"cond-expr","locations":[{"start":{"line":15885,"column":32},"end":{"line":15885,"column":41}},{"start":{"line":15885,"column":44},"end":{"line":15885,"column":65}}]},"1214":{"line":16086,"type":"if","locations":[{"start":{"line":16086,"column":6},"end":{"line":16086,"column":6}},{"start":{"line":16086,"column":6},"end":{"line":16086,"column":6}}]},"1215":{"line":16086,"type":"binary-expr","locations":[{"start":{"line":16086,"column":10},"end":{"line":16086,"column":15}},{"start":{"line":16086,"column":19},"end":{"line":16086,"column":39}}]},"1216":{"line":16120,"type":"if","locations":[{"start":{"line":16120,"column":6},"end":{"line":16120,"column":6}},{"start":{"line":16120,"column":6},"end":{"line":16120,"column":6}}]},"1217":{"line":16123,"type":"cond-expr","locations":[{"start":{"line":16123,"column":31},"end":{"line":16123,"column":38}},{"start":{"line":16123,"column":41},"end":{"line":16123,"column":81}}]},"1218":{"line":16253,"type":"cond-expr","locations":[{"start":{"line":16254,"column":10},"end":{"line":16254,"column":47}},{"start":{"line":16255,"column":10},"end":{"line":16255,"column":19}}]},"1219":{"line":16253,"type":"binary-expr","locations":[{"start":{"line":16253,"column":14},"end":{"line":16253,"column":19}},{"start":{"line":16253,"column":23},"end":{"line":16253,"column":35}}]},"1220":{"line":16282,"type":"cond-expr","locations":[{"start":{"line":16283,"column":10},"end":{"line":16283,"column":63}},{"start":{"line":16284,"column":10},"end":{"line":16284,"column":19}}]},"1221":{"line":16282,"type":"binary-expr","locations":[{"start":{"line":16282,"column":14},"end":{"line":16282,"column":19}},{"start":{"line":16282,"column":23},"end":{"line":16282,"column":35}}]},"1222":{"line":16351,"type":"cond-expr","locations":[{"start":{"line":16352,"column":10},"end":{"line":16352,"column":47}},{"start":{"line":16353,"column":10},"end":{"line":16353,"column":19}}]},"1223":{"line":16351,"type":"binary-expr","locations":[{"start":{"line":16351,"column":14},"end":{"line":16351,"column":19}},{"start":{"line":16351,"column":23},"end":{"line":16351,"column":35}}]},"1224":{"line":16380,"type":"cond-expr","locations":[{"start":{"line":16381,"column":10},"end":{"line":16381,"column":63}},{"start":{"line":16382,"column":10},"end":{"line":16382,"column":19}}]},"1225":{"line":16380,"type":"binary-expr","locations":[{"start":{"line":16380,"column":14},"end":{"line":16380,"column":19}},{"start":{"line":16380,"column":23},"end":{"line":16380,"column":35}}]},"1226":{"line":16461,"type":"cond-expr","locations":[{"start":{"line":16462,"column":10},"end":{"line":16462,"column":34}},{"start":{"line":16463,"column":10},"end":{"line":16463,"column":11}}]},"1227":{"line":16461,"type":"binary-expr","locations":[{"start":{"line":16461,"column":14},"end":{"line":16461,"column":19}},{"start":{"line":16461,"column":23},"end":{"line":16461,"column":35}}]},"1228":{"line":16490,"type":"cond-expr","locations":[{"start":{"line":16491,"column":10},"end":{"line":16491,"column":50}},{"start":{"line":16492,"column":10},"end":{"line":16492,"column":11}}]},"1229":{"line":16490,"type":"binary-expr","locations":[{"start":{"line":16490,"column":14},"end":{"line":16490,"column":19}},{"start":{"line":16490,"column":23},"end":{"line":16490,"column":35}}]},"1230":{"line":16818,"type":"if","locations":[{"start":{"line":16818,"column":8},"end":{"line":16818,"column":8}},{"start":{"line":16818,"column":8},"end":{"line":16818,"column":8}}]},"1231":{"line":16844,"type":"cond-expr","locations":[{"start":{"line":16844,"column":30},"end":{"line":16844,"column":31}},{"start":{"line":16844,"column":34},"end":{"line":16844,"column":60}}]},"1232":{"line":16846,"type":"cond-expr","locations":[{"start":{"line":16847,"column":12},"end":{"line":16847,"column":33}},{"start":{"line":16848,"column":12},"end":{"line":16848,"column":24}}]},"1233":{"line":16846,"type":"binary-expr","locations":[{"start":{"line":16846,"column":22},"end":{"line":16846,"column":39}},{"start":{"line":16846,"column":43},"end":{"line":16846,"column":49}}]},"1234":{"line":16850,"type":"if","locations":[{"start":{"line":16850,"column":8},"end":{"line":16850,"column":8}},{"start":{"line":16850,"column":8},"end":{"line":16850,"column":8}}]},"1235":{"line":16855,"type":"cond-expr","locations":[{"start":{"line":16855,"column":55},"end":{"line":16855,"column":62}},{"start":{"line":16855,"column":65},"end":{"line":16855,"column":67}}]},"1236":{"line":16869,"type":"binary-expr","locations":[{"start":{"line":16869,"column":21},"end":{"line":16869,"column":45}},{"start":{"line":16869,"column":49},"end":{"line":16869,"column":72}}]},"1237":{"line":16877,"type":"binary-expr","locations":[{"start":{"line":16877,"column":30},"end":{"line":16877,"column":49}},{"start":{"line":16877,"column":53},"end":{"line":16877,"column":61}}]},"1238":{"line":16884,"type":"cond-expr","locations":[{"start":{"line":16884,"column":39},"end":{"line":16884,"column":46}},{"start":{"line":16884,"column":49},"end":{"line":16884,"column":51}}]},"1239":{"line":16893,"type":"cond-expr","locations":[{"start":{"line":16893,"column":39},"end":{"line":16893,"column":41}},{"start":{"line":16893,"column":44},"end":{"line":16893,"column":51}}]},"1240":{"line":16896,"type":"cond-expr","locations":[{"start":{"line":16896,"column":35},"end":{"line":16896,"column":56}},{"start":{"line":16896,"column":59},"end":{"line":16896,"column":76}}]},"1241":{"line":16913,"type":"if","locations":[{"start":{"line":16913,"column":6},"end":{"line":16913,"column":6}},{"start":{"line":16913,"column":6},"end":{"line":16913,"column":6}}]},"1242":{"line":16929,"type":"if","locations":[{"start":{"line":16929,"column":6},"end":{"line":16929,"column":6}},{"start":{"line":16929,"column":6},"end":{"line":16929,"column":6}}]},"1243":{"line":16929,"type":"binary-expr","locations":[{"start":{"line":16929,"column":10},"end":{"line":16929,"column":29}},{"start":{"line":16929,"column":34},"end":{"line":16929,"column":43}},{"start":{"line":16929,"column":47},"end":{"line":16929,"column":54}}]},"1244":{"line":16932,"type":"if","locations":[{"start":{"line":16932,"column":6},"end":{"line":16932,"column":6}},{"start":{"line":16932,"column":6},"end":{"line":16932,"column":6}}]},"1245":{"line":16934,"type":"if","locations":[{"start":{"line":16934,"column":13},"end":{"line":16934,"column":13}},{"start":{"line":16934,"column":13},"end":{"line":16934,"column":13}}]},"1246":{"line":16937,"type":"if","locations":[{"start":{"line":16937,"column":6},"end":{"line":16937,"column":6}},{"start":{"line":16937,"column":6},"end":{"line":16937,"column":6}}]},"1247":{"line":16939,"type":"cond-expr","locations":[{"start":{"line":16939,"column":27},"end":{"line":16939,"column":49}},{"start":{"line":16939,"column":52},"end":{"line":16939,"column":76}}]},"1248":{"line":16956,"type":"cond-expr","locations":[{"start":{"line":16956,"column":41},"end":{"line":16956,"column":87}},{"start":{"line":16956,"column":91},"end":{"line":16956,"column":101}}]},"1249":{"line":16956,"type":"cond-expr","locations":[{"start":{"line":16956,"column":74},"end":{"line":16956,"column":81}},{"start":{"line":16956,"column":84},"end":{"line":16956,"column":86}}]},"1250":{"line":16957,"type":"binary-expr","locations":[{"start":{"line":16957,"column":25},"end":{"line":16957,"column":32}},{"start":{"line":16957,"column":36},"end":{"line":16957,"column":60}}]},"1251":{"line":16959,"type":"if","locations":[{"start":{"line":16959,"column":6},"end":{"line":16959,"column":6}},{"start":{"line":16959,"column":6},"end":{"line":16959,"column":6}}]},"1252":{"line":16964,"type":"cond-expr","locations":[{"start":{"line":16964,"column":29},"end":{"line":16964,"column":32}},{"start":{"line":16964,"column":35},"end":{"line":16964,"column":44}}]},"1253":{"line":16967,"type":"binary-expr","locations":[{"start":{"line":16967,"column":22},"end":{"line":16967,"column":28}},{"start":{"line":16967,"column":32},"end":{"line":16967,"column":46}}]},"1254":{"line":16971,"type":"cond-expr","locations":[{"start":{"line":16971,"column":41},"end":{"line":16971,"column":50}},{"start":{"line":16971,"column":53},"end":{"line":16971,"column":59}}]},"1255":{"line":16971,"type":"binary-expr","locations":[{"start":{"line":16971,"column":18},"end":{"line":16971,"column":25}},{"start":{"line":16971,"column":29},"end":{"line":16971,"column":37}}]},"1256":{"line":16974,"type":"if","locations":[{"start":{"line":16974,"column":8},"end":{"line":16974,"column":8}},{"start":{"line":16974,"column":8},"end":{"line":16974,"column":8}}]},"1257":{"line":16974,"type":"binary-expr","locations":[{"start":{"line":16974,"column":12},"end":{"line":16974,"column":19}},{"start":{"line":16974,"column":23},"end":{"line":16974,"column":36}},{"start":{"line":16974,"column":40},"end":{"line":16974,"column":69}},{"start":{"line":16974,"column":73},"end":{"line":16974,"column":93}}]},"1258":{"line":16980,"type":"binary-expr","locations":[{"start":{"line":16980,"column":26},"end":{"line":16980,"column":38}},{"start":{"line":16980,"column":42},"end":{"line":16980,"column":51}}]},"1259":{"line":16981,"type":"binary-expr","locations":[{"start":{"line":16981,"column":23},"end":{"line":16981,"column":29}},{"start":{"line":16981,"column":33},"end":{"line":16981,"column":42}}]},"1260":{"line":16983,"type":"if","locations":[{"start":{"line":16983,"column":8},"end":{"line":16983,"column":8}},{"start":{"line":16983,"column":8},"end":{"line":16983,"column":8}}]},"1261":{"line":16983,"type":"binary-expr","locations":[{"start":{"line":16983,"column":12},"end":{"line":16983,"column":25}},{"start":{"line":16983,"column":29},"end":{"line":16983,"column":36}}]},"1262":{"line":16984,"type":"cond-expr","locations":[{"start":{"line":16984,"column":29},"end":{"line":16984,"column":34}},{"start":{"line":16984,"column":37},"end":{"line":16984,"column":58}}]},"1263":{"line":16989,"type":"if","locations":[{"start":{"line":16989,"column":8},"end":{"line":16989,"column":8}},{"start":{"line":16989,"column":8},"end":{"line":16989,"column":8}}]},"1264":{"line":16989,"type":"binary-expr","locations":[{"start":{"line":16989,"column":12},"end":{"line":16989,"column":23}},{"start":{"line":16989,"column":27},"end":{"line":16989,"column":35}}]},"1265":{"line":16993,"type":"cond-expr","locations":[{"start":{"line":16993,"column":30},"end":{"line":16993,"column":74}},{"start":{"line":16993,"column":78},"end":{"line":16993,"column":84}}]},"1266":{"line":16993,"type":"cond-expr","locations":[{"start":{"line":16993,"column":40},"end":{"line":16993,"column":57}},{"start":{"line":16993,"column":60},"end":{"line":16993,"column":74}}]},"1267":{"line":17000,"type":"cond-expr","locations":[{"start":{"line":17000,"column":67},"end":{"line":17000,"column":72}},{"start":{"line":17000,"column":75},"end":{"line":17000,"column":81}}]},"1268":{"line":17005,"type":"if","locations":[{"start":{"line":17005,"column":8},"end":{"line":17005,"column":8}},{"start":{"line":17005,"column":8},"end":{"line":17005,"column":8}}]},"1269":{"line":17005,"type":"binary-expr","locations":[{"start":{"line":17005,"column":12},"end":{"line":17005,"column":24}},{"start":{"line":17005,"column":28},"end":{"line":17005,"column":43}}]},"1270":{"line":17007,"type":"cond-expr","locations":[{"start":{"line":17007,"column":45},"end":{"line":17007,"column":50}},{"start":{"line":17007,"column":53},"end":{"line":17007,"column":55}}]},"1271":{"line":17010,"type":"cond-expr","locations":[{"start":{"line":17010,"column":45},"end":{"line":17010,"column":50}},{"start":{"line":17010,"column":53},"end":{"line":17010,"column":55}}]},"1272":{"line":17018,"type":"if","locations":[{"start":{"line":17018,"column":6},"end":{"line":17018,"column":6}},{"start":{"line":17018,"column":6},"end":{"line":17018,"column":6}}]},"1273":{"line":17020,"type":"binary-expr","locations":[{"start":{"line":17020,"column":20},"end":{"line":17020,"column":34}},{"start":{"line":17020,"column":39},"end":{"line":17020,"column":58}}]},"1274":{"line":17048,"type":"if","locations":[{"start":{"line":17048,"column":4},"end":{"line":17048,"column":4}},{"start":{"line":17048,"column":4},"end":{"line":17048,"column":4}}]},"1275":{"line":17060,"type":"if","locations":[{"start":{"line":17060,"column":2},"end":{"line":17060,"column":2}},{"start":{"line":17060,"column":2},"end":{"line":17060,"column":2}}]},"1276":{"line":17060,"type":"binary-expr","locations":[{"start":{"line":17060,"column":6},"end":{"line":17060,"column":33}},{"start":{"line":17060,"column":37},"end":{"line":17060,"column":66}},{"start":{"line":17060,"column":70},"end":{"line":17060,"column":80}}]},"1277":{"line":17074,"type":"if","locations":[{"start":{"line":17074,"column":7},"end":{"line":17074,"column":7}},{"start":{"line":17074,"column":7},"end":{"line":17074,"column":7}}]}}}}