TN:
SF:/Users/michaelpurnell/Desktop/eaze/homework-node/test.js
FN:9,(anonymous_1)
FN:21,verifyCount
FN:22,(anonymous_3)
FN:31,verifySize
FN:32,(anonymous_5)
FN:39,verifyLodash
FNF:6
FNH:6
FNDA:1,(anonymous_1)
FNDA:1,verifyCount
FNDA:1,(anonymous_3)
FNDA:1,verifySize
FNDA:1,(anonymous_5)
FNDA:1,verifyLodash
DA:3,1
DA:4,1
DA:5,1
DA:6,1
DA:7,1
DA:9,1
DA:10,1
DA:12,1
DA:14,1
DA:15,1
DA:21,1
DA:22,1
DA:23,1
DA:25,12
DA:26,1
DA:27,1
DA:31,1
DA:32,1
DA:33,1
DA:34,1
DA:35,1
DA:39,1
DA:40,1
DA:41,1
DA:42,1
LF:25
LH:25
BRDA:12,1,0,1
BRDA:12,1,1,1
BRDA:23,2,0,0
BRDA:23,2,1,1
BRDA:33,3,0,0
BRDA:33,3,1,1
BRF:6
BRH:4
end_of_record
TN:
SF:/Users/michaelpurnell/Desktop/eaze/homework-node/index.js
FN:17,downloadPackages
FN:27,(anonymous_2)
FN:31,(anonymous_3)
FN:37,(anonymous_4)
FN:41,(anonymous_5)
FN:43,(anonymous_6)
FN:47,(anonymous_7)
FN:50,(anonymous_8)
FN:63,(anonymous_9)
FN:64,(anonymous_10)
FN:81,(anonymous_11)
FN:83,(anonymous_12)
FN:96,(anonymous_13)
FNF:13
FNH:12
FNDA:2,downloadPackages
FNDA:20,(anonymous_2)
FNDA:20,(anonymous_3)
FNDA:0,(anonymous_4)
FNDA:20,(anonymous_5)
FNDA:17,(anonymous_6)
FNDA:17,(anonymous_7)
FNDA:3,(anonymous_8)
FNDA:20,(anonymous_9)
FNDA:20,(anonymous_10)
FNDA:17,(anonymous_11)
FNDA:17,(anonymous_12)
FNDA:1,(anonymous_13)
DA:3,1
DA:12,1
DA:13,1
DA:15,1
DA:17,1
DA:19,2
DA:22,2
DA:23,20
DA:27,2
DA:29,20
DA:31,20
DA:32,20
DA:33,0
DA:36,20
DA:38,0
DA:43,20
DA:44,17
DA:46,17
DA:48,17
DA:51,3
DA:52,3
DA:60,2
DA:63,1
DA:64,20
DA:67,20
DA:68,20
DA:69,3
DA:73,17
DA:81,1
DA:83,17
DA:85,17
DA:86,17
DA:87,0
DA:90,17
DA:96,1
LF:35
LH:32
BRDA:32,1,0,0
BRDA:32,1,1,20
BRDA:68,2,0,3
BRDA:68,2,1,17
BRDA:86,3,0,0
BRDA:86,3,1,17
BRF:6
BRH:4
end_of_record
TN:
SF:/Users/michaelpurnell/Desktop/eaze/homework-node/packages/lodash/lodash.js
FN:9,(anonymous_1)
FN:438,(anonymous_2)
FN:462,addMapEntry
FN:476,addSetEntry
FN:492,apply
FN:512,arrayAggregator
FN:532,arrayEach
FN:553,arrayEachRight
FN:574,arrayEvery
FN:595,arrayFilter
FN:619,arrayIncludes
FN:633,arrayIncludesWith
FN:654,arrayMap
FN:673,arrayPush
FN:696,arrayReduce
FN:721,arrayReduceRight
FN:742,arraySome
FN:770,asciiToArray
FN:781,asciiWords
FN:796,baseFindKey
FN:798,(anonymous_21)
FN:818,baseFindIndex
FN:839,baseIndexOf
FN:855,baseIndexOfWith
FN:874,baseIsNaN
FN:887,baseMean
FN:899,baseProperty
FN:900,(anonymous_28)
FN:912,basePropertyOf
FN:913,(anonymous_30)
FN:931,baseReduce
FN:932,(anonymous_32)
FN:950,baseSortBy
FN:969,baseSum
FN:992,baseTimes
FN:1011,baseToPairs
FN:1012,(anonymous_37)
FN:1024,baseUnary
FN:1025,(anonymous_39)
FN:1040,baseValues
FN:1041,(anonymous_41)
FN:1054,cacheHas
FN:1067,charsStartIndex
FN:1084,charsEndIndex
FN:1099,countHolders
FN:1137,escapeStringChar
FN:1149,getValue
FN:1160,hasUnicode
FN:1171,hasUnicodeWord
FN:1182,iteratorToArray
FN:1199,mapToArray
FN:1203,(anonymous_52)
FN:1217,overArg
FN:1218,(anonymous_54)
FN:1232,replaceHolders
FN:1255,setToArray
FN:1259,(anonymous_57)
FN:1272,setToPairs
FN:1276,(anonymous_59)
FN:1292,strictIndexOf
FN:1314,strictLastIndexOf
FN:1331,stringSize
FN:1344,stringToArray
FN:1366,unicodeSize
FN:1381,unicodeToArray
FN:1392,unicodeWords
FN:1427,runInContext
FN:1459,(anonymous_68)
FN:1496,(anonymous_69)
FN:1669,lodash
FN:1689,(anonymous_71)
FN:1690,object
FN:1691,(anonymous_73)
FN:1710,baseLodash
FN:1721,LodashWrapper
FN:1806,LazyWrapper
FN:1824,lazyClone
FN:1843,lazyReverse
FN:1863,lazyValue
FN:1925,Hash
FN:1943,hashClear
FN:1958,hashDelete
FN:1973,hashGet
FN:1991,hashHas
FN:2006,hashSet
FN:2029,ListCache
FN:2047,listCacheClear
FN:2061,listCacheDelete
FN:2087,listCacheGet
FN:2103,listCacheHas
FN:2117,listCacheSet
FN:2146,MapCache
FN:2164,mapCacheClear
FN:2182,mapCacheDelete
FN:2197,mapCacheGet
FN:2210,mapCacheHas
FN:2224,mapCacheSet
FN:2250,SetCache
FN:2270,setCacheAdd
FN:2284,setCacheHas
FN:2301,Stack
FN:2313,stackClear
FN:2327,stackDelete
FN:2344,stackGet
FN:2357,stackHas
FN:2371,stackSet
FN:2404,arrayLikeKeys
FN:2438,arraySample
FN:2451,arraySampleSize
FN:2462,arrayShuffle
FN:2475,assignMergeValue
FN:2492,assignValue
FN:2508,assocIndexOf
FN:2529,baseAggregator
FN:2530,(anonymous_115)
FN:2545,baseAssign
FN:2558,baseAssignIn
FN:2571,baseAssignValue
FN:2592,baseAt
FN:2613,baseClamp
FN:2641,baseClone
FN:2696,(anonymous_122)
FN:2714,baseConforms
FN:2716,(anonymous_124)
FN:2729,baseConformsTo
FN:2757,baseDelay
FN:2761,(anonymous_127)
FN:2775,baseDifference
FN:2849,baseEvery
FN:2851,(anonymous_130)
FN:2868,baseExtremum
FN:2897,baseFill
FN:2923,baseFilter
FN:2925,(anonymous_134)
FN:2944,baseFlatten
FN:3000,baseForOwn
FN:3012,baseForOwnRight
FN:3025,baseFunctions
FN:3026,(anonymous_139)
FN:3039,baseGet
FN:3062,baseGetAllKeys
FN:3074,baseGetTag
FN:3092,baseGt
FN:3104,baseHas
FN:3116,baseHasIn
FN:3129,baseInRange
FN:3143,baseIntersection
FN:3207,baseInverter
FN:3208,(anonymous_149)
FN:3224,baseInvoke
FN:3238,baseIsArguments
FN:3249,baseIsArrayBuffer
FN:3260,baseIsDate
FN:3278,baseIsEqual
FN:3302,baseIsEqualDeep
FN:3354,baseIsMap
FN:3368,baseIsMatch
FN:3420,baseIsNative
FN:3435,baseIsRegExp
FN:3446,baseIsSet
FN:3457,baseIsTypedArray
FN:3469,baseIteratee
FN:3493,baseKeys
FN:3513,baseKeysIn
FN:3537,baseLt
FN:3549,baseMap
FN:3553,(anonymous_167)
FN:3566,baseMatches
FN:3571,(anonymous_169)
FN:3584,baseMatchesProperty
FN:3588,(anonymous_171)
FN:3607,baseMerge
FN:3611,(anonymous_173)
FN:3644,baseMergeDeep
FN:3714,baseNth
FN:3732,baseOrderBy
FN:3736,(anonymous_177)
FN:3737,(anonymous_178)
FN:3743,(anonymous_179)
FN:3757,basePick
FN:3758,(anonymous_181)
FN:3772,basePickBy
FN:3795,basePropertyDeep
FN:3796,(anonymous_184)
FN:3812,basePullAll
FN:3848,basePullAt
FN:3875,baseRandom
FN:3890,baseRange
FN:3910,baseRepeat
FN:3938,baseRest
FN:3949,baseSample
FN:3961,baseSampleSize
FN:3976,baseSet
FN:4014,(anonymous_194)
FN:4027,(anonymous_195)
FN:4043,baseShuffle
FN:4056,baseSlice
FN:4086,baseSome
FN:4089,(anonymous_199)
FN:4108,baseSortedIndex
FN:4142,baseSortedIndexBy
FN:4191,baseSortedUniq
FN:4217,baseToNumber
FN:4235,baseToString
FN:4260,baseUniq
FN:4320,baseUnset
FN:4336,baseUpdate
FN:4351,baseWhile
FN:4373,baseWrapperValue
FN:4378,(anonymous_210)
FN:4393,baseXor
FN:4423,baseZipObject
FN:4443,castArrayLikeObject
FN:4454,castFunction
FN:4466,castPath
FN:4493,castSlice
FN:4505,(anonymous_217)
FN:4517,cloneBuffer
FN:4535,cloneArrayBuffer
FN:4549,cloneDataView
FN:4563,cloneMap
FN:4575,cloneRegExp
FN:4590,cloneSet
FN:4602,cloneSymbol
FN:4614,cloneTypedArray
FN:4627,compareAscending
FN:4671,compareMultiple
FN:4709,composeArgs
FN:4744,composeArgsRight
FN:4778,copyArray
FN:4799,copyObject
FN:4833,copySymbols
FN:4845,copySymbolsIn
FN:4857,createAggregator
FN:4858,(anonymous_235)
FN:4873,createAssigner
FN:4874,(anonymous_237)
FN:4907,createBaseEach
FN:4908,(anonymous_239)
FN:4935,createBaseFor
FN:4936,(anonymous_241)
FN:4962,createBind
FN:4966,wrapper
FN:4980,createCaseFirst
FN:4981,(anonymous_245)
FN:5007,createCompounder
FN:5008,(anonymous_247)
FN:5021,createCtor
FN:5022,(anonymous_249)
FN:5055,createCurry
FN:5058,wrapper
FN:5090,createFind
FN:5091,(anonymous_253)
FN:5096,(anonymous_254)
FN:5110,createFlow
FN:5111,(anonymous_256)
FN:5146,(anonymous_257)
FN:5183,createHybrid
FN:5191,wrapper
FN:5245,createInverter
FN:5246,(anonymous_261)
FN:5259,createMathOperation
FN:5260,(anonymous_263)
FN:5292,createOver
FN:5293,(anonymous_265)
FN:5295,(anonymous_266)
FN:5297,(anonymous_267)
FN:5313,createPadding
FN:5338,createPartial
FN:5342,wrapper
FN:5368,createRange
FN:5369,(anonymous_272)
FN:5393,createRelationalOperation
FN:5394,(anonymous_274)
FN:5420,createRecurry
FN:5453,createRound
FN:5455,(anonymous_277)
FN:5478,(anonymous_278)
FN:5489,createToPairs
FN:5490,(anonymous_280)
FN:5527,createWrap
FN:5594,customDefaultsAssignIn
FN:5616,customDefaultsMerge
FN:5635,customOmitClone
FN:5652,equalArrays
FN:5691,(anonymous_286)
FN:5730,equalByTag
FN:5808,equalObjects
FN:5879,flatRest
FN:5890,getAllKeys
FN:5902,getAllKeysIn
FN:5913,(anonymous_292)
FN:5924,getFuncName
FN:5946,getHolder
FN:5962,getIteratee
FN:5976,getMapData
FN:5990,getMatchData
FN:6011,getNative
FN:6023,getRawTag
FN:6050,(anonymous_300)
FN:6055,(anonymous_301)
FN:6067,(anonymous_302)
FN:6091,(anonymous_303)
FN:6119,getView
FN:6144,getWrapDetails
FN:6158,hasPath
FN:6187,initCloneArray
FN:6206,initCloneObject
FN:6225,initCloneByTag
FN:6269,insertWrapDetails
FN:6287,isFlattenable
FN:6300,isIndex
FN:6317,isIterateeCall
FN:6339,isKey
FN:6359,isKeyable
FN:6374,isLaziable
FN:6395,isMasked
FN:6415,isPrototype
FN:6430,isStrictComparable
FN:6443,matchesStrictComparable
FN:6444,(anonymous_321)
FN:6461,memoizeCapped
FN:6462,(anonymous_323)
FN:6489,mergeData
FN:6553,nativeKeysIn
FN:6570,objectToString
FN:6583,overRest
FN:6585,(anonymous_328)
FN:6612,parent
FN:6626,reorder
FN:6662,(anonymous_331)
FN:6686,setWrapToString
FN:6700,shortOut
FN:6704,(anonymous_334)
FN:6728,shuffleSelf
FN:6752,(anonymous_336)
FN:6757,(anonymous_337)
FN:6770,toKey
FN:6785,toSource
FN:6805,updateWrapDetails
FN:6806,(anonymous_341)
FN:6822,wrapperClone
FN:6856,chunk
FN:6891,compact
FN:6928,concat
FN:6964,(anonymous_346)
FN:6996,(anonymous_347)
FN:7029,(anonymous_348)
FN:7064,drop
FN:7098,dropRight
FN:7143,dropRightWhile
FN:7184,dropWhile
FN:7219,fill
FN:7266,findIndex
FN:7313,findLastIndex
FN:7342,flatten
FN:7361,flattenDeep
FN:7386,flattenDepth
FN:7410,fromPairs
FN:7440,head
FN:7467,indexOf
FN:7493,initial
FN:7515,(anonymous_363)
FN:7545,(anonymous_364)
FN:7580,(anonymous_365)
FN:7608,join
FN:7626,last
FN:7652,lastIndexOf
FN:7688,nth
FN:7737,pullAll
FN:7766,pullAllBy
FN:7795,pullAllWith
FN:7825,(anonymous_373)
FN:7829,(anonymous_374)
FN:7864,remove
FN:7908,reverse
FN:7928,slice
FN:7961,sortedIndex
FN:7990,sortedIndexBy
FN:8010,sortedIndexOf
FN:8039,sortedLastIndex
FN:8068,sortedLastIndexBy
FN:8088,sortedLastIndexOf
FN:8114,sortedUniq
FN:8136,sortedUniqBy
FN:8156,tail
FN:8186,take
FN:8219,takeRight
FN:8264,takeRightWhile
FN:8305,takeWhile
FN:8327,(anonymous_391)
FN:8354,(anonymous_392)
FN:8383,(anonymous_393)
FN:8407,uniq
FN:8434,uniqBy
FN:8458,uniqWith
FN:8482,unzip
FN:8487,(anonymous_398)
FN:8493,(anonymous_399)
FN:8519,unzipWith
FN:8527,(anonymous_401)
FN:8552,(anonymous_402)
FN:8576,(anonymous_403)
FN:8603,(anonymous_404)
FN:8632,(anonymous_405)
FN:8672,zipObject
FN:8691,zipObjectDeep
FN:8715,(anonymous_408)
FN:8754,chain
FN:8783,tap
FN:8811,thru
FN:8831,(anonymous_412)
FN:8835,(anonymous_413)
FN:8847,(anonymous_414)
FN:8882,wrapperChain
FN:8912,wrapperCommit
FN:8938,wrapperNext
FN:8966,wrapperToIterator
FN:8994,wrapperPlant
FN:9034,wrapperReverse
FN:9066,wrapperValue
FN:9094,(anonymous_422)
FN:9143,every
FN:9188,filter
FN:9273,flatMap
FN:9297,flatMapDeep
FN:9322,flatMapDepth
FN:9357,forEach
FN:9382,forEachRight
FN:9410,(anonymous_430)
FN:9448,includes
FN:9484,(anonymous_432)
FN:9489,(anonymous_433)
FN:9523,(anonymous_434)
FN:9569,map
FN:9603,orderBy
FN:9653,(anonymous_437)
FN:9655,(anonymous_438)
FN:9694,reduce
FN:9723,reduceRight
FN:9764,reject
FN:9783,sample
FN:9808,sampleSize
FN:9833,shuffle
FN:9859,size
FN:9909,some
FN:9946,(anonymous_447)
FN:9977,(anonymous_448)
FN:10007,after
FN:10012,(anonymous_450)
FN:10036,ary
FN:10059,before
FN:10065,(anonymous_453)
FN:10111,(anonymous_454)
FN:10165,(anonymous_455)
FN:10215,curry
FN:10260,curryRight
FN:10321,debounce
FN:10344,invokeFunc
FN:10354,leadingEdge
FN:10363,remainingWait
FN:10371,shouldInvoke
FN:10382,timerExpired
FN:10391,trailingEdge
FN:10403,cancel
FN:10411,flush
FN:10415,debounced
FN:10461,(anonymous_468)
FN:10484,(anonymous_469)
FN:10506,flip
FN:10554,memoize
FN:10558,(anonymous_472)
FN:10597,negate
FN:10601,(anonymous_474)
FN:10631,once
FN:10666,(anonymous_476)
FN:10672,(anonymous_477)
FN:10716,(anonymous_478)
FN:10753,(anonymous_479)
FN:10780,(anonymous_480)
FN:10809,rest
FN:10851,spread
FN:10856,(anonymous_483)
FN:10911,throttle
FN:10944,unary
FN:10970,wrap
FN:11009,castArray
FN:11043,clone
FN:11078,cloneWith
FN:11101,cloneDeep
FN:11133,cloneDeepWith
FN:11162,conformsTo
FN:11198,eq
FN:11250,(anonymous_494)
FN:11272,(anonymous_495)
FN:11272,(anonymous_496)
FN:11346,isArrayLike
FN:11375,isArrayLikeObject
FN:11396,isBoolean
FN:11456,isElement
FN:11493,isEmpty
FN:11545,isEqual
FN:11581,isEqualWith
FN:11605,isError
FN:11640,isFinite
FN:11661,isFunction
FN:11697,isInteger
FN:11727,isLength
FN:11757,isObject
FN:11786,isObjectLike
FN:11837,isMatch
FN:11873,isMatchWith
FN:11906,isNaN
FN:11939,isNative
FN:11963,isNull
FN:11987,isNil
FN:12017,isNumber
FN:12050,isPlainObject
FN:12109,isSafeInteger
FN:12149,isString
FN:12171,isSymbol
FN:12212,isUndefined
FN:12233,isWeakMap
FN:12254,isWeakSet
FN:12306,(anonymous_525)
FN:12333,toArray
FN:12372,toFinite
FN:12410,toInteger
FN:12444,toLength
FN:12471,toNumber
FN:12516,toPlainObject
FN:12544,toSafeInteger
FN:12571,toString
FN:12609,(anonymous_534)
FN:12652,(anonymous_535)
FN:12685,(anonymous_536)
FN:12717,(anonymous_537)
FN:12774,create
FN:12800,(anonymous_539)
FN:12824,(anonymous_540)
FN:12864,findKey
FN:12903,findLastKey
FN:12935,forIn
FN:12967,forInRight
FN:13001,forOwn
FN:13031,forOwnRight
FN:13058,functions
FN:13085,functionsIn
FN:13114,get
FN:13146,has
FN:13176,hasIn
FN:13198,(anonymous_552)
FN:13228,(anonymous_553)
FN:13284,keys
FN:13311,keysIn
FN:13336,mapKeys
FN:13340,(anonymous_557)
FN:13374,mapValues
FN:13378,(anonymous_559)
FN:13415,(anonymous_560)
FN:13450,(anonymous_561)
FN:13474,(anonymous_562)
FN:13480,(anonymous_563)
FN:13516,omitBy
FN:13537,(anonymous_565)
FN:13559,pickBy
FN:13563,(anonymous_567)
FN:13567,(anonymous_568)
FN:13601,result
FN:13651,set
FN:13679,setWith
FN:13766,transform
FN:13783,(anonymous_573)
FN:13816,unset
FN:13847,update
FN:13875,updateWith
FN:13906,values
FN:13934,valuesIn
FN:13959,clamp
FN:14013,inRange
FN:14056,random
FN:14117,(anonymous_582)
FN:14137,capitalize
FN:14159,deburr
FN:14187,endsWith
FN:14229,escape
FN:14251,escapeRegExp
FN:14279,(anonymous_588)
FN:14303,(anonymous_589)
FN:14349,pad
FN:14388,padEnd
FN:14421,padStart
FN:14455,parseInt
FN:14486,repeat
FN:14514,replace
FN:14542,(anonymous_596)
FN:14565,split
FN:14607,(anonymous_598)
FN:14634,startsWith
FN:14748,template
FN:14785,(anonymous_601)
FN:14842,(anonymous_602)
FN:14877,toLower
FN:14902,toUpper
FN:14928,trim
FN:14963,trimEnd
FN:14996,trimStart
FN:15047,truncate
FN:15122,unescape
FN:15149,(anonymous_610)
FN:15191,words
FN:15225,(anonymous_612)
FN:15259,(anonymous_613)
FN:15260,(anonymous_614)
FN:15296,cond
FN:15300,(anonymous_616)
FN:15307,(anonymous_617)
FN:15342,conforms
FN:15365,constant
FN:15366,(anonymous_620)
FN:15391,defaultTo
FN:15458,identity
FN:15504,iteratee
FN:15536,matches
FN:15566,matchesProperty
FN:15594,(anonymous_626)
FN:15595,(anonymous_627)
FN:15623,(anonymous_628)
FN:15624,(anonymous_629)
FN:15665,mixin
FN:15679,(anonymous_631)
FN:15683,(anonymous_632)
FN:15714,noConflict
FN:15733,noop
FN:15757,nthArg
FN:15759,(anonymous_636)
FN:15858,property
FN:15883,propertyOf
FN:15884,(anonymous_639)
FN:15988,stubArray
FN:16005,stubFalse
FN:16027,stubObject
FN:16044,stubString
FN:16061,stubTrue
FN:16084,times
FN:16119,toPath
FN:16143,uniqueId
FN:16165,(anonymous_648)
FN:16207,(anonymous_649)
FN:16252,max
FN:16281,maxBy
FN:16301,mean
FN:16328,meanBy
FN:16350,min
FN:16379,minBy
FN:16400,(anonymous_656)
FN:16442,(anonymous_657)
FN:16460,sum
FN:16489,sumBy
FN:16815,(anonymous_660)
FN:16817,(anonymous_661)
FN:16837,(anonymous_662)
FN:16842,(anonymous_663)
FN:16843,(anonymous_664)
FN:16861,(anonymous_665)
FN:16867,(anonymous_666)
FN:16871,(anonymous_667)
FN:16883,(anonymous_668)
FN:16886,(anonymous_669)
FN:16892,(anonymous_670)
FN:16895,(anonymous_671)
FN:16900,(anonymous_672)
FN:16904,(anonymous_673)
FN:16908,(anonymous_674)
FN:16912,(anonymous_675)
FN:16916,(anonymous_676)
FN:16921,(anonymous_677)
FN:16925,(anonymous_678)
FN:16944,(anonymous_679)
FN:16948,(anonymous_680)
FN:16953,(anonymous_681)
FN:16962,(anonymous_682)
FN:16969,(anonymous_683)
FN:16998,(anonymous_684)
FN:17003,(anonymous_685)
FN:17009,(anonymous_686)
FN:17016,(anonymous_687)
FN:17069,(anonymous_688)
FNF:688
FNH:79
FNDA:1,(anonymous_1)
FNDA:1,(anonymous_2)
FNDA:0,addMapEntry
FNDA:0,addSetEntry
FNDA:0,apply
FNDA:0,arrayAggregator
FNDA:8,arrayEach
FNDA:0,arrayEachRight
FNDA:0,arrayEvery
FNDA:2,arrayFilter
FNDA:0,arrayIncludes
FNDA:0,arrayIncludesWith
FNDA:0,arrayMap
FNDA:0,arrayPush
FNDA:0,arrayReduce
FNDA:0,arrayReduceRight
FNDA:0,arraySome
FNDA:0,asciiToArray
FNDA:0,asciiWords
FNDA:0,baseFindKey
FNDA:0,(anonymous_21)
FNDA:0,baseFindIndex
FNDA:0,baseIndexOf
FNDA:0,baseIndexOfWith
FNDA:0,baseIsNaN
FNDA:0,baseMean
FNDA:1,baseProperty
FNDA:0,(anonymous_28)
FNDA:3,basePropertyOf
FNDA:0,(anonymous_30)
FNDA:0,baseReduce
FNDA:0,(anonymous_32)
FNDA:0,baseSortBy
FNDA:0,baseSum
FNDA:0,baseTimes
FNDA:0,baseToPairs
FNDA:0,(anonymous_37)
FNDA:6,baseUnary
FNDA:0,(anonymous_39)
FNDA:0,baseValues
FNDA:0,(anonymous_41)
FNDA:0,cacheHas
FNDA:0,charsStartIndex
FNDA:0,charsEndIndex
FNDA:0,countHolders
FNDA:0,escapeStringChar
FNDA:7,getValue
FNDA:0,hasUnicode
FNDA:0,hasUnicodeWord
FNDA:0,iteratorToArray
FNDA:0,mapToArray
FNDA:0,(anonymous_52)
FNDA:2,overArg
FNDA:3,(anonymous_54)
FNDA:0,replaceHolders
FNDA:1,setToArray
FNDA:2,(anonymous_57)
FNDA:0,setToPairs
FNDA:0,(anonymous_59)
FNDA:0,strictIndexOf
FNDA:0,strictLastIndexOf
FNDA:0,stringSize
FNDA:0,stringToArray
FNDA:0,unicodeSize
FNDA:0,unicodeToArray
FNDA:0,unicodeWords
FNDA:1,runInContext
FNDA:1,(anonymous_68)
FNDA:1,(anonymous_69)
FNDA:0,lodash
FNDA:1,(anonymous_71)
FNDA:0,object
FNDA:2,(anonymous_73)
FNDA:0,baseLodash
FNDA:0,LodashWrapper
FNDA:0,LazyWrapper
FNDA:0,lazyClone
FNDA:0,lazyReverse
FNDA:0,lazyValue
FNDA:2,Hash
FNDA:2,hashClear
FNDA:0,hashDelete
FNDA:0,hashGet
FNDA:0,hashHas
FNDA:0,hashSet
FNDA:0,ListCache
FNDA:0,listCacheClear
FNDA:0,listCacheDelete
FNDA:0,listCacheGet
FNDA:0,listCacheHas
FNDA:0,listCacheSet
FNDA:1,MapCache
FNDA:1,mapCacheClear
FNDA:0,mapCacheDelete
FNDA:0,mapCacheGet
FNDA:0,mapCacheHas
FNDA:0,mapCacheSet
FNDA:0,SetCache
FNDA:0,setCacheAdd
FNDA:0,setCacheHas
FNDA:0,Stack
FNDA:0,stackClear
FNDA:0,stackDelete
FNDA:0,stackGet
FNDA:0,stackHas
FNDA:0,stackSet
FNDA:0,arrayLikeKeys
FNDA:0,arraySample
FNDA:0,arraySampleSize
FNDA:0,arrayShuffle
FNDA:0,assignMergeValue
FNDA:0,assignValue
FNDA:0,assocIndexOf
FNDA:0,baseAggregator
FNDA:0,(anonymous_115)
FNDA:0,baseAssign
FNDA:0,baseAssignIn
FNDA:0,baseAssignValue
FNDA:0,baseAt
FNDA:0,baseClamp
FNDA:0,baseClone
FNDA:0,(anonymous_122)
FNDA:0,baseConforms
FNDA:0,(anonymous_124)
FNDA:0,baseConformsTo
FNDA:0,baseDelay
FNDA:0,(anonymous_127)
FNDA:0,baseDifference
FNDA:0,baseEvery
FNDA:0,(anonymous_130)
FNDA:0,baseExtremum
FNDA:0,baseFill
FNDA:0,baseFilter
FNDA:0,(anonymous_134)
FNDA:0,baseFlatten
FNDA:3,baseForOwn
FNDA:0,baseForOwnRight
FNDA:2,baseFunctions
FNDA:307,(anonymous_139)
FNDA:0,baseGet
FNDA:0,baseGetAllKeys
FNDA:324,baseGetTag
FNDA:0,baseGt
FNDA:0,baseHas
FNDA:0,baseHasIn
FNDA:0,baseInRange
FNDA:0,baseIntersection
FNDA:0,baseInverter
FNDA:0,(anonymous_149)
FNDA:0,baseInvoke
FNDA:1,baseIsArguments
FNDA:0,baseIsArrayBuffer
FNDA:0,baseIsDate
FNDA:0,baseIsEqual
FNDA:0,baseIsEqualDeep
FNDA:0,baseIsMap
FNDA:0,baseIsMatch
FNDA:7,baseIsNative
FNDA:0,baseIsRegExp
FNDA:0,baseIsSet
FNDA:0,baseIsTypedArray
FNDA:0,baseIteratee
FNDA:5,baseKeys
FNDA:0,baseKeysIn
FNDA:0,baseLt
FNDA:0,baseMap
FNDA:0,(anonymous_167)
FNDA:0,baseMatches
FNDA:0,(anonymous_169)
FNDA:0,baseMatchesProperty
FNDA:0,(anonymous_171)
FNDA:0,baseMerge
FNDA:0,(anonymous_173)
FNDA:0,baseMergeDeep
FNDA:0,baseNth
FNDA:0,baseOrderBy
FNDA:0,(anonymous_177)
FNDA:0,(anonymous_178)
FNDA:0,(anonymous_179)
FNDA:0,basePick
FNDA:0,(anonymous_181)
FNDA:0,basePickBy
FNDA:0,basePropertyDeep
FNDA:0,(anonymous_184)
FNDA:0,basePullAll
FNDA:0,basePullAt
FNDA:0,baseRandom
FNDA:0,baseRange
FNDA:0,baseRepeat
FNDA:38,baseRest
FNDA:0,baseSample
FNDA:0,baseSampleSize
FNDA:0,baseSet
FNDA:0,(anonymous_194)
FNDA:50,(anonymous_195)
FNDA:0,baseShuffle
FNDA:0,baseSlice
FNDA:0,baseSome
FNDA:0,(anonymous_199)
FNDA:0,baseSortedIndex
FNDA:0,baseSortedIndexBy
FNDA:0,baseSortedUniq
FNDA:0,baseToNumber
FNDA:0,baseToString
FNDA:0,baseUniq
FNDA:0,baseUnset
FNDA:0,baseUpdate
FNDA:0,baseWhile
FNDA:0,baseWrapperValue
FNDA:0,(anonymous_210)
FNDA:0,baseXor
FNDA:0,baseZipObject
FNDA:0,castArrayLikeObject
FNDA:0,castFunction
FNDA:0,castPath
FNDA:0,castSlice
FNDA:0,(anonymous_217)
FNDA:0,cloneBuffer
FNDA:0,cloneArrayBuffer
FNDA:0,cloneDataView
FNDA:0,cloneMap
FNDA:0,cloneRegExp
FNDA:0,cloneSet
FNDA:0,cloneSymbol
FNDA:0,cloneTypedArray
FNDA:0,compareAscending
FNDA:0,compareMultiple
FNDA:0,composeArgs
FNDA:0,composeArgsRight
FNDA:0,copyArray
FNDA:0,copyObject
FNDA:0,copySymbols
FNDA:0,copySymbolsIn
FNDA:4,createAggregator
FNDA:0,(anonymous_235)
FNDA:6,createAssigner
FNDA:0,(anonymous_237)
FNDA:2,createBaseEach
FNDA:0,(anonymous_239)
FNDA:2,createBaseFor
FNDA:3,(anonymous_241)
FNDA:0,createBind
FNDA:0,wrapper
FNDA:2,createCaseFirst
FNDA:0,(anonymous_245)
FNDA:6,createCompounder
FNDA:0,(anonymous_247)
FNDA:0,createCtor
FNDA:0,(anonymous_249)
FNDA:0,createCurry
FNDA:0,wrapper
FNDA:2,createFind
FNDA:0,(anonymous_253)
FNDA:0,(anonymous_254)
FNDA:2,createFlow
FNDA:0,(anonymous_256)
FNDA:0,(anonymous_257)
FNDA:1,createHybrid
FNDA:0,wrapper
FNDA:2,createInverter
FNDA:0,(anonymous_261)
FNDA:4,createMathOperation
FNDA:0,(anonymous_263)
FNDA:3,createOver
FNDA:0,(anonymous_265)
FNDA:0,(anonymous_266)
FNDA:0,(anonymous_267)
FNDA:0,createPadding
FNDA:0,createPartial
FNDA:0,wrapper
FNDA:2,createRange
FNDA:0,(anonymous_272)
FNDA:4,createRelationalOperation
FNDA:0,(anonymous_274)
FNDA:0,createRecurry
FNDA:3,createRound
FNDA:0,(anonymous_277)
FNDA:0,(anonymous_278)
FNDA:2,createToPairs
FNDA:0,(anonymous_280)
FNDA:0,createWrap
FNDA:0,customDefaultsAssignIn
FNDA:0,customDefaultsMerge
FNDA:0,customOmitClone
FNDA:0,equalArrays
FNDA:0,(anonymous_286)
FNDA:0,equalByTag
FNDA:0,equalObjects
FNDA:12,flatRest
FNDA:0,getAllKeys
FNDA:0,getAllKeysIn
FNDA:0,(anonymous_292)
FNDA:0,getFuncName
FNDA:0,getHolder
FNDA:0,getIteratee
FNDA:0,getMapData
FNDA:0,getMatchData
FNDA:7,getNative
FNDA:5,getRawTag
FNDA:0,(anonymous_300)
FNDA:0,(anonymous_301)
FNDA:0,(anonymous_302)
FNDA:0,(anonymous_303)
FNDA:0,getView
FNDA:0,getWrapDetails
FNDA:0,hasPath
FNDA:0,initCloneArray
FNDA:0,initCloneObject
FNDA:0,initCloneByTag
FNDA:0,insertWrapDetails
FNDA:0,isFlattenable
FNDA:0,isIndex
FNDA:0,isIterateeCall
FNDA:0,isKey
FNDA:0,isKeyable
FNDA:0,isLaziable
FNDA:7,isMasked
FNDA:5,isPrototype
FNDA:0,isStrictComparable
FNDA:0,matchesStrictComparable
FNDA:0,(anonymous_321)
FNDA:1,memoizeCapped
FNDA:0,(anonymous_323)
FNDA:0,mergeData
FNDA:0,nativeKeysIn
FNDA:319,objectToString
FNDA:50,overRest
FNDA:0,(anonymous_328)
FNDA:0,parent
FNDA:0,reorder
FNDA:0,(anonymous_331)
FNDA:0,setWrapToString
FNDA:2,shortOut
FNDA:50,(anonymous_334)
FNDA:0,shuffleSelf
FNDA:0,(anonymous_336)
FNDA:0,(anonymous_337)
FNDA:0,toKey
FNDA:12,toSource
FNDA:0,updateWrapDetails
FNDA:0,(anonymous_341)
FNDA:0,wrapperClone
FNDA:0,chunk
FNDA:0,compact
FNDA:0,concat
FNDA:0,(anonymous_346)
FNDA:0,(anonymous_347)
FNDA:0,(anonymous_348)
FNDA:0,drop
FNDA:0,dropRight
FNDA:0,dropRightWhile
FNDA:0,dropWhile
FNDA:0,fill
FNDA:0,findIndex
FNDA:0,findLastIndex
FNDA:0,flatten
FNDA:0,flattenDeep
FNDA:0,flattenDepth
FNDA:0,fromPairs
FNDA:0,head
FNDA:0,indexOf
FNDA:0,initial
FNDA:0,(anonymous_363)
FNDA:0,(anonymous_364)
FNDA:0,(anonymous_365)
FNDA:0,join
FNDA:0,last
FNDA:0,lastIndexOf
FNDA:0,nth
FNDA:0,pullAll
FNDA:0,pullAllBy
FNDA:0,pullAllWith
FNDA:0,(anonymous_373)
FNDA:0,(anonymous_374)
FNDA:0,remove
FNDA:0,reverse
FNDA:0,slice
FNDA:0,sortedIndex
FNDA:0,sortedIndexBy
FNDA:0,sortedIndexOf
FNDA:0,sortedLastIndex
FNDA:0,sortedLastIndexBy
FNDA:0,sortedLastIndexOf
FNDA:0,sortedUniq
FNDA:0,sortedUniqBy
FNDA:0,tail
FNDA:0,take
FNDA:0,takeRight
FNDA:0,takeRightWhile
FNDA:0,takeWhile
FNDA:0,(anonymous_391)
FNDA:0,(anonymous_392)
FNDA:0,(anonymous_393)
FNDA:0,uniq
FNDA:0,uniqBy
FNDA:0,uniqWith
FNDA:0,unzip
FNDA:0,(anonymous_398)
FNDA:0,(anonymous_399)
FNDA:0,unzipWith
FNDA:0,(anonymous_401)
FNDA:0,(anonymous_402)
FNDA:0,(anonymous_403)
FNDA:0,(anonymous_404)
FNDA:0,(anonymous_405)
FNDA:0,zipObject
FNDA:0,zipObjectDeep
FNDA:0,(anonymous_408)
FNDA:0,chain
FNDA:0,tap
FNDA:0,thru
FNDA:0,(anonymous_412)
FNDA:0,(anonymous_413)
FNDA:0,(anonymous_414)
FNDA:0,wrapperChain
FNDA:0,wrapperCommit
FNDA:0,wrapperNext
FNDA:0,wrapperToIterator
FNDA:0,wrapperPlant
FNDA:0,wrapperReverse
FNDA:0,wrapperValue
FNDA:0,(anonymous_422)
FNDA:0,every
FNDA:0,filter
FNDA:0,flatMap
FNDA:0,flatMapDeep
FNDA:0,flatMapDepth
FNDA:0,forEach
FNDA:0,forEachRight
FNDA:0,(anonymous_430)
FNDA:0,includes
FNDA:0,(anonymous_432)
FNDA:0,(anonymous_433)
FNDA:0,(anonymous_434)
FNDA:0,map
FNDA:0,orderBy
FNDA:0,(anonymous_437)
FNDA:0,(anonymous_438)
FNDA:0,reduce
FNDA:0,reduceRight
FNDA:0,reject
FNDA:0,sample
FNDA:0,sampleSize
FNDA:0,shuffle
FNDA:0,size
FNDA:0,some
FNDA:0,(anonymous_447)
FNDA:0,(anonymous_448)
FNDA:0,after
FNDA:0,(anonymous_450)
FNDA:0,ary
FNDA:0,before
FNDA:0,(anonymous_453)
FNDA:0,(anonymous_454)
FNDA:0,(anonymous_455)
FNDA:0,curry
FNDA:0,curryRight
FNDA:0,debounce
FNDA:0,invokeFunc
FNDA:0,leadingEdge
FNDA:0,remainingWait
FNDA:0,shouldInvoke
FNDA:0,timerExpired
FNDA:0,trailingEdge
FNDA:0,cancel
FNDA:0,flush
FNDA:0,debounced
FNDA:0,(anonymous_468)
FNDA:0,(anonymous_469)
FNDA:0,flip
FNDA:1,memoize
FNDA:0,(anonymous_472)
FNDA:0,negate
FNDA:0,(anonymous_474)
FNDA:0,once
FNDA:0,(anonymous_476)
FNDA:0,(anonymous_477)
FNDA:0,(anonymous_478)
FNDA:0,(anonymous_479)
FNDA:0,(anonymous_480)
FNDA:0,rest
FNDA:0,spread
FNDA:0,(anonymous_483)
FNDA:0,throttle
FNDA:0,unary
FNDA:0,wrap
FNDA:0,castArray
FNDA:0,clone
FNDA:0,cloneWith
FNDA:0,cloneDeep
FNDA:0,cloneDeepWith
FNDA:0,conformsTo
FNDA:0,eq
FNDA:0,(anonymous_494)
FNDA:1,(anonymous_495)
FNDA:0,(anonymous_496)
FNDA:5,isArrayLike
FNDA:0,isArrayLikeObject
FNDA:0,isBoolean
FNDA:0,isElement
FNDA:0,isEmpty
FNDA:0,isEqual
FNDA:0,isEqualWith
FNDA:0,isError
FNDA:0,isFinite
FNDA:318,isFunction
FNDA:0,isInteger
FNDA:5,isLength
FNDA:330,isObject
FNDA:1,isObjectLike
FNDA:0,isMatch
FNDA:0,isMatchWith
FNDA:0,isNaN
FNDA:0,isNative
FNDA:0,isNull
FNDA:0,isNil
FNDA:0,isNumber
FNDA:0,isPlainObject
FNDA:0,isSafeInteger
FNDA:0,isString
FNDA:0,isSymbol
FNDA:0,isUndefined
FNDA:0,isWeakMap
FNDA:0,isWeakSet
FNDA:0,(anonymous_525)
FNDA:0,toArray
FNDA:0,toFinite
FNDA:0,toInteger
FNDA:0,toLength
FNDA:0,toNumber
FNDA:0,toPlainObject
FNDA:0,toSafeInteger
FNDA:0,toString
FNDA:0,(anonymous_534)
FNDA:0,(anonymous_535)
FNDA:0,(anonymous_536)
FNDA:0,(anonymous_537)
FNDA:0,create
FNDA:0,(anonymous_539)
FNDA:0,(anonymous_540)
FNDA:0,findKey
FNDA:0,findLastKey
FNDA:0,forIn
FNDA:0,forInRight
FNDA:0,forOwn
FNDA:0,forOwnRight
FNDA:0,functions
FNDA:0,functionsIn
FNDA:0,get
FNDA:0,has
FNDA:0,hasIn
FNDA:0,(anonymous_552)
FNDA:0,(anonymous_553)
FNDA:5,keys
FNDA:0,keysIn
FNDA:0,mapKeys
FNDA:0,(anonymous_557)
FNDA:0,mapValues
FNDA:0,(anonymous_559)
FNDA:0,(anonymous_560)
FNDA:0,(anonymous_561)
FNDA:0,(anonymous_562)
FNDA:0,(anonymous_563)
FNDA:0,omitBy
FNDA:0,(anonymous_565)
FNDA:0,pickBy
FNDA:0,(anonymous_567)
FNDA:0,(anonymous_568)
FNDA:0,result
FNDA:0,set
FNDA:0,setWith
FNDA:0,transform
FNDA:0,(anonymous_573)
FNDA:0,unset
FNDA:0,update
FNDA:0,updateWith
FNDA:0,values
FNDA:0,valuesIn
FNDA:0,clamp
FNDA:0,inRange
FNDA:0,random
FNDA:0,(anonymous_582)
FNDA:0,capitalize
FNDA:0,deburr
FNDA:0,endsWith
FNDA:0,escape
FNDA:0,escapeRegExp
FNDA:0,(anonymous_588)
FNDA:0,(anonymous_589)
FNDA:0,pad
FNDA:0,padEnd
FNDA:0,padStart
FNDA:0,parseInt
FNDA:0,repeat
FNDA:0,replace
FNDA:0,(anonymous_596)
FNDA:0,split
FNDA:0,(anonymous_598)
FNDA:0,startsWith
FNDA:0,template
FNDA:0,(anonymous_601)
FNDA:0,(anonymous_602)
FNDA:0,toLower
FNDA:0,toUpper
FNDA:0,trim
FNDA:0,trimEnd
FNDA:0,trimStart
FNDA:0,truncate
FNDA:0,unescape
FNDA:0,(anonymous_610)
FNDA:0,words
FNDA:0,(anonymous_612)
FNDA:0,(anonymous_613)
FNDA:0,(anonymous_614)
FNDA:0,cond
FNDA:0,(anonymous_616)
FNDA:0,(anonymous_617)
FNDA:0,conforms
FNDA:51,constant
FNDA:0,(anonymous_620)
FNDA:0,defaultTo
FNDA:0,identity
FNDA:0,iteratee
FNDA:0,matches
FNDA:0,matchesProperty
FNDA:0,(anonymous_626)
FNDA:0,(anonymous_627)
FNDA:0,(anonymous_628)
FNDA:0,(anonymous_629)
FNDA:2,mixin
FNDA:305,(anonymous_631)
FNDA:0,(anonymous_632)
FNDA:0,noConflict
FNDA:0,noop
FNDA:0,nthArg
FNDA:0,(anonymous_636)
FNDA:0,property
FNDA:0,propertyOf
FNDA:0,(anonymous_639)
FNDA:0,stubArray
FNDA:0,stubFalse
FNDA:0,stubObject
FNDA:0,stubString
FNDA:0,stubTrue
FNDA:0,times
FNDA:0,toPath
FNDA:0,uniqueId
FNDA:0,(anonymous_648)
FNDA:0,(anonymous_649)
FNDA:0,max
FNDA:0,maxBy
FNDA:0,mean
FNDA:0,meanBy
FNDA:0,min
FNDA:0,minBy
FNDA:0,(anonymous_656)
FNDA:0,(anonymous_657)
FNDA:0,sum
FNDA:0,sumBy
FNDA:1,(anonymous_660)
FNDA:306,(anonymous_661)
FNDA:6,(anonymous_662)
FNDA:2,(anonymous_663)
FNDA:0,(anonymous_664)
FNDA:0,(anonymous_665)
FNDA:3,(anonymous_666)
FNDA:0,(anonymous_667)
FNDA:2,(anonymous_668)
FNDA:0,(anonymous_669)
FNDA:2,(anonymous_670)
FNDA:0,(anonymous_671)
FNDA:0,(anonymous_672)
FNDA:0,(anonymous_673)
FNDA:0,(anonymous_674)
FNDA:0,(anonymous_675)
FNDA:0,(anonymous_676)
FNDA:0,(anonymous_677)
FNDA:0,(anonymous_678)
FNDA:0,(anonymous_679)
FNDA:0,(anonymous_680)
FNDA:19,(anonymous_681)
FNDA:0,(anonymous_682)
FNDA:0,(anonymous_683)
FNDA:6,(anonymous_684)
FNDA:0,(anonymous_685)
FNDA:0,(anonymous_686)
FNDA:19,(anonymous_687)
FNDA:0,(anonymous_688)
DA:9,1
DA:12,1
DA:15,1
DA:18,1
DA:21,1
DA:25,1
DA:28,1
DA:31,1
DA:34,1
DA:39,1
DA:43,1
DA:55,1
DA:59,1
DA:63,1
DA:68,1
DA:74,1
DA:79,1
DA:92,1
DA:115,1
DA:128,1
DA:133,1
DA:139,1
DA:144,1
DA:153,1
DA:157,1
DA:162,1
DA:167,1
DA:170,1
DA:176,1
DA:179,1
DA:182,1
DA:185,1
DA:188,1
DA:191,1
DA:194,1
DA:197,1
DA:200,1
DA:203,1
DA:206,1
DA:222,1
DA:239,1
DA:253,1
DA:259,1
DA:262,1
DA:265,1
DA:277,1
DA:280,1
DA:283,1
DA:292,1
DA:295,1
DA:296,1
DA:301,1
DA:311,1
DA:312,1
DA:323,1
DA:327,1
DA:385,1
DA:394,1
DA:403,1
DA:413,1
DA:417,1
DA:420,1
DA:423,1
DA:426,1
DA:429,1
DA:432,1
DA:435,1
DA:438,1
DA:439,1
DA:440,1
DA:445,1
DA:462,1
DA:464,0
DA:465,0
DA:476,1
DA:478,0
DA:479,0
DA:492,1
DA:493,0
DA:494,0
DA:495,0
DA:496,0
DA:497,0
DA:499,0
DA:512,1
DA:513,0
DA:516,0
DA:517,0
DA:518,0
DA:520,0
DA:532,1
DA:533,8
DA:536,8
DA:537,326
DA:538,0
DA:541,8
DA:553,1
DA:554,0
DA:556,0
DA:557,0
DA:558,0
DA:561,0
DA:574,1
DA:575,0
DA:578,0
DA:579,0
DA:580,0
DA:583,0
DA:595,1
DA:596,2
DA:601,2
DA:602,307
DA:603,307
DA:604,305
DA:607,2
DA:619,1
DA:620,0
DA:621,0
DA:633,1
DA:634,0
DA:637,0
DA:638,0
DA:639,0
DA:642,0
DA:654,1
DA:655,0
DA:659,0
DA:660,0
DA:662,0
DA:673,1
DA:674,0
DA:678,0
DA:679,0
DA:681,0
DA:696,1
DA:697,0
DA:700,0
DA:701,0
DA:703,0
DA:704,0
DA:706,0
DA:721,1
DA:722,0
DA:723,0
DA:724,0
DA:726,0
DA:727,0
DA:729,0
DA:742,1
DA:743,0
DA:746,0
DA:747,0
DA:748,0
DA:751,0
DA:761,1
DA:770,1
DA:771,0
DA:781,1
DA:782,0
DA:796,1
DA:797,0
DA:798,0
DA:799,0
DA:800,0
DA:801,0
DA:804,0
DA:818,1
DA:819,0
DA:822,0
DA:823,0
DA:824,0
DA:827,0
DA:839,1
DA:840,0
DA:855,1
DA:856,0
DA:859,0
DA:860,0
DA:861,0
DA:864,0
DA:874,1
DA:875,0
DA:887,1
DA:888,0
DA:889,0
DA:899,1
DA:900,1
DA:901,0
DA:912,1
DA:913,3
DA:914,0
DA:931,1
DA:932,0
DA:933,0
DA:937,0
DA:950,1
DA:951,0
DA:953,0
DA:954,0
DA:955,0
DA:957,0
DA:969,1
DA:970,0
DA:974,0
DA:975,0
DA:976,0
DA:977,0
DA:980,0
DA:992,1
DA:993,0
DA:996,0
DA:997,0
DA:999,0
DA:1011,1
DA:1012,0
DA:1013,0
DA:1024,1
DA:1025,6
DA:1026,0
DA:1040,1
DA:1041,0
DA:1042,0
DA:1054,1
DA:1055,0
DA:1067,1
DA:1068,0
DA:1071,0
DA:1072,0
DA:1084,1
DA:1085,0
DA:1087,0
DA:1088,0
DA:1099,1
DA:1100,0
DA:1103,0
DA:1104,0
DA:1105,0
DA:1108,0
DA:1119,1
DA:1128,1
DA:1137,1
DA:1138,0
DA:1149,1
DA:1150,7
DA:1160,1
DA:1161,0
DA:1171,1
DA:1172,0
DA:1182,1
DA:1183,0
DA:1186,0
DA:1187,0
DA:1189,0
DA:1199,1
DA:1200,0
DA:1203,0
DA:1204,0
DA:1206,0
DA:1217,1
DA:1218,2
DA:1219,3
DA:1232,1
DA:1233,0
DA:1238,0
DA:1239,0
DA:1240,0
DA:1241,0
DA:1242,0
DA:1245,0
DA:1255,1
DA:1256,1
DA:1259,1
DA:1260,2
DA:1262,1
DA:1272,1
DA:1273,0
DA:1276,0
DA:1277,0
DA:1279,0
DA:1292,1
DA:1293,0
DA:1296,0
DA:1297,0
DA:1298,0
DA:1301,0
DA:1314,1
DA:1315,0
DA:1316,0
DA:1317,0
DA:1318,0
DA:1321,0
DA:1331,1
DA:1332,0
DA:1344,1
DA:1345,0
DA:1357,1
DA:1366,1
DA:1367,0
DA:1368,0
DA:1369,0
DA:1371,0
DA:1381,1
DA:1382,0
DA:1392,1
DA:1393,0
DA:1427,1
DA:1428,1
DA:1431,1
DA:1442,1
DA:1447,1
DA:1450,1
DA:1453,1
DA:1456,1
DA:1459,1
DA:1460,1
DA:1461,1
DA:1469,1
DA:1472,1
DA:1475,1
DA:1478,1
DA:1484,1
DA:1496,1
DA:1497,1
DA:1498,1
DA:1499,1
DA:1500,1
DA:1505,1
DA:1510,1
DA:1525,1
DA:1533,1
DA:1536,1
DA:1539,1
DA:1546,1
DA:1669,1
DA:1670,0
DA:1671,0
DA:1672,0
DA:1674,0
DA:1675,0
DA:1678,0
DA:1689,1
DA:1690,1
DA:1691,1
DA:1692,2
DA:1693,0
DA:1695,2
DA:1696,2
DA:1698,0
DA:1699,0
DA:1700,0
DA:1701,0
DA:1710,1
DA:1721,1
DA:1722,0
DA:1723,0
DA:1724,0
DA:1725,0
DA:1726,0
DA:1738,1
DA:1791,1
DA:1792,1
DA:1794,1
DA:1795,1
DA:1806,1
DA:1807,0
DA:1808,0
DA:1809,0
DA:1810,0
DA:1811,0
DA:1812,0
DA:1813,0
DA:1824,1
DA:1825,0
DA:1826,0
DA:1827,0
DA:1828,0
DA:1829,0
DA:1830,0
DA:1831,0
DA:1832,0
DA:1843,1
DA:1844,0
DA:1845,0
DA:1846,0
DA:1847,0
DA:1849,0
DA:1850,0
DA:1852,0
DA:1863,1
DA:1864,0
DA:1879,0
DA:1880,0
DA:1882,0
DA:1884,0
DA:1885,0
DA:1886,0
DA:1888,0
DA:1891,0
DA:1892,0
DA:1897,0
DA:1898,0
DA:1899,0
DA:1900,0
DA:1901,0
DA:1903,0
DA:1907,0
DA:1909,0
DA:1913,1
DA:1914,1
DA:1925,1
DA:1926,2
DA:1929,2
DA:1930,2
DA:1931,0
DA:1932,0
DA:1943,1
DA:1944,2
DA:1945,2
DA:1958,1
DA:1959,0
DA:1960,0
DA:1961,0
DA:1973,1
DA:1974,0
DA:1975,0
DA:1976,0
DA:1977,0
DA:1979,0
DA:1991,1
DA:1992,0
DA:1993,0
DA:2006,1
DA:2007,0
DA:2008,0
DA:2009,0
DA:2010,0
DA:2014,1
DA:2015,1
DA:2016,1
DA:2017,1
DA:2018,1
DA:2029,1
DA:2030,0
DA:2033,0
DA:2034,0
DA:2035,0
DA:2036,0
DA:2047,1
DA:2048,0
DA:2049,0
DA:2061,1
DA:2062,0
DA:2065,0
DA:2066,0
DA:2068,0
DA:2069,0
DA:2070,0
DA:2072,0
DA:2074,0
DA:2075,0
DA:2087,1
DA:2088,0
DA:2091,0
DA:2103,1
DA:2104,0
DA:2117,1
DA:2118,0
DA:2121,0
DA:2122,0
DA:2123,0
DA:2125,0
DA:2127,0
DA:2131,1
DA:2132,1
DA:2133,1
DA:2134,1
DA:2135,1
DA:2146,1
DA:2147,1
DA:2150,1
DA:2151,1
DA:2152,0
DA:2153,0
DA:2164,1
DA:2165,1
DA:2166,1
DA:2182,1
DA:2183,0
DA:2184,0
DA:2185,0
DA:2197,1
DA:2198,0
DA:2210,1
DA:2211,0
DA:2224,1
DA:2225,0
DA:2228,0
DA:2229,0
DA:2230,0
DA:2234,1
DA:2235,1
DA:2236,1
DA:2237,1
DA:2238,1
DA:2250,1
DA:2251,0
DA:2254,0
DA:2255,0
DA:2256,0
DA:2270,1
DA:2271,0
DA:2272,0
DA:2284,1
DA:2285,0
DA:2289,1
DA:2290,1
DA:2301,1
DA:2302,0
DA:2303,0
DA:2313,1
DA:2314,0
DA:2315,0
DA:2327,1
DA:2328,0
DA:2331,0
DA:2332,0
DA:2344,1
DA:2345,0
DA:2357,1
DA:2358,0
DA:2371,1
DA:2372,0
DA:2373,0
DA:2374,0
DA:2375,0
DA:2376,0
DA:2377,0
DA:2378,0
DA:2380,0
DA:2382,0
DA:2383,0
DA:2384,0
DA:2388,1
DA:2389,1
DA:2390,1
DA:2391,1
DA:2392,1
DA:2404,1
DA:2405,0
DA:2413,0
DA:2414,0
DA:2425,0
DA:2428,0
DA:2438,1
DA:2439,0
DA:2440,0
DA:2451,1
DA:2452,0
DA:2462,1
DA:2463,0
DA:2475,1
DA:2476,0
DA:2478,0
DA:2492,1
DA:2493,0
DA:2494,0
DA:2496,0
DA:2508,1
DA:2509,0
DA:2510,0
DA:2511,0
DA:2512,0
DA:2515,0
DA:2529,1
DA:2530,0
DA:2531,0
DA:2533,0
DA:2545,1
DA:2546,0
DA:2558,1
DA:2559,0
DA:2571,1
DA:2572,0
DA:2573,0
DA:2580,0
DA:2592,1
DA:2593,0
DA:2598,0
DA:2599,0
DA:2601,0
DA:2613,1
DA:2614,0
DA:2615,0
DA:2616,0
DA:2618,0
DA:2619,0
DA:2622,0
DA:2641,1
DA:2642,0
DA:2647,0
DA:2648,0
DA:2650,0
DA:2651,0
DA:2653,0
DA:2654,0
DA:2656,0
DA:2657,0
DA:2658,0
DA:2659,0
DA:2660,0
DA:2663,0
DA:2666,0
DA:2667,0
DA:2669,0
DA:2670,0
DA:2671,0
DA:2672,0
DA:2677,0
DA:2678,0
DA:2680,0
DA:2684,0
DA:2685,0
DA:2686,0
DA:2687,0
DA:2689,0
DA:2691,0
DA:2695,0
DA:2696,0
DA:2697,0
DA:2698,0
DA:2699,0
DA:2702,0
DA:2704,0
DA:2714,1
DA:2715,0
DA:2716,0
DA:2717,0
DA:2729,1
DA:2730,0
DA:2731,0
DA:2732,0
DA:2734,0
DA:2735,0
DA:2736,0
DA:2740,0
DA:2741,0
DA:2744,0
DA:2757,1
DA:2758,0
DA:2759,0
DA:2761,0
DA:2775,1
DA:2776,0
DA:2783,0
DA:2784,0
DA:2786,0
DA:2787,0
DA:2789,0
DA:2790,0
DA:2791,0
DA:2793,0
DA:2794,0
DA:2795,0
DA:2796,0
DA:2798,0
DA:2799,0
DA:2800,0
DA:2803,0
DA:2804,0
DA:2805,0
DA:2806,0
DA:2807,0
DA:2808,0
DA:2811,0
DA:2813,0
DA:2814,0
DA:2817,0
DA:2828,1
DA:2838,1
DA:2849,1
DA:2850,0
DA:2851,0
DA:2852,0
DA:2853,0
DA:2855,0
DA:2868,1
DA:2869,0
DA:2872,0
DA:2873,0
DA:2876,0
DA:2880,0
DA:2884,0
DA:2897,1
DA:2898,0
DA:2900,0
DA:2901,0
DA:2902,0
DA:2904,0
DA:2905,0
DA:2906,0
DA:2908,0
DA:2909,0
DA:2910,0
DA:2912,0
DA:2923,1
DA:2924,0
DA:2925,0
DA:2926,0
DA:2927,0
DA:2930,0
DA:2944,1
DA:2945,0
DA:2948,0
DA:2949,0
DA:2951,0
DA:2952,0
DA:2953,0
DA:2954,0
DA:2956,0
DA:2958,0
DA:2960,0
DA:2961,0
DA:2964,0
DA:2978,1
DA:2990,1
DA:3000,1
DA:3001,3
DA:3012,1
DA:3013,0
DA:3025,1
DA:3026,2
DA:3027,307
DA:3039,1
DA:3040,0
DA:3042,0
DA:3045,0
DA:3046,0
DA:3048,0
DA:3062,1
DA:3063,0
DA:3064,0
DA:3074,1
DA:3075,324
DA:3076,0
DA:3078,324
DA:3092,1
DA:3093,0
DA:3104,1
DA:3105,0
DA:3116,1
DA:3117,0
DA:3129,1
DA:3130,0
DA:3143,1
DA:3144,0
DA:3152,0
DA:3153,0
DA:3154,0
DA:3155,0
DA:3157,0
DA:3158,0
DA:3162,0
DA:3164,0
DA:3167,0
DA:3168,0
DA:3169,0
DA:3172,0
DA:3173,0
DA:3177,0
DA:3178,0
DA:3179,0
DA:3180,0
DA:3184,0
DA:3187,0
DA:3188,0
DA:3190,0
DA:3193,0
DA:3207,1
DA:3208,0
DA:3209,0
DA:3211,0
DA:3224,1
DA:3225,0
DA:3226,0
DA:3227,0
DA:3228,0
DA:3238,1
DA:3239,1
DA:3249,1
DA:3250,0
DA:3260,1
DA:3261,0
DA:3278,1
DA:3279,0
DA:3280,0
DA:3282,0
DA:3283,0
DA:3285,0
DA:3302,1
DA:3303,0
DA:3308,0
DA:3309,0
DA:3311,0
DA:3315,0
DA:3316,0
DA:3317,0
DA:3319,0
DA:3320,0
DA:3322,0
DA:3323,0
DA:3324,0
DA:3328,0
DA:3329,0
DA:3332,0
DA:3333,0
DA:3336,0
DA:3337,0
DA:3340,0
DA:3341,0
DA:3343,0
DA:3344,0
DA:3354,1
DA:3355,0
DA:3368,1
DA:3369,0
DA:3373,0
DA:3374,0
DA:3376,0
DA:3377,0
DA:3378,0
DA:3379,0
DA:3383,0
DA:3386,0
DA:3387,0
DA:3388,0
DA:3392,0
DA:3393,0
DA:3394,0
DA:3397,0
DA:3398,0
DA:3399,0
DA:3401,0
DA:3405,0
DA:3409,0
DA:3420,1
DA:3421,7
DA:3422,0
DA:3424,7
DA:3425,7
DA:3435,1
DA:3436,0
DA:3446,1
DA:3447,0
DA:3457,1
DA:3458,0
DA:3469,1
DA:3472,0
DA:3473,0
DA:3475,0
DA:3476,0
DA:3478,0
DA:3479,0
DA:3483,0
DA:3493,1
DA:3494,5
DA:3495,3
DA:3497,2
DA:3498,2
DA:3499,618
DA:3500,38
DA:3503,2
DA:3513,1
DA:3514,0
DA:3515,0
DA:3517,0
DA:3520,0
DA:3521,0
DA:3522,0
DA:3525,0
DA:3537,1
DA:3538,0
DA:3549,1
DA:3550,0
DA:3553,0
DA:3554,0
DA:3556,0
DA:3566,1
DA:3567,0
DA:3568,0
DA:3569,0
DA:3571,0
DA:3572,0
DA:3584,1
DA:3585,0
DA:3586,0
DA:3588,0
DA:3589,0
DA:3590,0
DA:3607,1
DA:3608,0
DA:3609,0
DA:3611,0
DA:3612,0
DA:3613,0
DA:3614,0
DA:3617,0
DA:3621,0
DA:3622,0
DA:3624,0
DA:3644,1
DA:3645,0
DA:3649,0
DA:3650,0
DA:3651,0
DA:3653,0
DA:3657,0
DA:3659,0
DA:3660,0
DA:3664,0
DA:3665,0
DA:3666,0
DA:3667,0
DA:3669,0
DA:3670,0
DA:3672,0
DA:3673,0
DA:3674,0
DA:3676,0
DA:3677,0
DA:3678,0
DA:3681,0
DA:3684,0
DA:3685,0
DA:3686,0
DA:3687,0
DA:3689,0
DA:3690,0
DA:3694,0
DA:3697,0
DA:3699,0
DA:3700,0
DA:3701,0
DA:3703,0
DA:3714,1
DA:3715,0
DA:3716,0
DA:3717,0
DA:3719,0
DA:3720,0
DA:3732,1
DA:3733,0
DA:3734,0
DA:3736,0
DA:3737,0
DA:3738,0
DA:3740,0
DA:3743,0
DA:3744,0
DA:3757,1
DA:3758,0
DA:3759,0
DA:3772,1
DA:3773,0
DA:3777,0
DA:3778,0
DA:3781,0
DA:3782,0
DA:3785,0
DA:3795,1
DA:3796,0
DA:3797,0
DA:3812,1
DA:3813,0
DA:3818,0
DA:3819,0
DA:3821,0
DA:3822,0
DA:3824,0
DA:3825,0
DA:3829,0
DA:3830,0
DA:3831,0
DA:3833,0
DA:3836,0
DA:3848,1
DA:3849,0
DA:3852,0
DA:3853,0
DA:3854,0
DA:3855,0
DA:3856,0
DA:3857,0
DA:3859,0
DA:3863,0
DA:3875,1
DA:3876,0
DA:3890,1
DA:3891,0
DA:3895,0
DA:3896,0
DA:3897,0
DA:3899,0
DA:3910,1
DA:3911,0
DA:3912,0
DA:3913,0
DA:3917,0
DA:3918,0
DA:3919,0
DA:3921,0
DA:3922,0
DA:3923,0
DA:3927,0
DA:3938,1
DA:3939,38
DA:3949,1
DA:3950,0
DA:3961,1
DA:3962,0
DA:3963,0
DA:3976,1
DA:3977,0
DA:3978,0
DA:3980,0
DA:3982,0
DA:3987,0
DA:3988,0
DA:3991,0
DA:3992,0
DA:3993,0
DA:3994,0
DA:3995,0
DA:4000,0
DA:4001,0
DA:4003,0
DA:4014,1
DA:4015,0
DA:4016,0
DA:4027,1
DA:4028,50
DA:4043,1
DA:4044,0
DA:4056,1
DA:4057,0
DA:4060,0
DA:4061,0
DA:4063,0
DA:4064,0
DA:4065,0
DA:4067,0
DA:4068,0
DA:4070,0
DA:4071,0
DA:4072,0
DA:4074,0
DA:4086,1
DA:4087,0
DA:4089,0
DA:4090,0
DA:4091,0
DA:4093,0
DA:4108,1
DA:4109,0
DA:4112,0
DA:4113,0
DA:4114,0
DA:4117,0
DA:4119,0
DA:4121,0
DA:4124,0
DA:4126,0
DA:4142,1
DA:4143,0
DA:4145,0
DA:4152,0
DA:4153,0
DA:4160,0
DA:4161,0
DA:4162,0
DA:4163,0
DA:4164,0
DA:4165,0
DA:4166,0
DA:4167,0
DA:4168,0
DA:4169,0
DA:4171,0
DA:4173,0
DA:4174,0
DA:4176,0
DA:4179,0
DA:4191,1
DA:4192,0
DA:4197,0
DA:4198,0
DA:4201,0
DA:4202,0
DA:4203,0
DA:4206,0
DA:4217,1
DA:4218,0
DA:4219,0
DA:4221,0
DA:4222,0
DA:4224,0
DA:4235,1
DA:4237,0
DA:4238,0
DA:4240,0
DA:4242,0
DA:4244,0
DA:4245,0
DA:4247,0
DA:4248,0
DA:4260,1
DA:4261,0
DA:4268,0
DA:4269,0
DA:4270,0
DA:4272,0
DA:4273,0
DA:4274,0
DA:4275,0
DA:4277,0
DA:4278,0
DA:4279,0
DA:4282,0
DA:4284,0
DA:4285,0
DA:4286,0
DA:4289,0
DA:4290,0
DA:4291,0
DA:4292,0
DA:4293,0
DA:4294,0
DA:4297,0
DA:4298,0
DA:4300,0
DA:4302,0
DA:4303,0
DA:4304,0
DA:4306,0
DA:4309,0
DA:4320,1
DA:4321,0
DA:4322,0
DA:4323,0
DA:4336,1
DA:4337,0
DA:4351,1
DA:4352,0
DA:4355,0
DA:4358,0
DA:4373,1
DA:4374,0
DA:4375,0
DA:4376,0
DA:4378,0
DA:4379,0
DA:4393,1
DA:4394,0
DA:4395,0
DA:4396,0
DA:4398,0
DA:4401,0
DA:4402,0
DA:4405,0
DA:4406,0
DA:4407,0
DA:4411,0
DA:4423,1
DA:4424,0
DA:4429,0
DA:4430,0
DA:4431,0
DA:4433,0
DA:4443,1
DA:4444,0
DA:4454,1
DA:4455,0
DA:4466,1
DA:4467,0
DA:4468,0
DA:4470,0
DA:4482,1
DA:4493,1
DA:4494,0
DA:4495,0
DA:4496,0
DA:4505,1
DA:4506,0
DA:4517,1
DA:4518,0
DA:4519,0
DA:4521,0
DA:4524,0
DA:4525,0
DA:4535,1
DA:4536,0
DA:4537,0
DA:4538,0
DA:4549,1
DA:4550,0
DA:4551,0
DA:4563,1
DA:4564,0
DA:4565,0
DA:4575,1
DA:4576,0
DA:4577,0
DA:4578,0
DA:4590,1
DA:4591,0
DA:4592,0
DA:4602,1
DA:4603,0
DA:4614,1
DA:4615,0
DA:4616,0
DA:4627,1
DA:4628,0
DA:4629,0
DA:4634,0
DA:4639,0
DA:4644,0
DA:4646,0
DA:4651,0
DA:4654,0
DA:4671,1
DA:4672,0
DA:4678,0
DA:4679,0
DA:4680,0
DA:4681,0
DA:4682,0
DA:4684,0
DA:4685,0
DA:4695,0
DA:4709,1
DA:4710,0
DA:4719,0
DA:4720,0
DA:4722,0
DA:4723,0
DA:4724,0
DA:4727,0
DA:4728,0
DA:4730,0
DA:4744,1
DA:4745,0
DA:4755,0
DA:4756,0
DA:4758,0
DA:4759,0
DA:4760,0
DA:4762,0
DA:4763,0
DA:4764,0
DA:4767,0
DA:4778,1
DA:4779,0
DA:4782,0
DA:4783,0
DA:4784,0
DA:4786,0
DA:4799,1
DA:4800,0
DA:4801,0
DA:4803,0
DA:4806,0
DA:4807,0
DA:4809,0
DA:4813,0
DA:4814,0
DA:4816,0
DA:4817,0
DA:4819,0
DA:4822,0
DA:4833,1
DA:4834,0
DA:4845,1
DA:4846,0
DA:4857,1
DA:4858,4
DA:4859,0
DA:4862,0
DA:4873,1
DA:4874,6
DA:4875,0
DA:4880,0
DA:4884,0
DA:4885,0
DA:4886,0
DA:4888,0
DA:4889,0
DA:4890,0
DA:4891,0
DA:4892,0
DA:4895,0
DA:4907,1
DA:4908,2
DA:4909,0
DA:4910,0
DA:4912,0
DA:4913,0
DA:4915,0
DA:4919,0
DA:4920,0
DA:4921,0
DA:4924,0
DA:4935,1
DA:4936,2
DA:4937,3
DA:4942,3
DA:4943,344
DA:4944,344
DA:4945,0
DA:4948,3
DA:4962,1
DA:4963,0
DA:4966,1
DA:4967,0
DA:4968,0
DA:4970,0
DA:4980,1
DA:4981,2
DA:4982,0
DA:4984,0
DA:4988,0
DA:4992,0
DA:4996,0
DA:5007,1
DA:5008,6
DA:5009,0
DA:5021,1
DA:5022,0
DA:5026,0
DA:5027,0
DA:5028,0
DA:5029,0
DA:5030,0
DA:5031,0
DA:5032,0
DA:5033,0
DA:5034,0
DA:5035,0
DA:5037,0
DA:5042,0
DA:5055,1
DA:5056,0
DA:5058,1
DA:5059,0
DA:5064,0
DA:5065,0
DA:5067,0
DA:5071,0
DA:5072,0
DA:5073,0
DA:5077,0
DA:5078,0
DA:5080,0
DA:5090,1
DA:5091,2
DA:5092,0
DA:5093,0
DA:5094,0
DA:5095,0
DA:5096,0
DA:5098,0
DA:5099,0
DA:5110,1
DA:5111,2
DA:5112,0
DA:5116,0
DA:5117,0
DA:5119,0
DA:5120,0
DA:5121,0
DA:5122,0
DA:5124,0
DA:5125,0
DA:5128,0
DA:5129,0
DA:5130,0
DA:5132,0
DA:5135,0
DA:5139,0
DA:5141,0
DA:5146,0
DA:5147,0
DA:5150,0
DA:5151,0
DA:5153,0
DA:5156,0
DA:5157,0
DA:5159,0
DA:5183,1
DA:5184,1
DA:5191,1
DA:5192,0
DA:5196,0
DA:5197,0
DA:5199,0
DA:5200,0
DA:5203,0
DA:5204,0
DA:5206,0
DA:5207,0
DA:5209,0
DA:5210,0
DA:5211,0
DA:5212,0
DA:5217,0
DA:5220,0
DA:5221,0
DA:5222,0
DA:5223,0
DA:5224,0
DA:5226,0
DA:5227,0
DA:5229,0
DA:5230,0
DA:5232,0
DA:5234,1
DA:5245,1
DA:5246,2
DA:5247,0
DA:5259,1
DA:5260,4
DA:5261,0
DA:5262,0
DA:5263,0
DA:5265,0
DA:5266,0
DA:5268,0
DA:5269,0
DA:5270,0
DA:5272,0
DA:5273,0
DA:5274,0
DA:5276,0
DA:5277,0
DA:5279,0
DA:5281,0
DA:5292,1
DA:5293,3
DA:5294,0
DA:5295,0
DA:5296,0
DA:5297,0
DA:5298,0
DA:5313,1
DA:5314,0
DA:5316,0
DA:5317,0
DA:5318,0
DA:5320,0
DA:5321,0
DA:5338,1
DA:5339,0
DA:5342,1
DA:5343,0
DA:5350,0
DA:5351,0
DA:5353,0
DA:5354,0
DA:5356,0
DA:5358,0
DA:5368,1
DA:5369,2
DA:5370,0
DA:5371,0
DA:5374,0
DA:5375,0
DA:5376,0
DA:5377,0
DA:5379,0
DA:5381,0
DA:5382,0
DA:5393,1
DA:5394,4
DA:5395,0
DA:5396,0
DA:5397,0
DA:5399,0
DA:5420,1
DA:5421,0
DA:5427,0
DA:5428,0
DA:5430,0
DA:5431,0
DA:5433,0
DA:5438,0
DA:5439,0
DA:5440,0
DA:5442,0
DA:5443,0
DA:5453,1
DA:5454,3
DA:5455,3
DA:5456,0
DA:5457,0
DA:5458,0
DA:5461,0
DA:5464,0
DA:5465,0
DA:5467,0
DA:5478,1
DA:5479,0
DA:5489,1
DA:5490,2
DA:5491,0
DA:5492,0
DA:5493,0
DA:5495,0
DA:5496,0
DA:5498,0
DA:5527,1
DA:5528,0
DA:5529,0
DA:5530,0
DA:5532,0
DA:5533,0
DA:5534,0
DA:5535,0
DA:5537,0
DA:5538,0
DA:5539,0
DA:5541,0
DA:5542,0
DA:5545,0
DA:5547,0
DA:5549,0
DA:5554,0
DA:5555,0
DA:5557,0
DA:5558,0
DA:5559,0
DA:5560,0
DA:5561,0
DA:5562,0
DA:5566,0
DA:5567,0
DA:5569,0
DA:5570,0
DA:5571,0
DA:5572,0
DA:5573,0
DA:5574,0
DA:5576,0
DA:5578,0
DA:5579,0
DA:5594,1
DA:5595,0
DA:5597,0
DA:5599,0
DA:5616,1
DA:5617,0
DA:5619,0
DA:5620,0
DA:5621,0
DA:5623,0
DA:5635,1
DA:5636,0
DA:5652,1
DA:5653,0
DA:5657,0
DA:5658,0
DA:5661,0
DA:5662,0
DA:5663,0
DA:5665,0
DA:5669,0
DA:5670,0
DA:5673,0
DA:5674,0
DA:5677,0
DA:5678,0
DA:5682,0
DA:5683,0
DA:5684,0
DA:5686,0
DA:5687,0
DA:5690,0
DA:5691,0
DA:5692,0
DA:5694,0
DA:5697,0
DA:5698,0
DA:5700,0
DA:5704,0
DA:5705,0
DA:5708,0
DA:5709,0
DA:5710,0
DA:5730,1
DA:5731,0
DA:5733,0
DA:5735,0
DA:5737,0
DA:5738,0
DA:5741,0
DA:5743,0
DA:5745,0
DA:5752,0
DA:5755,0
DA:5762,0
DA:5765,0
DA:5768,0
DA:5769,0
DA:5771,0
DA:5772,0
DA:5775,0
DA:5776,0
DA:5777,0
DA:5779,0
DA:5782,0
DA:5783,0
DA:5784,0
DA:5785,0
DA:5788,0
DA:5789,0
DA:5792,0
DA:5808,1
DA:5809,0
DA:5815,0
DA:5816,0
DA:5818,0
DA:5819,0
DA:5820,0
DA:5821,0
DA:5822,0
DA:5826,0
DA:5827,0
DA:5828,0
DA:5830,0
DA:5831,0
DA:5832,0
DA:5834,0
DA:5835,0
DA:5836,0
DA:5837,0
DA:5840,0
DA:5841,0
DA:5846,0
DA:5850,0
DA:5851,0
DA:5853,0
DA:5855,0
DA:5856,0
DA:5860,0
DA:5864,0
DA:5867,0
DA:5868,0
DA:5869,0
DA:5879,1
DA:5880,12
DA:5890,1
DA:5891,0
DA:5902,1
DA:5903,0
DA:5913,1
DA:5914,0
DA:5924,1
DA:5925,0
DA:5929,0
DA:5930,0
DA:5932,0
DA:5933,0
DA:5936,0
DA:5946,1
DA:5947,0
DA:5948,0
DA:5962,1
DA:5963,0
DA:5964,0
DA:5965,0
DA:5976,1
DA:5977,0
DA:5978,0
DA:5990,1
DA:5991,0
DA:5994,0
DA:5995,0
DA:5998,0
DA:6000,0
DA:6011,1
DA:6012,7
DA:6013,7
DA:6023,1
DA:6024,5
DA:6027,5
DA:6028,5
DA:6029,5
DA:6032,5
DA:6033,5
DA:6034,5
DA:6035,0
DA:6037,5
DA:6040,5
DA:6050,1
DA:6051,0
DA:6052,0
DA:6054,0
DA:6055,0
DA:6056,0
DA:6067,1
DA:6068,0
DA:6069,0
DA:6070,0
DA:6071,0
DA:6073,0
DA:6083,1
DA:6086,1
DA:6091,0
DA:6092,0
DA:6096,0
DA:6097,0
DA:6098,0
DA:6099,0
DA:6100,0
DA:6101,0
DA:6102,0
DA:6105,0
DA:6119,1
DA:6120,0
DA:6123,0
DA:6124,0
DA:6127,0
DA:6128,0
DA:6129,0
DA:6130,0
DA:6131,0
DA:6134,0
DA:6144,1
DA:6145,0
DA:6146,0
DA:6158,1
DA:6159,0
DA:6161,0
DA:6165,0
DA:6166,0
DA:6167,0
DA:6168,0
DA:6170,0
DA:6172,0
DA:6173,0
DA:6175,0
DA:6176,0
DA:6187,1
DA:6188,0
DA:6192,0
DA:6193,0
DA:6194,0
DA:6196,0
DA:6206,1
DA:6207,0
DA:6225,1
DA:6226,0
DA:6227,0
DA:6229,0
DA:6233,0
DA:6236,0
DA:6241,0
DA:6244,0
DA:6248,0
DA:6251,0
DA:6254,0
DA:6257,0
DA:6269,1
DA:6270,0
DA:6271,0
DA:6272,0
DA:6274,0
DA:6275,0
DA:6276,0
DA:6277,0
DA:6287,1
DA:6288,0
DA:6300,1
DA:6301,0
DA:6302,0
DA:6317,1
DA:6318,0
DA:6319,0
DA:6321,0
DA:6322,0
DA:6326,0
DA:6328,0
DA:6339,1
DA:6340,0
DA:6341,0
DA:6343,0
DA:6344,0
DA:6346,0
DA:6348,0
DA:6359,1
DA:6360,0
DA:6361,0
DA:6374,1
DA:6375,0
DA:6378,0
DA:6379,0
DA:6381,0
DA:6382,0
DA:6384,0
DA:6385,0
DA:6395,1
DA:6396,7
DA:6406,1
DA:6415,1
DA:6416,5
DA:6419,5
DA:6430,1
DA:6431,0
DA:6443,1
DA:6444,0
DA:6445,0
DA:6446,0
DA:6448,0
DA:6461,1
DA:6462,1
DA:6463,0
DA:6464,0
DA:6466,0
DA:6469,1
DA:6470,1
DA:6489,1
DA:6490,0
DA:6495,0
DA:6501,0
DA:6502,0
DA:6505,0
DA:6506,0
DA:6508,0
DA:6511,0
DA:6512,0
DA:6513,0
DA:6514,0
DA:6515,0
DA:6518,0
DA:6519,0
DA:6520,0
DA:6521,0
DA:6522,0
DA:6525,0
DA:6526,0
DA:6527,0
DA:6530,0
DA:6531,0
DA:6534,0
DA:6535,0
DA:6538,0
DA:6539,0
DA:6541,0
DA:6553,1
DA:6554,0
DA:6555,0
DA:6556,0
DA:6557,0
DA:6560,0
DA:6570,1
DA:6571,319
DA:6583,1
DA:6584,50
DA:6585,50
DA:6586,0
DA:6591,0
DA:6592,0
DA:6594,0
DA:6595,0
DA:6596,0
DA:6597,0
DA:6599,0
DA:6600,0
DA:6612,1
DA:6613,0
DA:6626,1
DA:6627,0
DA:6631,0
DA:6632,0
DA:6633,0
DA:6635,0
DA:6652,1
DA:6662,1
DA:6663,0
DA:6674,1
DA:6686,1
DA:6687,0
DA:6688,0
DA:6700,1
DA:6701,2
DA:6704,2
DA:6705,50
DA:6708,50
DA:6709,50
DA:6710,49
DA:6711,0
DA:6714,1
DA:6716,50
DA:6728,1
DA:6729,0
DA:6733,0
DA:6734,0
DA:6735,0
DA:6738,0
DA:6739,0
DA:6741,0
DA:6742,0
DA:6752,1
DA:6753,0
DA:6754,0
DA:6755,0
DA:6757,0
DA:6758,0
DA:6760,0
DA:6770,1
DA:6771,0
DA:6772,0
DA:6774,0
DA:6775,0
DA:6785,1
DA:6786,12
DA:6787,12
DA:6788,12
DA:6790,0
DA:6791,0
DA:6794,0
DA:6805,1
DA:6806,0
DA:6807,0
DA:6808,0
DA:6809,0
DA:6812,0
DA:6822,1
DA:6823,0
DA:6824,0
DA:6826,0
DA:6827,0
DA:6828,0
DA:6829,0
DA:6830,0
DA:6856,1
DA:6857,0
DA:6858,0
DA:6860,0
DA:6862,0
DA:6863,0
DA:6864,0
DA:6866,0
DA:6870,0
DA:6871,0
DA:6873,0
DA:6891,1
DA:6892,0
DA:6897,0
DA:6898,0
DA:6899,0
DA:6900,0
DA:6903,0
DA:6928,1
DA:6929,0
DA:6930,0
DA:6931,0
DA:6933,0
DA:6937,0
DA:6938,0
DA:6940,0
DA:6964,1
DA:6965,0
DA:6996,1
DA:6997,0
DA:6998,0
DA:6999,0
DA:7001,0
DA:7029,1
DA:7030,0
DA:7031,0
DA:7032,0
DA:7034,0
DA:7064,1
DA:7065,0
DA:7066,0
DA:7067,0
DA:7069,0
DA:7070,0
DA:7098,1
DA:7099,0
DA:7100,0
DA:7101,0
DA:7103,0
DA:7104,0
DA:7105,0
DA:7143,1
DA:7144,0
DA:7184,1
DA:7185,0
DA:7219,1
DA:7220,0
DA:7221,0
DA:7222,0
DA:7224,0
DA:7225,0
DA:7226,0
DA:7228,0
DA:7266,1
DA:7267,0
DA:7268,0
DA:7269,0
DA:7271,0
DA:7272,0
DA:7273,0
DA:7275,0
DA:7313,1
DA:7314,0
DA:7315,0
DA:7316,0
DA:7318,0
DA:7319,0
DA:7320,0
DA:7321,0
DA:7325,0
DA:7342,1
DA:7343,0
DA:7344,0
DA:7361,1
DA:7362,0
DA:7363,0
DA:7386,1
DA:7387,0
DA:7388,0
DA:7389,0
DA:7391,0
DA:7392,0
DA:7410,1
DA:7411,0
DA:7415,0
DA:7416,0
DA:7417,0
DA:7419,0
DA:7440,1
DA:7441,0
DA:7467,1
DA:7468,0
DA:7469,0
DA:7470,0
DA:7472,0
DA:7473,0
DA:7474,0
DA:7476,0
DA:7493,1
DA:7494,0
DA:7495,0
DA:7515,1
DA:7516,0
DA:7517,0
DA:7545,1
DA:7546,0
DA:7549,0
DA:7550,0
DA:7552,0
DA:7554,0
DA:7580,1
DA:7581,0
DA:7584,0
DA:7585,0
DA:7586,0
DA:7588,0
DA:7608,1
DA:7609,0
DA:7626,1
DA:7627,0
DA:7628,0
DA:7652,1
DA:7653,0
DA:7654,0
DA:7655,0
DA:7657,0
DA:7658,0
DA:7659,0
DA:7660,0
DA:7662,0
DA:7688,1
DA:7689,0
DA:7715,1
DA:7737,1
DA:7738,0
DA:7766,1
DA:7767,0
DA:7795,1
DA:7796,0
DA:7825,1
DA:7826,0
DA:7829,0
DA:7830,0
DA:7833,0
DA:7864,1
DA:7865,0
DA:7866,0
DA:7867,0
DA:7869,0
DA:7873,0
DA:7874,0
DA:7875,0
DA:7876,0
DA:7877,0
DA:7878,0
DA:7881,0
DA:7882,0
DA:7908,1
DA:7909,0
DA:7928,1
DA:7929,0
DA:7930,0
DA:7931,0
DA:7933,0
DA:7934,0
DA:7935,0
DA:7938,0
DA:7939,0
DA:7941,0
DA:7961,1
DA:7962,0
DA:7990,1
DA:7991,0
DA:8010,1
DA:8011,0
DA:8012,0
DA:8013,0
DA:8014,0
DA:8015,0
DA:8018,0
DA:8039,1
DA:8040,0
DA:8068,1
DA:8069,0
DA:8088,1
DA:8089,0
DA:8090,0
DA:8091,0
DA:8092,0
DA:8093,0
DA:8096,0
DA:8114,1
DA:8115,0
DA:8136,1
DA:8137,0
DA:8156,1
DA:8157,0
DA:8158,0
DA:8186,1
DA:8187,0
DA:8188,0
DA:8190,0
DA:8191,0
DA:8219,1
DA:8220,0
DA:8221,0
DA:8222,0
DA:8224,0
DA:8225,0
DA:8226,0
DA:8264,1
DA:8265,0
DA:8305,1
DA:8306,0
DA:8327,1
DA:8328,0
DA:8354,1
DA:8355,0
DA:8356,0
DA:8357,0
DA:8359,0
DA:8383,1
DA:8384,0
DA:8385,0
DA:8386,0
DA:8407,1
DA:8408,0
DA:8434,1
DA:8435,0
DA:8458,1
DA:8459,0
DA:8460,0
DA:8482,1
DA:8483,0
DA:8484,0
DA:8486,0
DA:8487,0
DA:8488,0
DA:8489,0
DA:8490,0
DA:8493,0
DA:8494,0
DA:8519,1
DA:8520,0
DA:8521,0
DA:8523,0
DA:8524,0
DA:8525,0
DA:8527,0
DA:8528,0
DA:8552,1
DA:8553,0
DA:8576,1
DA:8577,0
DA:8603,1
DA:8604,0
DA:8605,0
DA:8606,0
DA:8608,0
DA:8632,1
DA:8633,0
DA:8634,0
DA:8635,0
DA:8654,1
DA:8672,1
DA:8673,0
DA:8691,1
DA:8692,0
DA:8715,1
DA:8716,0
DA:8719,0
DA:8720,0
DA:8754,1
DA:8755,0
DA:8756,0
DA:8757,0
DA:8783,1
DA:8784,0
DA:8785,0
DA:8811,1
DA:8812,0
DA:8831,1
DA:8832,0
DA:8835,0
DA:8837,0
DA:8839,0
DA:8841,0
DA:8842,0
DA:8847,0
DA:8848,0
DA:8849,0
DA:8851,0
DA:8882,1
DA:8883,0
DA:8912,1
DA:8913,0
DA:8938,1
DA:8939,0
DA:8940,0
DA:8942,0
DA:8945,0
DA:8966,1
DA:8967,0
DA:8994,1
DA:8995,0
DA:8998,0
DA:8999,0
DA:9000,0
DA:9001,0
DA:9002,0
DA:9003,0
DA:9005,0
DA:9007,0
DA:9008,0
DA:9010,0
DA:9011,0
DA:9034,1
DA:9035,0
DA:9036,0
DA:9037,0
DA:9038,0
DA:9039,0
DA:9041,0
DA:9042,0
DA:9047,0
DA:9049,0
DA:9066,1
DA:9067,0
DA:9094,1
DA:9095,0
DA:9096,0
DA:9098,0
DA:9143,1
DA:9144,0
DA:9145,0
DA:9146,0
DA:9148,0
DA:9188,1
DA:9189,0
DA:9190,0
DA:9229,1
DA:9250,1
DA:9273,1
DA:9274,0
DA:9297,1
DA:9298,0
DA:9322,1
DA:9323,0
DA:9324,0
DA:9357,1
DA:9358,0
DA:9359,0
DA:9382,1
DA:9383,0
DA:9384,0
DA:9410,1
DA:9411,0
DA:9412,0
DA:9414,0
DA:9448,1
DA:9449,0
DA:9450,0
DA:9452,0
DA:9453,0
DA:9454,0
DA:9456,0
DA:9484,1
DA:9485,0
DA:9489,0
DA:9490,0
DA:9492,0
DA:9523,1
DA:9524,0
DA:9569,1
DA:9570,0
DA:9571,0
DA:9603,1
DA:9604,0
DA:9605,0
DA:9607,0
DA:9608,0
DA:9610,0
DA:9611,0
DA:9612,0
DA:9614,0
DA:9653,1
DA:9654,0
DA:9655,0
DA:9694,1
DA:9695,0
DA:9698,0
DA:9723,1
DA:9724,0
DA:9727,0
DA:9764,1
DA:9765,0
DA:9766,0
DA:9783,1
DA:9784,0
DA:9785,0
DA:9808,1
DA:9809,0
DA:9810,0
DA:9812,0
DA:9814,0
DA:9815,0
DA:9833,1
DA:9834,0
DA:9835,0
DA:9859,1
DA:9860,0
DA:9861,0
DA:9863,0
DA:9864,0
DA:9866,0
DA:9867,0
DA:9868,0
DA:9870,0
DA:9909,1
DA:9910,0
DA:9911,0
DA:9912,0
DA:9914,0
DA:9946,1
DA:9947,0
DA:9948,0
DA:9950,0
DA:9951,0
DA:9952,0
DA:9953,0
DA:9954,0
DA:9956,0
DA:9977,1
DA:9978,0
DA:10007,1
DA:10008,0
DA:10009,0
DA:10011,0
DA:10012,0
DA:10013,0
DA:10014,0
DA:10036,1
DA:10037,0
DA:10038,0
DA:10039,0
DA:10059,1
DA:10060,0
DA:10061,0
DA:10062,0
DA:10064,0
DA:10065,0
DA:10066,0
DA:10067,0
DA:10069,0
DA:10070,0
DA:10072,0
DA:10111,1
DA:10112,0
DA:10113,0
DA:10114,0
DA:10115,0
DA:10117,0
DA:10165,1
DA:10166,0
DA:10167,0
DA:10168,0
DA:10169,0
DA:10171,0
DA:10215,1
DA:10216,0
DA:10217,0
DA:10218,0
DA:10219,0
DA:10260,1
DA:10261,0
DA:10262,0
DA:10263,0
DA:10264,0
DA:10321,1
DA:10322,0
DA:10333,0
DA:10334,0
DA:10336,0
DA:10337,0
DA:10338,0
DA:10339,0
DA:10340,0
DA:10341,0
DA:10344,1
DA:10345,0
DA:10348,0
DA:10349,0
DA:10350,0
DA:10351,0
DA:10354,1
DA:10356,0
DA:10358,0
DA:10360,0
DA:10363,1
DA:10364,0
DA:10368,0
DA:10371,1
DA:10372,0
DA:10378,0
DA:10382,1
DA:10383,0
DA:10384,0
DA:10385,0
DA:10388,0
DA:10391,1
DA:10392,0
DA:10396,0
DA:10397,0
DA:10399,0
DA:10400,0
DA:10403,1
DA:10404,0
DA:10405,0
DA:10407,0
DA:10408,0
DA:10411,1
DA:10412,0
DA:10415,1
DA:10416,0
DA:10419,0
DA:10420,0
DA:10421,0
DA:10423,0
DA:10424,0
DA:10425,0
DA:10427,0
DA:10429,0
DA:10430,0
DA:10433,0
DA:10434,0
DA:10436,0
DA:10438,0
DA:10439,0
DA:10440,0
DA:10461,1
DA:10462,0
DA:10484,1
DA:10485,0
DA:10506,1
DA:10507,0
DA:10554,1
DA:10555,1
DA:10556,0
DA:10558,1
DA:10559,0
DA:10563,0
DA:10564,0
DA:10566,0
DA:10567,0
DA:10568,0
DA:10570,1
DA:10571,1
DA:10575,1
DA:10597,1
DA:10598,0
DA:10599,0
DA:10601,0
DA:10602,0
DA:10603,0
DA:10604,0
DA:10605,0
DA:10606,0
DA:10607,0
DA:10609,0
DA:10631,1
DA:10632,0
DA:10666,1
DA:10667,0
DA:10671,0
DA:10672,0
DA:10673,0
DA:10676,0
DA:10677,0
DA:10679,0
DA:10716,1
DA:10717,0
DA:10718,0
DA:10753,1
DA:10754,0
DA:10755,0
DA:10780,1
DA:10781,0
DA:10809,1
DA:10810,0
DA:10811,0
DA:10813,0
DA:10814,0
DA:10851,1
DA:10852,0
DA:10853,0
DA:10855,0
DA:10856,0
DA:10857,0
DA:10860,0
DA:10861,0
DA:10863,0
DA:10911,1
DA:10912,0
DA:10915,0
DA:10916,0
DA:10918,0
DA:10919,0
DA:10920,0
DA:10922,0
DA:10944,1
DA:10945,0
DA:10970,1
DA:10971,0
DA:11009,1
DA:11010,0
DA:11011,0
DA:11013,0
DA:11014,0
DA:11043,1
DA:11044,0
DA:11078,1
DA:11079,0
DA:11080,0
DA:11101,1
DA:11102,0
DA:11133,1
DA:11134,0
DA:11135,0
DA:11162,1
DA:11163,0
DA:11198,1
DA:11199,0
DA:11225,1
DA:11250,1
DA:11251,0
DA:11272,1
DA:11273,0
DA:11300,1
DA:11319,1
DA:11346,1
DA:11347,5
DA:11375,1
DA:11376,0
DA:11396,1
DA:11397,0
DA:11418,1
DA:11437,1
DA:11456,1
DA:11457,0
DA:11493,1
DA:11494,0
DA:11495,0
DA:11497,0
DA:11500,0
DA:11502,0
DA:11503,0
DA:11504,0
DA:11506,0
DA:11507,0
DA:11509,0
DA:11510,0
DA:11511,0
DA:11514,0
DA:11545,1
DA:11546,0
DA:11581,1
DA:11582,0
DA:11583,0
DA:11584,0
DA:11605,1
DA:11606,0
DA:11607,0
DA:11609,0
DA:11610,0
DA:11640,1
DA:11641,0
DA:11661,1
DA:11662,318
DA:11663,0
DA:11667,318
DA:11668,318
DA:11697,1
DA:11698,0
DA:11727,1
DA:11728,5
DA:11757,1
DA:11758,330
DA:11759,330
DA:11786,1
DA:11787,1
DA:11807,1
DA:11837,1
DA:11838,0
DA:11873,1
DA:11874,0
DA:11875,0
DA:11906,1
DA:11910,0
DA:11939,1
DA:11940,0
DA:11941,0
DA:11943,0
DA:11963,1
DA:11964,0
DA:11987,1
DA:11988,0
DA:12017,1
DA:12018,0
DA:12050,1
DA:12051,0
DA:12052,0
DA:12054,0
DA:12055,0
DA:12056,0
DA:12058,0
DA:12059,0
DA:12080,1
DA:12109,1
DA:12110,0
DA:12130,1
DA:12149,1
DA:12150,0
DA:12171,1
DA:12172,0
DA:12193,1
DA:12212,1
DA:12213,0
DA:12233,1
DA:12234,0
DA:12254,1
DA:12255,0
DA:12281,1
DA:12306,1
DA:12307,0
DA:12333,1
DA:12334,0
DA:12335,0
DA:12337,0
DA:12338,0
DA:12340,0
DA:12341,0
DA:12343,0
DA:12346,0
DA:12372,1
DA:12373,0
DA:12374,0
DA:12376,0
DA:12377,0
DA:12378,0
DA:12379,0
DA:12381,0
DA:12410,1
DA:12411,0
DA:12414,0
DA:12444,1
DA:12445,0
DA:12471,1
DA:12472,0
DA:12473,0
DA:12475,0
DA:12476,0
DA:12478,0
DA:12479,0
DA:12480,0
DA:12482,0
DA:12483,0
DA:12485,0
DA:12486,0
DA:12487,0
DA:12516,1
DA:12517,0
DA:12544,1
DA:12545,0
DA:12571,1
DA:12572,0
DA:12609,1
DA:12610,0
DA:12611,0
DA:12612,0
DA:12614,0
DA:12615,0
DA:12616,0
DA:12652,1
DA:12653,0
DA:12685,1
DA:12686,0
DA:12717,1
DA:12718,0
DA:12738,1
DA:12774,1
DA:12775,0
DA:12776,0
DA:12800,1
DA:12801,0
DA:12802,0
DA:12824,1
DA:12825,0
DA:12826,0
DA:12864,1
DA:12865,0
DA:12903,1
DA:12904,0
DA:12935,1
DA:12936,0
DA:12967,1
DA:12968,0
DA:13001,1
DA:13002,0
DA:13031,1
DA:13032,0
DA:13058,1
DA:13059,0
DA:13085,1
DA:13086,0
DA:13114,1
DA:13115,0
DA:13116,0
DA:13146,1
DA:13147,0
DA:13176,1
DA:13177,0
DA:13198,1
DA:13199,0
DA:13228,1
DA:13229,0
DA:13230,0
DA:13232,0
DA:13254,1
DA:13284,1
DA:13285,5
DA:13311,1
DA:13312,0
DA:13336,1
DA:13337,0
DA:13338,0
DA:13340,0
DA:13341,0
DA:13343,0
DA:13374,1
DA:13375,0
DA:13376,0
DA:13378,0
DA:13379,0
DA:13381,0
DA:13415,1
DA:13416,0
DA:13450,1
DA:13451,0
DA:13474,1
DA:13475,0
DA:13476,0
DA:13477,0
DA:13479,0
DA:13480,0
DA:13481,0
DA:13482,0
DA:13483,0
DA:13485,0
DA:13486,0
DA:13487,0
DA:13489,0
DA:13490,0
DA:13491,0
DA:13493,0
DA:13516,1
DA:13517,0
DA:13537,1
DA:13538,0
DA:13559,1
DA:13560,0
DA:13561,0
DA:13563,0
DA:13564,0
DA:13566,0
DA:13567,0
DA:13568,0
DA:13601,1
DA:13602,0
DA:13604,0
DA:13608,0
DA:13609,0
DA:13610,0
DA:13612,0
DA:13613,0
DA:13614,0
DA:13615,0
DA:13616,0
DA:13618,0
DA:13620,0
DA:13651,1
DA:13652,0
DA:13679,1
DA:13680,0
DA:13681,0
DA:13708,1
DA:13734,1
DA:13766,1
DA:13767,0
DA:13770,0
DA:13771,0
DA:13772,0
DA:13773,0
DA:13774,0
DA:13776,0
DA:13777,0
DA:13780,0
DA:13783,0
DA:13784,0
DA:13786,0
DA:13816,1
DA:13817,0
DA:13847,1
DA:13848,0
DA:13875,1
DA:13876,0
DA:13877,0
DA:13906,1
DA:13907,0
DA:13934,1
DA:13935,0
DA:13959,1
DA:13960,0
DA:13961,0
DA:13962,0
DA:13964,0
DA:13965,0
DA:13966,0
DA:13968,0
DA:13969,0
DA:13970,0
DA:13972,0
DA:14013,1
DA:14014,0
DA:14015,0
DA:14016,0
DA:14017,0
DA:14019,0
DA:14021,0
DA:14022,0
DA:14056,1
DA:14057,0
DA:14058,0
DA:14060,0
DA:14061,0
DA:14062,0
DA:14063,0
DA:14065,0
DA:14066,0
DA:14067,0
DA:14070,0
DA:14071,0
DA:14072,0
DA:14075,0
DA:14076,0
DA:14077,0
DA:14078,0
DA:14080,0
DA:14083,0
DA:14084,0
DA:14085,0
DA:14086,0
DA:14088,0
DA:14089,0
DA:14090,0
DA:14092,0
DA:14117,1
DA:14118,0
DA:14119,0
DA:14137,1
DA:14138,0
DA:14159,1
DA:14160,0
DA:14161,0
DA:14187,1
DA:14188,0
DA:14189,0
DA:14191,0
DA:14192,0
DA:14196,0
DA:14197,0
DA:14198,0
DA:14229,1
DA:14230,0
DA:14231,0
DA:14251,1
DA:14252,0
DA:14253,0
DA:14279,1
DA:14280,0
DA:14303,1
DA:14304,0
DA:14324,1
DA:14349,1
DA:14350,0
DA:14351,0
DA:14353,0
DA:14354,0
DA:14355,0
DA:14357,0
DA:14358,0
DA:14388,1
DA:14389,0
DA:14390,0
DA:14392,0
DA:14393,0
DA:14421,1
DA:14422,0
DA:14423,0
DA:14425,0
DA:14426,0
DA:14455,1
DA:14456,0
DA:14457,0
DA:14458,0
DA:14459,0
DA:14461,0
DA:14486,1
DA:14487,0
DA:14488,0
DA:14490,0
DA:14492,0
DA:14514,1
DA:14515,0
DA:14518,0
DA:14542,1
DA:14543,0
DA:14565,1
DA:14566,0
DA:14567,0
DA:14569,0
DA:14570,0
DA:14571,0
DA:14573,0
DA:14574,0
DA:14578,0
DA:14579,0
DA:14580,0
DA:14583,0
DA:14607,1
DA:14608,0
DA:14634,1
DA:14635,0
DA:14636,0
DA:14640,0
DA:14641,0
DA:14748,1
DA:14752,0
DA:14754,0
DA:14755,0
DA:14757,0
DA:14758,0
DA:14760,0
DA:14764,0
DA:14771,0
DA:14779,0
DA:14785,0
DA:14786,0
DA:14789,0
DA:14792,0
DA:14793,0
DA:14794,0
DA:14796,0
DA:14797,0
DA:14798,0
DA:14800,0
DA:14801,0
DA:14803,0
DA:14807,0
DA:14810,0
DA:14814,0
DA:14815,0
DA:14816,0
DA:14819,0
DA:14824,0
DA:14842,0
DA:14843,0
DA:14849,0
DA:14850,0
DA:14851,0
DA:14853,0
DA:14877,1
DA:14878,0
DA:14902,1
DA:14903,0
DA:14928,1
DA:14929,0
DA:14930,0
DA:14931,0
DA:14933,0
DA:14934,0
DA:14936,0
DA:14941,0
DA:14963,1
DA:14964,0
DA:14965,0
DA:14966,0
DA:14968,0
DA:14969,0
DA:14971,0
DA:14974,0
DA:14996,1
DA:14997,0
DA:14998,0
DA:14999,0
DA:15001,0
DA:15002,0
DA:15004,0
DA:15007,0
DA:15047,1
DA:15048,0
DA:15051,0
DA:15052,0
DA:15053,0
DA:15054,0
DA:15056,0
DA:15058,0
DA:15059,0
DA:15060,0
DA:15061,0
DA:15063,0
DA:15064,0
DA:15066,0
DA:15067,0
DA:15068,0
DA:15070,0
DA:15074,0
DA:15075,0
DA:15077,0
DA:15078,0
DA:15080,0
DA:15081,0
DA:15082,0
DA:15085,0
DA:15086,0
DA:15088,0
DA:15089,0
DA:15090,0
DA:15092,0
DA:15094,0
DA:15095,0
DA:15096,0
DA:15097,0
DA:15100,0
DA:15122,1
DA:15123,0
DA:15124,0
DA:15149,1
DA:15150,0
DA:15170,1
DA:15191,1
DA:15192,0
DA:15193,0
DA:15195,0
DA:15196,0
DA:15198,0
DA:15225,1
DA:15226,0
DA:15227,0
DA:15229,0
DA:15259,1
DA:15260,0
DA:15261,0
DA:15262,0
DA:15264,0
DA:15296,1
DA:15297,0
DA:15300,0
DA:15301,0
DA:15302,0
DA:15304,0
DA:15307,0
DA:15308,0
DA:15309,0
DA:15310,0
DA:15311,0
DA:15312,0
DA:15342,1
DA:15343,0
DA:15365,1
DA:15366,51
DA:15367,0
DA:15391,1
DA:15392,0
DA:15417,1
DA:15440,1
DA:15458,1
DA:15459,0
DA:15504,1
DA:15505,0
DA:15536,1
DA:15537,0
DA:15566,1
DA:15567,0
DA:15594,1
DA:15595,0
DA:15596,0
DA:15623,1
DA:15624,0
DA:15625,0
DA:15665,1
DA:15666,2
DA:15669,2
DA:15671,0
DA:15672,0
DA:15673,0
DA:15674,0
DA:15676,2
DA:15679,2
DA:15680,305
DA:15681,305
DA:15682,305
DA:15683,305
DA:15684,0
DA:15685,0
DA:15686,0
DA:15689,0
DA:15690,0
DA:15691,0
DA:15693,0
DA:15698,2
DA:15714,1
DA:15715,0
DA:15716,0
DA:15718,0
DA:15733,1
DA:15757,1
DA:15758,0
DA:15759,0
DA:15760,0
DA:15782,1
DA:15808,1
DA:15834,1
DA:15858,1
DA:15859,0
DA:15883,1
DA:15884,0
DA:15885,0
DA:15930,1
DA:15968,1
DA:15988,1
DA:15989,0
DA:16005,1
DA:16006,0
DA:16027,1
DA:16028,0
DA:16044,1
DA:16045,0
DA:16061,1
DA:16062,0
DA:16084,1
DA:16085,0
DA:16086,0
DA:16087,0
DA:16089,0
DA:16092,0
DA:16093,0
DA:16095,0
DA:16096,0
DA:16097,0
DA:16099,0
DA:16119,1
DA:16120,0
DA:16121,0
DA:16123,0
DA:16143,1
DA:16144,0
DA:16145,0
DA:16165,1
DA:16166,0
DA:16190,1
DA:16207,1
DA:16208,0
DA:16232,1
DA:16252,1
DA:16253,0
DA:16281,1
DA:16282,0
DA:16301,1
DA:16302,0
DA:16328,1
DA:16329,0
DA:16350,1
DA:16351,0
DA:16379,1
DA:16380,0
DA:16400,1
DA:16401,0
DA:16425,1
DA:16442,1
DA:16443,0
DA:16460,1
DA:16461,0
DA:16489,1
DA:16490,0
DA:16498,1
DA:16499,1
DA:16500,1
DA:16501,1
DA:16502,1
DA:16503,1
DA:16504,1
DA:16505,1
DA:16506,1
DA:16507,1
DA:16508,1
DA:16509,1
DA:16510,1
DA:16511,1
DA:16512,1
DA:16513,1
DA:16514,1
DA:16515,1
DA:16516,1
DA:16517,1
DA:16518,1
DA:16519,1
DA:16520,1
DA:16521,1
DA:16522,1
DA:16523,1
DA:16524,1
DA:16525,1
DA:16526,1
DA:16527,1
DA:16528,1
DA:16529,1
DA:16530,1
DA:16531,1
DA:16532,1
DA:16533,1
DA:16534,1
DA:16535,1
DA:16536,1
DA:16537,1
DA:16538,1
DA:16539,1
DA:16540,1
DA:16541,1
DA:16542,1
DA:16543,1
DA:16544,1
DA:16545,1
DA:16546,1
DA:16547,1
DA:16548,1
DA:16549,1
DA:16550,1
DA:16551,1
DA:16552,1
DA:16553,1
DA:16554,1
DA:16555,1
DA:16556,1
DA:16557,1
DA:16558,1
DA:16559,1
DA:16560,1
DA:16561,1
DA:16562,1
DA:16563,1
DA:16564,1
DA:16565,1
DA:16566,1
DA:16567,1
DA:16568,1
DA:16569,1
DA:16570,1
DA:16571,1
DA:16572,1
DA:16573,1
DA:16574,1
DA:16575,1
DA:16576,1
DA:16577,1
DA:16578,1
DA:16579,1
DA:16580,1
DA:16581,1
DA:16582,1
DA:16583,1
DA:16584,1
DA:16585,1
DA:16586,1
DA:16587,1
DA:16588,1
DA:16589,1
DA:16590,1
DA:16591,1
DA:16592,1
DA:16593,1
DA:16594,1
DA:16595,1
DA:16596,1
DA:16597,1
DA:16598,1
DA:16599,1
DA:16600,1
DA:16601,1
DA:16602,1
DA:16603,1
DA:16604,1
DA:16605,1
DA:16606,1
DA:16607,1
DA:16608,1
DA:16609,1
DA:16610,1
DA:16611,1
DA:16612,1
DA:16613,1
DA:16614,1
DA:16615,1
DA:16616,1
DA:16617,1
DA:16618,1
DA:16619,1
DA:16620,1
DA:16621,1
DA:16622,1
DA:16623,1
DA:16624,1
DA:16625,1
DA:16626,1
DA:16627,1
DA:16628,1
DA:16629,1
DA:16630,1
DA:16631,1
DA:16632,1
DA:16633,1
DA:16634,1
DA:16635,1
DA:16636,1
DA:16637,1
DA:16638,1
DA:16639,1
DA:16640,1
DA:16641,1
DA:16642,1
DA:16643,1
DA:16644,1
DA:16645,1
DA:16646,1
DA:16649,1
DA:16650,1
DA:16651,1
DA:16652,1
DA:16655,1
DA:16660,1
DA:16661,1
DA:16662,1
DA:16663,1
DA:16664,1
DA:16665,1
DA:16666,1
DA:16667,1
DA:16668,1
DA:16669,1
DA:16670,1
DA:16671,1
DA:16672,1
DA:16673,1
DA:16674,1
DA:16675,1
DA:16676,1
DA:16677,1
DA:16678,1
DA:16679,1
DA:16680,1
DA:16681,1
DA:16682,1
DA:16683,1
DA:16684,1
DA:16685,1
DA:16686,1
DA:16687,1
DA:16688,1
DA:16689,1
DA:16690,1
DA:16691,1
DA:16692,1
DA:16693,1
DA:16694,1
DA:16695,1
DA:16696,1
DA:16697,1
DA:16698,1
DA:16699,1
DA:16700,1
DA:16701,1
DA:16702,1
DA:16703,1
DA:16704,1
DA:16705,1
DA:16706,1
DA:16707,1
DA:16708,1
DA:16709,1
DA:16710,1
DA:16711,1
DA:16712,1
DA:16713,1
DA:16714,1
DA:16715,1
DA:16716,1
DA:16717,1
DA:16718,1
DA:16719,1
DA:16720,1
DA:16721,1
DA:16722,1
DA:16723,1
DA:16724,1
DA:16725,1
DA:16726,1
DA:16727,1
DA:16728,1
DA:16729,1
DA:16730,1
DA:16731,1
DA:16732,1
DA:16733,1
DA:16734,1
DA:16735,1
DA:16736,1
DA:16737,1
DA:16738,1
DA:16739,1
DA:16740,1
DA:16741,1
DA:16742,1
DA:16743,1
DA:16744,1
DA:16745,1
DA:16746,1
DA:16747,1
DA:16748,1
DA:16749,1
DA:16750,1
DA:16751,1
DA:16752,1
DA:16753,1
DA:16754,1
DA:16755,1
DA:16756,1
DA:16757,1
DA:16758,1
DA:16759,1
DA:16760,1
DA:16761,1
DA:16762,1
DA:16763,1
DA:16764,1
DA:16765,1
DA:16766,1
DA:16767,1
DA:16768,1
DA:16769,1
DA:16770,1
DA:16771,1
DA:16772,1
DA:16773,1
DA:16774,1
DA:16775,1
DA:16776,1
DA:16777,1
DA:16778,1
DA:16779,1
DA:16780,1
DA:16781,1
DA:16782,1
DA:16783,1
DA:16784,1
DA:16785,1
DA:16786,1
DA:16787,1
DA:16788,1
DA:16789,1
DA:16790,1
DA:16791,1
DA:16792,1
DA:16793,1
DA:16794,1
DA:16795,1
DA:16796,1
DA:16797,1
DA:16798,1
DA:16799,1
DA:16800,1
DA:16801,1
DA:16802,1
DA:16803,1
DA:16804,1
DA:16805,1
DA:16806,1
DA:16807,1
DA:16808,1
DA:16811,1
DA:16812,1
DA:16813,1
DA:16815,1
DA:16816,1
DA:16817,1
DA:16818,306
DA:16819,153
DA:16822,1
DA:16834,1
DA:16837,1
DA:16838,6
DA:16842,1
DA:16843,2
DA:16844,0
DA:16846,0
DA:16850,0
DA:16851,0
DA:16853,0
DA:16858,0
DA:16861,2
DA:16862,0
DA:16867,1
DA:16868,3
DA:16871,3
DA:16872,0
DA:16873,0
DA:16877,0
DA:16878,0
DA:16883,1
DA:16884,2
DA:16886,2
DA:16887,0
DA:16892,1
DA:16893,2
DA:16895,2
DA:16896,0
DA:16900,1
DA:16901,0
DA:16904,1
DA:16905,0
DA:16908,1
DA:16909,0
DA:16912,1
DA:16913,0
DA:16914,0
DA:16916,0
DA:16917,0
DA:16921,1
DA:16922,0
DA:16925,1
DA:16926,0
DA:16928,0
DA:16929,0
DA:16930,0
DA:16932,0
DA:16933,0
DA:16934,0
DA:16935,0
DA:16937,0
DA:16938,0
DA:16939,0
DA:16941,0
DA:16944,1
DA:16945,0
DA:16948,1
DA:16949,0
DA:16953,1
DA:16954,19
DA:16959,19
DA:16960,0
DA:16962,19
DA:16963,0
DA:16969,0
DA:16970,0
DA:16971,0
DA:16974,0
DA:16976,0
DA:16978,0
DA:16983,0
DA:16984,0
DA:16985,0
DA:16986,0
DA:16987,0
DA:16989,0
DA:16990,0
DA:16992,0
DA:16993,0
DA:16998,1
DA:16999,6
DA:17003,6
DA:17004,0
DA:17005,0
DA:17006,0
DA:17007,0
DA:17009,0
DA:17010,0
DA:17016,1
DA:17017,19
DA:17018,19
DA:17019,19
DA:17022,19
DA:17026,1
DA:17032,1
DA:17033,1
DA:17034,1
DA:17037,1
DA:17038,1
DA:17039,1
DA:17040,1
DA:17041,1
DA:17042,1
DA:17043,1
DA:17046,1
DA:17048,1
DA:17049,1
DA:17051,1
DA:17057,1
DA:17060,1
DA:17065,0
DA:17069,0
DA:17070,0
DA:17074,1
DA:17076,1
DA:17078,1
DA:17082,0
LF:3676
LH:1231
BRDA:417,1,0,1
BRDA:417,1,1,1
BRDA:417,1,2,1
BRDA:417,1,3,1
BRDA:420,2,0,1
BRDA:420,2,1,0
BRDA:420,2,2,0
BRDA:420,2,3,0
BRDA:423,3,0,1
BRDA:423,3,1,0
BRDA:423,3,2,0
BRDA:426,4,0,1
BRDA:426,4,1,1
BRDA:426,4,2,1
BRDA:426,4,3,1
BRDA:429,5,0,1
BRDA:429,5,1,1
BRDA:429,5,2,1
BRDA:429,5,3,1
BRDA:429,5,4,1
BRDA:432,6,0,1
BRDA:432,6,1,1
BRDA:435,7,0,1
BRDA:435,7,1,1
BRDA:440,8,0,1
BRDA:440,8,1,1
BRDA:440,8,2,1
BRDA:445,9,0,1
BRDA:445,9,1,1
BRDA:446,10,0,1
BRDA:446,10,1,1
BRDA:447,11,0,1
BRDA:447,11,1,1
BRDA:448,12,0,1
BRDA:448,12,1,1
BRDA:449,13,0,1
BRDA:449,13,1,1
BRDA:450,14,0,1
BRDA:450,14,1,1
BRDA:493,15,0,0
BRDA:493,15,1,0
BRDA:493,15,2,0
BRDA:493,15,3,0
BRDA:514,16,0,0
BRDA:514,16,1,0
BRDA:534,17,0,0
BRDA:534,17,1,8
BRDA:537,18,0,0
BRDA:537,18,1,326
BRDA:554,19,0,0
BRDA:554,19,1,0
BRDA:557,20,0,0
BRDA:557,20,1,0
BRDA:576,21,0,0
BRDA:576,21,1,0
BRDA:579,22,0,0
BRDA:579,22,1,0
BRDA:597,23,0,0
BRDA:597,23,1,2
BRDA:603,24,0,305
BRDA:603,24,1,2
BRDA:620,25,0,0
BRDA:620,25,1,0
BRDA:621,26,0,0
BRDA:621,26,1,0
BRDA:635,27,0,0
BRDA:635,27,1,0
BRDA:638,28,0,0
BRDA:638,28,1,0
BRDA:656,29,0,0
BRDA:656,29,1,0
BRDA:698,30,0,0
BRDA:698,30,1,0
BRDA:700,31,0,0
BRDA:700,31,1,0
BRDA:700,32,0,0
BRDA:700,32,1,0
BRDA:722,33,0,0
BRDA:722,33,1,0
BRDA:723,34,0,0
BRDA:723,34,1,0
BRDA:723,35,0,0
BRDA:723,35,1,0
BRDA:744,36,0,0
BRDA:744,36,1,0
BRDA:747,37,0,0
BRDA:747,37,1,0
BRDA:782,38,0,0
BRDA:782,38,1,0
BRDA:799,39,0,0
BRDA:799,39,1,0
BRDA:820,40,0,0
BRDA:820,40,1,0
BRDA:822,41,0,0
BRDA:822,41,1,0
BRDA:823,42,0,0
BRDA:823,42,1,0
BRDA:840,43,0,0
BRDA:840,43,1,0
BRDA:860,44,0,0
BRDA:860,44,1,0
BRDA:888,45,0,0
BRDA:888,45,1,0
BRDA:889,46,0,0
BRDA:889,46,1,0
BRDA:901,47,0,0
BRDA:901,47,1,0
BRDA:914,48,0,0
BRDA:914,48,1,0
BRDA:933,49,0,0
BRDA:933,49,1,0
BRDA:976,50,0,0
BRDA:976,50,1,0
BRDA:977,51,0,0
BRDA:977,51,1,0
BRDA:1071,52,0,0
BRDA:1071,52,1,0
BRDA:1087,53,0,0
BRDA:1087,53,1,0
BRDA:1104,54,0,0
BRDA:1104,54,1,0
BRDA:1150,55,0,0
BRDA:1150,55,1,7
BRDA:1240,56,0,0
BRDA:1240,56,1,0
BRDA:1240,57,0,0
BRDA:1240,57,1,0
BRDA:1297,58,0,0
BRDA:1297,58,1,0
BRDA:1317,59,0,0
BRDA:1317,59,1,0
BRDA:1332,60,0,0
BRDA:1332,60,1,0
BRDA:1345,61,0,0
BRDA:1345,61,1,0
BRDA:1382,62,0,0
BRDA:1382,62,1,0
BRDA:1393,63,0,0
BRDA:1393,63,1,0
BRDA:1428,64,0,1
BRDA:1428,64,1,0
BRDA:1460,65,0,1
BRDA:1460,65,1,0
BRDA:1460,65,2,0
BRDA:1460,65,3,1
BRDA:1461,66,0,0
BRDA:1461,66,1,1
BRDA:1484,67,0,1
BRDA:1484,67,1,0
BRDA:1487,68,0,1
BRDA:1487,68,1,0
BRDA:1492,69,0,1
BRDA:1492,69,1,0
BRDA:1493,70,0,1
BRDA:1493,70,1,0
BRDA:1494,71,0,1
BRDA:1494,71,1,0
BRDA:1505,72,0,1
BRDA:1505,72,1,0
BRDA:1506,73,0,1
BRDA:1506,73,1,1
BRDA:1506,73,2,0
BRDA:1507,74,0,1
BRDA:1507,74,1,0
BRDA:1513,75,0,1
BRDA:1513,75,1,0
BRDA:1533,76,0,1
BRDA:1533,76,1,1
BRDA:1546,77,0,1
BRDA:1546,77,1,0
BRDA:1547,78,0,1
BRDA:1547,78,1,0
BRDA:1548,79,0,1
BRDA:1548,79,1,0
BRDA:1670,80,0,0
BRDA:1670,80,1,0
BRDA:1670,81,0,0
BRDA:1670,81,1,0
BRDA:1670,81,2,0
BRDA:1671,82,0,0
BRDA:1671,82,1,0
BRDA:1674,83,0,0
BRDA:1674,83,1,0
BRDA:1692,84,0,0
BRDA:1692,84,1,2
BRDA:1695,85,0,2
BRDA:1695,85,1,0
BRDA:1844,86,0,0
BRDA:1844,86,1,0
BRDA:1868,87,0,0
BRDA:1868,87,1,0
BRDA:1873,88,0,0
BRDA:1873,88,1,0
BRDA:1879,89,0,0
BRDA:1879,89,1,0
BRDA:1879,90,0,0
BRDA:1879,90,1,0
BRDA:1879,90,2,0
BRDA:1879,90,3,0
BRDA:1885,91,0,0
BRDA:1885,91,1,0
BRDA:1897,92,0,0
BRDA:1897,92,1,0
BRDA:1899,93,0,0
BRDA:1899,93,1,0
BRDA:1900,94,0,0
BRDA:1900,94,1,0
BRDA:1927,95,0,2
BRDA:1927,95,1,0
BRDA:1944,96,0,2
BRDA:1944,96,1,0
BRDA:1959,97,0,0
BRDA:1959,97,1,0
BRDA:1960,98,0,0
BRDA:1960,98,1,0
BRDA:1975,99,0,0
BRDA:1975,99,1,0
BRDA:1977,100,0,0
BRDA:1977,100,1,0
BRDA:1979,101,0,0
BRDA:1979,101,1,0
BRDA:1993,102,0,0
BRDA:1993,102,1,0
BRDA:2008,103,0,0
BRDA:2008,103,1,0
BRDA:2009,104,0,0
BRDA:2009,104,1,0
BRDA:2009,105,0,0
BRDA:2009,105,1,0
BRDA:2031,106,0,0
BRDA:2031,106,1,0
BRDA:2065,107,0,0
BRDA:2065,107,1,0
BRDA:2069,108,0,0
BRDA:2069,108,1,0
BRDA:2091,109,0,0
BRDA:2091,109,1,0
BRDA:2121,110,0,0
BRDA:2121,110,1,0
BRDA:2148,111,0,1
BRDA:2148,111,1,0
BRDA:2168,112,0,1
BRDA:2168,112,1,0
BRDA:2184,113,0,0
BRDA:2184,113,1,0
BRDA:2229,114,0,0
BRDA:2229,114,1,0
BRDA:2252,115,0,0
BRDA:2252,115,1,0
BRDA:2373,116,0,0
BRDA:2373,116,1,0
BRDA:2375,117,0,0
BRDA:2375,117,1,0
BRDA:2375,118,0,0
BRDA:2375,118,1,0
BRDA:2406,119,0,0
BRDA:2406,119,1,0
BRDA:2407,120,0,0
BRDA:2407,120,1,0
BRDA:2407,120,2,0
BRDA:2408,121,0,0
BRDA:2408,121,1,0
BRDA:2408,121,2,0
BRDA:2408,121,3,0
BRDA:2409,122,0,0
BRDA:2409,122,1,0
BRDA:2409,122,2,0
BRDA:2409,122,3,0
BRDA:2410,123,0,0
BRDA:2410,123,1,0
BRDA:2414,124,0,0
BRDA:2414,124,1,0
BRDA:2414,125,0,0
BRDA:2414,125,1,0
BRDA:2414,125,2,0
BRDA:2415,126,0,0
BRDA:2415,126,1,0
BRDA:2415,126,2,0
BRDA:2415,126,3,0
BRDA:2415,126,4,0
BRDA:2415,126,5,0
BRDA:2415,126,6,0
BRDA:2415,126,7,0
BRDA:2415,126,8,0
BRDA:2415,126,9,0
BRDA:2440,127,0,0
BRDA:2440,127,1,0
BRDA:2476,128,0,0
BRDA:2476,128,1,0
BRDA:2476,129,0,0
BRDA:2476,129,1,0
BRDA:2476,129,2,0
BRDA:2476,129,3,0
BRDA:2494,130,0,0
BRDA:2494,130,1,0
BRDA:2494,131,0,0
BRDA:2494,131,1,0
BRDA:2494,131,2,0
BRDA:2494,132,0,0
BRDA:2494,132,1,0
BRDA:2511,133,0,0
BRDA:2511,133,1,0
BRDA:2546,134,0,0
BRDA:2546,134,1,0
BRDA:2559,135,0,0
BRDA:2559,135,1,0
BRDA:2572,136,0,0
BRDA:2572,136,1,0
BRDA:2572,137,0,0
BRDA:2572,137,1,0
BRDA:2599,138,0,0
BRDA:2599,138,1,0
BRDA:2614,139,0,0
BRDA:2614,139,1,0
BRDA:2615,140,0,0
BRDA:2615,140,1,0
BRDA:2616,141,0,0
BRDA:2616,141,1,0
BRDA:2618,142,0,0
BRDA:2618,142,1,0
BRDA:2619,143,0,0
BRDA:2619,143,1,0
BRDA:2647,144,0,0
BRDA:2647,144,1,0
BRDA:2648,145,0,0
BRDA:2648,145,1,0
BRDA:2650,146,0,0
BRDA:2650,146,1,0
BRDA:2653,147,0,0
BRDA:2653,147,1,0
BRDA:2657,148,0,0
BRDA:2657,148,1,0
BRDA:2659,149,0,0
BRDA:2659,149,1,0
BRDA:2664,150,0,0
BRDA:2664,150,1,0
BRDA:2666,151,0,0
BRDA:2666,151,1,0
BRDA:2669,152,0,0
BRDA:2669,152,1,0
BRDA:2669,153,0,0
BRDA:2669,153,1,0
BRDA:2669,153,2,0
BRDA:2669,153,3,0
BRDA:2670,154,0,0
BRDA:2670,154,1,0
BRDA:2670,155,0,0
BRDA:2670,155,1,0
BRDA:2671,156,0,0
BRDA:2671,156,1,0
BRDA:2672,157,0,0
BRDA:2672,157,1,0
BRDA:2677,158,0,0
BRDA:2677,158,1,0
BRDA:2678,159,0,0
BRDA:2678,159,1,0
BRDA:2684,160,0,0
BRDA:2684,160,1,0
BRDA:2686,161,0,0
BRDA:2686,161,1,0
BRDA:2691,162,0,0
BRDA:2691,162,1,0
BRDA:2692,163,0,0
BRDA:2692,163,1,0
BRDA:2693,164,0,0
BRDA:2693,164,1,0
BRDA:2695,165,0,0
BRDA:2695,165,1,0
BRDA:2696,166,0,0
BRDA:2696,166,1,0
BRDA:2697,167,0,0
BRDA:2697,167,1,0
BRDA:2731,168,0,0
BRDA:2731,168,1,0
BRDA:2740,169,0,0
BRDA:2740,169,1,0
BRDA:2740,170,0,0
BRDA:2740,170,1,0
BRDA:2740,170,2,0
BRDA:2758,171,0,0
BRDA:2758,171,1,0
BRDA:2783,172,0,0
BRDA:2783,172,1,0
BRDA:2786,173,0,0
BRDA:2786,173,1,0
BRDA:2789,174,0,0
BRDA:2789,174,1,0
BRDA:2793,175,0,0
BRDA:2793,175,1,0
BRDA:2801,176,0,0
BRDA:2801,176,1,0
BRDA:2803,177,0,0
BRDA:2803,177,1,0
BRDA:2803,178,0,0
BRDA:2803,178,1,0
BRDA:2804,179,0,0
BRDA:2804,179,1,0
BRDA:2804,180,0,0
BRDA:2804,180,1,0
BRDA:2807,181,0,0
BRDA:2807,181,1,0
BRDA:2813,182,0,0
BRDA:2813,182,1,0
BRDA:2876,183,0,0
BRDA:2876,183,1,0
BRDA:2876,184,0,0
BRDA:2876,184,1,0
BRDA:2876,185,0,0
BRDA:2876,185,1,0
BRDA:2877,186,0,0
BRDA:2877,186,1,0
BRDA:2901,187,0,0
BRDA:2901,187,1,0
BRDA:2902,188,0,0
BRDA:2902,188,1,0
BRDA:2904,189,0,0
BRDA:2904,189,1,0
BRDA:2904,190,0,0
BRDA:2904,190,1,0
BRDA:2905,191,0,0
BRDA:2905,191,1,0
BRDA:2908,192,0,0
BRDA:2908,192,1,0
BRDA:2926,193,0,0
BRDA:2926,193,1,0
BRDA:2948,194,0,0
BRDA:2948,194,1,0
BRDA:2949,195,0,0
BRDA:2949,195,1,0
BRDA:2953,196,0,0
BRDA:2953,196,1,0
BRDA:2953,197,0,0
BRDA:2953,197,1,0
BRDA:2954,198,0,0
BRDA:2954,198,1,0
BRDA:2960,199,0,0
BRDA:2960,199,1,0
BRDA:3001,200,0,3
BRDA:3001,200,1,3
BRDA:3013,201,0,0
BRDA:3013,201,1,0
BRDA:3045,202,0,0
BRDA:3045,202,1,0
BRDA:3048,203,0,0
BRDA:3048,203,1,0
BRDA:3048,204,0,0
BRDA:3048,204,1,0
BRDA:3064,205,0,0
BRDA:3064,205,1,0
BRDA:3075,206,0,0
BRDA:3075,206,1,324
BRDA:3076,207,0,0
BRDA:3076,207,1,0
BRDA:3078,208,0,5
BRDA:3078,208,1,319
BRDA:3078,209,0,324
BRDA:3078,209,1,324
BRDA:3105,210,0,0
BRDA:3105,210,1,0
BRDA:3117,211,0,0
BRDA:3117,211,1,0
BRDA:3130,212,0,0
BRDA:3130,212,1,0
BRDA:3144,213,0,0
BRDA:3144,213,1,0
BRDA:3154,214,0,0
BRDA:3154,214,1,0
BRDA:3154,215,0,0
BRDA:3154,215,1,0
BRDA:3158,216,0,0
BRDA:3158,216,1,0
BRDA:3158,217,0,0
BRDA:3158,217,1,0
BRDA:3158,217,2,0
BRDA:3158,217,3,0
BRDA:3159,218,0,0
BRDA:3159,218,1,0
BRDA:3168,219,0,0
BRDA:3168,219,1,0
BRDA:3170,220,0,0
BRDA:3170,220,1,0
BRDA:3172,221,0,0
BRDA:3172,221,1,0
BRDA:3172,222,0,0
BRDA:3172,222,1,0
BRDA:3173,223,0,0
BRDA:3173,223,1,0
BRDA:3173,224,0,0
BRDA:3173,224,1,0
BRDA:3180,225,0,0
BRDA:3180,225,1,0
BRDA:3180,226,0,0
BRDA:3180,226,1,0
BRDA:3187,227,0,0
BRDA:3187,227,1,0
BRDA:3227,228,0,0
BRDA:3227,228,1,0
BRDA:3228,229,0,0
BRDA:3228,229,1,0
BRDA:3239,230,0,1
BRDA:3239,230,1,1
BRDA:3250,231,0,0
BRDA:3250,231,1,0
BRDA:3261,232,0,0
BRDA:3261,232,1,0
BRDA:3279,233,0,0
BRDA:3279,233,1,0
BRDA:3282,234,0,0
BRDA:3282,234,1,0
BRDA:3282,235,0,0
BRDA:3282,235,1,0
BRDA:3282,235,2,0
BRDA:3282,235,3,0
BRDA:3283,236,0,0
BRDA:3283,236,1,0
BRDA:3305,237,0,0
BRDA:3305,237,1,0
BRDA:3306,238,0,0
BRDA:3306,238,1,0
BRDA:3308,239,0,0
BRDA:3308,239,1,0
BRDA:3309,240,0,0
BRDA:3309,240,1,0
BRDA:3315,241,0,0
BRDA:3315,241,1,0
BRDA:3315,242,0,0
BRDA:3315,242,1,0
BRDA:3316,243,0,0
BRDA:3316,243,1,0
BRDA:3322,244,0,0
BRDA:3322,244,1,0
BRDA:3322,245,0,0
BRDA:3322,245,1,0
BRDA:3323,246,0,0
BRDA:3323,246,1,0
BRDA:3324,247,0,0
BRDA:3324,247,1,0
BRDA:3324,248,0,0
BRDA:3324,248,1,0
BRDA:3328,249,0,0
BRDA:3328,249,1,0
BRDA:3329,250,0,0
BRDA:3329,250,1,0
BRDA:3330,251,0,0
BRDA:3330,251,1,0
BRDA:3332,252,0,0
BRDA:3332,252,1,0
BRDA:3332,253,0,0
BRDA:3332,253,1,0
BRDA:3333,254,0,0
BRDA:3333,254,1,0
BRDA:3334,255,0,0
BRDA:3334,255,1,0
BRDA:3336,256,0,0
BRDA:3336,256,1,0
BRDA:3340,257,0,0
BRDA:3340,257,1,0
BRDA:3343,258,0,0
BRDA:3343,258,1,0
BRDA:3355,259,0,0
BRDA:3355,259,1,0
BRDA:3373,260,0,0
BRDA:3373,260,1,0
BRDA:3379,261,0,0
BRDA:3379,261,1,0
BRDA:3379,262,0,0
BRDA:3379,262,1,0
BRDA:3379,263,0,0
BRDA:3379,263,1,0
BRDA:3392,264,0,0
BRDA:3392,264,1,0
BRDA:3392,265,0,0
BRDA:3392,265,1,0
BRDA:3393,266,0,0
BRDA:3393,266,1,0
BRDA:3393,267,0,0
BRDA:3393,267,1,0
BRDA:3398,268,0,0
BRDA:3398,268,1,0
BRDA:3401,269,0,0
BRDA:3401,269,1,0
BRDA:3401,270,0,0
BRDA:3401,270,1,0
BRDA:3421,271,0,0
BRDA:3421,271,1,7
BRDA:3421,272,0,7
BRDA:3421,272,1,7
BRDA:3424,273,0,7
BRDA:3424,273,1,0
BRDA:3436,274,0,0
BRDA:3436,274,1,0
BRDA:3447,275,0,0
BRDA:3447,275,1,0
BRDA:3458,276,0,0
BRDA:3458,276,1,0
BRDA:3458,276,2,0
BRDA:3472,277,0,0
BRDA:3472,277,1,0
BRDA:3475,278,0,0
BRDA:3475,278,1,0
BRDA:3478,279,0,0
BRDA:3478,279,1,0
BRDA:3479,280,0,0
BRDA:3479,280,1,0
BRDA:3494,281,0,3
BRDA:3494,281,1,2
BRDA:3499,282,0,38
BRDA:3499,282,1,580
BRDA:3499,283,0,618
BRDA:3499,283,1,40
BRDA:3514,284,0,0
BRDA:3514,284,1,0
BRDA:3521,285,0,0
BRDA:3521,285,1,0
BRDA:3521,286,0,0
BRDA:3521,286,1,0
BRDA:3521,286,2,0
BRDA:3551,287,0,0
BRDA:3551,287,1,0
BRDA:3568,288,0,0
BRDA:3568,288,1,0
BRDA:3568,289,0,0
BRDA:3568,289,1,0
BRDA:3572,290,0,0
BRDA:3572,290,1,0
BRDA:3585,291,0,0
BRDA:3585,291,1,0
BRDA:3585,292,0,0
BRDA:3585,292,1,0
BRDA:3590,293,0,0
BRDA:3590,293,1,0
BRDA:3590,294,0,0
BRDA:3590,294,1,0
BRDA:3608,295,0,0
BRDA:3608,295,1,0
BRDA:3612,296,0,0
BRDA:3612,296,1,0
BRDA:3613,297,0,0
BRDA:3613,297,1,0
BRDA:3617,298,0,0
BRDA:3617,298,1,0
BRDA:3621,299,0,0
BRDA:3621,299,1,0
BRDA:3649,300,0,0
BRDA:3649,300,1,0
BRDA:3653,301,0,0
BRDA:3653,301,1,0
BRDA:3659,302,0,0
BRDA:3659,302,1,0
BRDA:3661,303,0,0
BRDA:3661,303,1,0
BRDA:3662,304,0,0
BRDA:3662,304,1,0
BRDA:3662,304,2,0
BRDA:3665,305,0,0
BRDA:3665,305,1,0
BRDA:3665,306,0,0
BRDA:3665,306,1,0
BRDA:3665,306,2,0
BRDA:3666,307,0,0
BRDA:3666,307,1,0
BRDA:3669,308,0,0
BRDA:3669,308,1,0
BRDA:3672,309,0,0
BRDA:3672,309,1,0
BRDA:3676,310,0,0
BRDA:3676,310,1,0
BRDA:3684,311,0,0
BRDA:3684,311,1,0
BRDA:3684,312,0,0
BRDA:3684,312,1,0
BRDA:3686,313,0,0
BRDA:3686,313,1,0
BRDA:3689,314,0,0
BRDA:3689,314,1,0
BRDA:3689,315,0,0
BRDA:3689,315,1,0
BRDA:3689,315,2,0
BRDA:3697,316,0,0
BRDA:3697,316,1,0
BRDA:3716,317,0,0
BRDA:3716,317,1,0
BRDA:3719,318,0,0
BRDA:3719,318,1,0
BRDA:3720,319,0,0
BRDA:3720,319,1,0
BRDA:3734,320,0,0
BRDA:3734,320,1,0
BRDA:3781,321,0,0
BRDA:3781,321,1,0
BRDA:3813,322,0,0
BRDA:3813,322,1,0
BRDA:3818,323,0,0
BRDA:3818,323,1,0
BRDA:3821,324,0,0
BRDA:3821,324,1,0
BRDA:3827,325,0,0
BRDA:3827,325,1,0
BRDA:3830,326,0,0
BRDA:3830,326,1,0
BRDA:3849,327,0,0
BRDA:3849,327,1,0
BRDA:3854,328,0,0
BRDA:3854,328,1,0
BRDA:3854,329,0,0
BRDA:3854,329,1,0
BRDA:3856,330,0,0
BRDA:3856,330,1,0
BRDA:3892,331,0,0
BRDA:3892,331,1,0
BRDA:3896,332,0,0
BRDA:3896,332,1,0
BRDA:3912,333,0,0
BRDA:3912,333,1,0
BRDA:3912,334,0,0
BRDA:3912,334,1,0
BRDA:3912,334,2,0
BRDA:3918,335,0,0
BRDA:3918,335,1,0
BRDA:3922,336,0,0
BRDA:3922,336,1,0
BRDA:3977,337,0,0
BRDA:3977,337,1,0
BRDA:3987,338,0,0
BRDA:3987,338,1,0
BRDA:3991,339,0,0
BRDA:3991,339,1,0
BRDA:3993,340,0,0
BRDA:3993,340,1,0
BRDA:3994,341,0,0
BRDA:3994,341,1,0
BRDA:3995,342,0,0
BRDA:3995,342,1,0
BRDA:3997,343,0,0
BRDA:3997,343,1,0
BRDA:4014,344,0,0
BRDA:4014,344,1,1
BRDA:4027,345,0,0
BRDA:4027,345,1,1
BRDA:4060,346,0,0
[...]
BRDA:7767,787,2,0
BRDA:7767,787,3,0
BRDA:7796,788,0,0
BRDA:7796,788,1,0
BRDA:7796,789,0,0
BRDA:7796,789,1,0
BRDA:7796,789,2,0
BRDA:7796,789,3,0
BRDA:7826,790,0,0
BRDA:7826,790,1,0
BRDA:7830,791,0,0
BRDA:7830,791,1,0
BRDA:7866,792,0,0
BRDA:7866,792,1,0
BRDA:7866,793,0,0
BRDA:7866,793,1,0
BRDA:7876,794,0,0
BRDA:7876,794,1,0
BRDA:7909,795,0,0
BRDA:7909,795,1,0
BRDA:7929,796,0,0
BRDA:7929,796,1,0
BRDA:7930,797,0,0
BRDA:7930,797,1,0
BRDA:7933,798,0,0
BRDA:7933,798,1,0
BRDA:7933,799,0,0
BRDA:7933,799,1,0
BRDA:7933,799,2,0
BRDA:7938,800,0,0
BRDA:7938,800,1,0
BRDA:7939,801,0,0
BRDA:7939,801,1,0
BRDA:8011,802,0,0
BRDA:8011,802,1,0
BRDA:8012,803,0,0
BRDA:8012,803,1,0
BRDA:8014,804,0,0
BRDA:8014,804,1,0
BRDA:8014,805,0,0
BRDA:8014,805,1,0
BRDA:8089,806,0,0
BRDA:8089,806,1,0
BRDA:8090,807,0,0
BRDA:8090,807,1,0
BRDA:8092,808,0,0
BRDA:8092,808,1,0
BRDA:8115,809,0,0
BRDA:8115,809,1,0
BRDA:8115,810,0,0
BRDA:8115,810,1,0
BRDA:8137,811,0,0
BRDA:8137,811,1,0
BRDA:8137,812,0,0
BRDA:8137,812,1,0
BRDA:8157,813,0,0
BRDA:8157,813,1,0
BRDA:8158,814,0,0
BRDA:8158,814,1,0
BRDA:8187,815,0,0
BRDA:8187,815,1,0
BRDA:8187,816,0,0
BRDA:8187,816,1,0
BRDA:8190,817,0,0
BRDA:8190,817,1,0
BRDA:8190,818,0,0
BRDA:8190,818,1,0
BRDA:8191,819,0,0
BRDA:8191,819,1,0
BRDA:8220,820,0,0
BRDA:8220,820,1,0
BRDA:8221,821,0,0
BRDA:8221,821,1,0
BRDA:8224,822,0,0
BRDA:8224,822,1,0
BRDA:8224,823,0,0
BRDA:8224,823,1,0
BRDA:8226,824,0,0
BRDA:8226,824,1,0
BRDA:8265,825,0,0
BRDA:8265,825,1,0
BRDA:8265,826,0,0
BRDA:8265,826,1,0
BRDA:8306,827,0,0
BRDA:8306,827,1,0
BRDA:8306,828,0,0
BRDA:8306,828,1,0
BRDA:8356,829,0,0
BRDA:8356,829,1,0
BRDA:8385,830,0,0
BRDA:8385,830,1,0
BRDA:8408,831,0,0
BRDA:8408,831,1,0
BRDA:8408,832,0,0
BRDA:8408,832,1,0
BRDA:8435,833,0,0
BRDA:8435,833,1,0
BRDA:8435,834,0,0
BRDA:8435,834,1,0
BRDA:8459,835,0,0
BRDA:8459,835,1,0
BRDA:8460,836,0,0
BRDA:8460,836,1,0
BRDA:8460,837,0,0
BRDA:8460,837,1,0
BRDA:8483,838,0,0
BRDA:8483,838,1,0
BRDA:8483,839,0,0
BRDA:8483,839,1,0
BRDA:8488,840,0,0
BRDA:8488,840,1,0
BRDA:8520,841,0,0
BRDA:8520,841,1,0
BRDA:8520,842,0,0
BRDA:8520,842,1,0
BRDA:8524,843,0,0
BRDA:8524,843,1,0
BRDA:8553,844,0,0
BRDA:8553,844,1,0
BRDA:8605,845,0,0
BRDA:8605,845,1,0
BRDA:8634,846,0,0
BRDA:8634,846,1,0
BRDA:8673,847,0,0
BRDA:8673,847,1,0
BRDA:8673,848,0,0
BRDA:8673,848,1,0
BRDA:8692,849,0,0
BRDA:8692,849,1,0
BRDA:8692,850,0,0
BRDA:8692,850,1,0
BRDA:8717,851,0,0
BRDA:8717,851,1,0
BRDA:8719,852,0,0
BRDA:8719,852,1,0
BRDA:8833,853,0,0
BRDA:8833,853,1,0
BRDA:8837,854,0,0
BRDA:8837,854,1,0
BRDA:8837,855,0,0
BRDA:8837,855,1,0
BRDA:8837,855,2,0
BRDA:8837,855,3,0
BRDA:8841,856,0,0
BRDA:8841,856,1,0
BRDA:8848,857,0,0
BRDA:8848,857,1,0
BRDA:8848,858,0,0
BRDA:8848,858,1,0
BRDA:8939,859,0,0
BRDA:8939,859,1,0
BRDA:8943,860,0,0
BRDA:8943,860,1,0
BRDA:9002,861,0,0
BRDA:9002,861,1,0
BRDA:9036,862,0,0
BRDA:9036,862,1,0
BRDA:9038,863,0,0
BRDA:9038,863,1,0
BRDA:9095,864,0,0
BRDA:9095,864,1,0
BRDA:9144,865,0,0
BRDA:9144,865,1,0
BRDA:9145,866,0,0
BRDA:9145,866,1,0
BRDA:9145,867,0,0
BRDA:9145,867,1,0
BRDA:9189,868,0,0
BRDA:9189,868,1,0
BRDA:9323,869,0,0
BRDA:9323,869,1,0
BRDA:9358,870,0,0
BRDA:9358,870,1,0
BRDA:9383,871,0,0
BRDA:9383,871,1,0
BRDA:9411,872,0,0
BRDA:9411,872,1,0
BRDA:9449,873,0,0
BRDA:9449,873,1,0
BRDA:9450,874,0,0
BRDA:9450,874,1,0
BRDA:9450,875,0,0
BRDA:9450,875,1,0
BRDA:9453,876,0,0
BRDA:9453,876,1,0
BRDA:9456,877,0,0
BRDA:9456,877,1,0
BRDA:9457,878,0,0
BRDA:9457,878,1,0
BRDA:9458,879,0,0
BRDA:9458,879,1,0
BRDA:9487,880,0,0
BRDA:9487,880,1,0
BRDA:9490,881,0,0
BRDA:9490,881,1,0
BRDA:9570,882,0,0
BRDA:9570,882,1,0
BRDA:9604,883,0,0
BRDA:9604,883,1,0
BRDA:9607,884,0,0
BRDA:9607,884,1,0
BRDA:9608,885,0,0
BRDA:9608,885,1,0
BRDA:9610,886,0,0
BRDA:9610,886,1,0
BRDA:9611,887,0,0
BRDA:9611,887,1,0
BRDA:9612,888,0,0
BRDA:9612,888,1,0
BRDA:9654,889,0,0
BRDA:9654,889,1,0
BRDA:9695,890,0,0
BRDA:9695,890,1,0
BRDA:9724,891,0,0
BRDA:9724,891,1,0
BRDA:9765,892,0,0
BRDA:9765,892,1,0
BRDA:9784,893,0,0
BRDA:9784,893,1,0
BRDA:9809,894,0,0
BRDA:9809,894,1,0
BRDA:9809,895,0,0
BRDA:9809,895,1,0
BRDA:9814,896,0,0
BRDA:9814,896,1,0
BRDA:9834,897,0,0
BRDA:9834,897,1,0
BRDA:9860,898,0,0
BRDA:9860,898,1,0
BRDA:9863,899,0,0
BRDA:9863,899,1,0
BRDA:9864,900,0,0
BRDA:9864,900,1,0
BRDA:9867,901,0,0
BRDA:9867,901,1,0
BRDA:9867,902,0,0
BRDA:9867,902,1,0
BRDA:9910,903,0,0
BRDA:9910,903,1,0
BRDA:9911,904,0,0
BRDA:9911,904,1,0
BRDA:9911,905,0,0
BRDA:9911,905,1,0
BRDA:9947,906,0,0
BRDA:9947,906,1,0
BRDA:9951,907,0,0
BRDA:9951,907,1,0
BRDA:9951,908,0,0
BRDA:9951,908,1,0
BRDA:9953,909,0,0
BRDA:9953,909,1,0
BRDA:9953,910,0,0
BRDA:9953,910,1,0
BRDA:9977,911,0,1
BRDA:9977,911,1,1
BRDA:10008,912,0,0
BRDA:10008,912,1,0
BRDA:10013,913,0,0
BRDA:10013,913,1,0
BRDA:10037,914,0,0
BRDA:10037,914,1,0
BRDA:10038,915,0,0
BRDA:10038,915,1,0
BRDA:10038,916,0,0
BRDA:10038,916,1,0
BRDA:10061,917,0,0
BRDA:10061,917,1,0
BRDA:10066,918,0,0
BRDA:10066,918,1,0
BRDA:10069,919,0,0
BRDA:10069,919,1,0
BRDA:10113,920,0,0
BRDA:10113,920,1,0
BRDA:10167,921,0,0
BRDA:10167,921,1,0
BRDA:10216,922,0,0
BRDA:10216,922,1,0
BRDA:10261,923,0,0
BRDA:10261,923,1,0
BRDA:10333,924,0,0
BRDA:10333,924,1,0
BRDA:10336,925,0,0
BRDA:10336,925,1,0
BRDA:10337,926,0,0
BRDA:10337,926,1,0
BRDA:10340,927,0,0
BRDA:10340,927,1,0
BRDA:10340,928,0,0
BRDA:10340,928,1,0
BRDA:10341,929,0,0
BRDA:10341,929,1,0
BRDA:10360,930,0,0
BRDA:10360,930,1,0
BRDA:10368,931,0,0
BRDA:10368,931,1,0
BRDA:10378,932,0,0
BRDA:10378,932,1,0
BRDA:10378,932,2,0
BRDA:10378,932,3,0
BRDA:10378,932,4,0
BRDA:10384,933,0,0
BRDA:10384,933,1,0
BRDA:10396,934,0,0
BRDA:10396,934,1,0
BRDA:10396,935,0,0
BRDA:10396,935,1,0
BRDA:10404,936,0,0
BRDA:10404,936,1,0
BRDA:10412,937,0,0
BRDA:10412,937,1,0
BRDA:10423,938,0,0
BRDA:10423,938,1,0
BRDA:10424,939,0,0
BRDA:10424,939,1,0
BRDA:10427,940,0,0
BRDA:10427,940,1,0
BRDA:10433,941,0,0
BRDA:10433,941,1,0
BRDA:10485,942,0,0
BRDA:10485,942,1,0
BRDA:10555,943,0,0
BRDA:10555,943,1,1
BRDA:10555,944,0,1
BRDA:10555,944,1,1
BRDA:10555,944,2,1
BRDA:10560,945,0,0
BRDA:10560,945,1,0
BRDA:10563,946,0,0
BRDA:10563,946,1,0
BRDA:10567,947,0,0
BRDA:10567,947,1,0
BRDA:10570,948,0,1
BRDA:10570,948,1,1
BRDA:10598,949,0,0
BRDA:10598,949,1,0
BRDA:10603,950,0,0
BRDA:10603,950,1,0
BRDA:10603,950,2,0
BRDA:10603,950,3,0
BRDA:10667,951,0,0
BRDA:10667,951,1,0
BRDA:10667,952,0,0
BRDA:10667,952,1,0
BRDA:10810,953,0,0
BRDA:10810,953,1,0
BRDA:10813,954,0,0
BRDA:10813,954,1,0
BRDA:10852,955,0,0
BRDA:10852,955,1,0
BRDA:10855,956,0,0
BRDA:10855,956,1,0
BRDA:10860,957,0,0
BRDA:10860,957,1,0
BRDA:10915,958,0,0
BRDA:10915,958,1,0
BRDA:10918,959,0,0
BRDA:10918,959,1,0
BRDA:10919,960,0,0
BRDA:10919,960,1,0
BRDA:10920,961,0,0
BRDA:10920,961,1,0
BRDA:11010,962,0,0
BRDA:11010,962,1,0
BRDA:11014,963,0,0
BRDA:11014,963,1,0
BRDA:11079,964,0,0
BRDA:11079,964,1,0
BRDA:11134,965,0,0
BRDA:11134,965,1,0
BRDA:11163,966,0,0
BRDA:11163,966,1,0
BRDA:11199,967,0,0
BRDA:11199,967,1,0
BRDA:11199,967,2,0
BRDA:11272,968,0,1
BRDA:11272,968,1,0
BRDA:11273,969,0,0
BRDA:11273,969,1,0
BRDA:11273,969,2,0
BRDA:11319,970,0,1
BRDA:11319,970,1,0
BRDA:11347,971,0,5
BRDA:11347,971,1,5
BRDA:11347,971,2,2
BRDA:11376,972,0,0
BRDA:11376,972,1,0
BRDA:11397,973,0,0
BRDA:11397,973,1,0
BRDA:11397,973,2,0
BRDA:11397,973,3,0
BRDA:11418,974,0,1
BRDA:11418,974,1,0
BRDA:11437,975,0,1
BRDA:11437,975,1,0
BRDA:11457,976,0,0
BRDA:11457,976,1,0
BRDA:11457,976,2,0
BRDA:11494,977,0,0
BRDA:11494,977,1,0
BRDA:11497,978,0,0
BRDA:11497,978,1,0
BRDA:11497,979,0,0
BRDA:11497,979,1,0
BRDA:11497,979,2,0
BRDA:11497,979,3,0
BRDA:11497,979,4,0
BRDA:11497,979,5,0
BRDA:11497,979,6,0
BRDA:11503,980,0,0
BRDA:11503,980,1,0
BRDA:11503,981,0,0
BRDA:11503,981,1,0
BRDA:11506,982,0,0
BRDA:11506,982,1,0
BRDA:11510,983,0,0
BRDA:11510,983,1,0
BRDA:11582,984,0,0
BRDA:11582,984,1,0
BRDA:11583,985,0,0
BRDA:11583,985,1,0
BRDA:11584,986,0,0
BRDA:11584,986,1,0
BRDA:11606,987,0,0
BRDA:11606,987,1,0
BRDA:11610,988,0,0
BRDA:11610,988,1,0
BRDA:11610,988,2,0
BRDA:11610,988,3,0
BRDA:11610,988,4,0
BRDA:11641,989,0,0
BRDA:11641,989,1,0
BRDA:11662,990,0,0
BRDA:11662,990,1,318
BRDA:11668,991,0,318
BRDA:11668,991,1,2
BRDA:11668,991,2,2
BRDA:11668,991,3,2
BRDA:11698,992,0,0
BRDA:11698,992,1,0
BRDA:11728,993,0,5
BRDA:11728,993,1,2
BRDA:11728,993,2,2
BRDA:11728,993,3,2
BRDA:11759,994,0,330
BRDA:11759,994,1,329
BRDA:11759,994,2,324
BRDA:11787,995,0,1
BRDA:11787,995,1,1
BRDA:11807,996,0,1
BRDA:11807,996,1,0
BRDA:11838,997,0,0
BRDA:11838,997,1,0
BRDA:11874,998,0,0
BRDA:11874,998,1,0
BRDA:11910,999,0,0
BRDA:11910,999,1,0
BRDA:11940,1000,0,0
BRDA:11940,1000,1,0
BRDA:12018,1001,0,0
BRDA:12018,1001,1,0
BRDA:12018,1001,2,0
BRDA:12051,1002,0,0
BRDA:12051,1002,1,0
BRDA:12051,1003,0,0
BRDA:12051,1003,1,0
BRDA:12055,1004,0,0
BRDA:12055,1004,1,0
BRDA:12058,1005,0,0
BRDA:12058,1005,1,0
BRDA:12059,1006,0,0
BRDA:12059,1006,1,0
BRDA:12059,1006,2,0
BRDA:12080,1007,0,1
BRDA:12080,1007,1,0
BRDA:12110,1008,0,0
BRDA:12110,1008,1,0
BRDA:12110,1008,2,0
BRDA:12130,1009,0,1
BRDA:12130,1009,1,0
BRDA:12150,1010,0,0
BRDA:12150,1010,1,0
BRDA:12150,1010,2,0
BRDA:12150,1010,3,0
BRDA:12172,1011,0,0
BRDA:12172,1011,1,0
BRDA:12172,1011,2,0
BRDA:12193,1012,0,1
BRDA:12193,1012,1,0
BRDA:12234,1013,0,0
BRDA:12234,1013,1,0
BRDA:12255,1014,0,0
BRDA:12255,1014,1,0
BRDA:12334,1015,0,0
BRDA:12334,1015,1,0
BRDA:12337,1016,0,0
BRDA:12337,1016,1,0
BRDA:12338,1017,0,0
BRDA:12338,1017,1,0
BRDA:12340,1018,0,0
BRDA:12340,1018,1,0
BRDA:12340,1019,0,0
BRDA:12340,1019,1,0
BRDA:12344,1020,0,0
BRDA:12344,1020,1,0
BRDA:12344,1021,0,0
BRDA:12344,1021,1,0
BRDA:12373,1022,0,0
BRDA:12373,1022,1,0
BRDA:12374,1023,0,0
BRDA:12374,1023,1,0
BRDA:12377,1024,0,0
BRDA:12377,1024,1,0
BRDA:12377,1025,0,0
BRDA:12377,1025,1,0
BRDA:12378,1026,0,0
BRDA:12378,1026,1,0
BRDA:12381,1027,0,0
BRDA:12381,1027,1,0
BRDA:12414,1028,0,0
BRDA:12414,1028,1,0
BRDA:12414,1029,0,0
BRDA:12414,1029,1,0
BRDA:12445,1030,0,0
BRDA:12445,1030,1,0
BRDA:12472,1031,0,0
BRDA:12472,1031,1,0
BRDA:12475,1032,0,0
BRDA:12475,1032,1,0
BRDA:12478,1033,0,0
BRDA:12478,1033,1,0
BRDA:12479,1034,0,0
BRDA:12479,1034,1,0
BRDA:12480,1035,0,0
BRDA:12480,1035,1,0
BRDA:12482,1036,0,0
BRDA:12482,1036,1,0
BRDA:12483,1037,0,0
BRDA:12483,1037,1,0
BRDA:12487,1038,0,0
BRDA:12487,1038,1,0
BRDA:12487,1039,0,0
BRDA:12487,1039,1,0
BRDA:12488,1040,0,0
BRDA:12488,1040,1,0
BRDA:12489,1041,0,0
BRDA:12489,1041,1,0
BRDA:12545,1042,0,0
BRDA:12545,1042,1,0
BRDA:12547,1043,0,0
BRDA:12547,1043,1,0
BRDA:12572,1044,0,0
BRDA:12572,1044,1,0
BRDA:12610,1045,0,0
BRDA:12610,1045,1,0
BRDA:12610,1046,0,0
BRDA:12610,1046,1,0
BRDA:12615,1047,0,0
BRDA:12615,1047,1,0
BRDA:12776,1048,0,0
BRDA:12776,1048,1,0
BRDA:12936,1049,0,0
BRDA:12936,1049,1,0
BRDA:12968,1050,0,0
BRDA:12968,1050,1,0
BRDA:13002,1051,0,0
BRDA:13002,1051,1,0
BRDA:13032,1052,0,0
BRDA:13032,1052,1,0
BRDA:13059,1053,0,0
BRDA:13059,1053,1,0
BRDA:13086,1054,0,0
BRDA:13086,1054,1,0
BRDA:13115,1055,0,0
BRDA:13115,1055,1,0
BRDA:13116,1056,0,0
BRDA:13116,1056,1,0
BRDA:13147,1057,0,0
BRDA:13147,1057,1,0
BRDA:13177,1058,0,0
BRDA:13177,1058,1,0
BRDA:13229,1059,0,0
BRDA:13229,1059,1,0
BRDA:13285,1060,0,0
BRDA:13285,1060,1,5
BRDA:13312,1061,0,0
BRDA:13312,1061,1,0
BRDA:13476,1062,0,0
BRDA:13476,1062,1,0
BRDA:13482,1063,0,0
BRDA:13482,1063,1,0
BRDA:13486,1064,0,0
BRDA:13486,1064,1,0
BRDA:13538,1065,0,0
BRDA:13538,1065,1,0
BRDA:13560,1066,0,0
BRDA:13560,1066,1,0
BRDA:13608,1067,0,0
BRDA:13608,1067,1,0
BRDA:13613,1068,0,0
BRDA:13613,1068,1,0
BRDA:13614,1069,0,0
BRDA:13614,1069,1,0
BRDA:13618,1070,0,0
BRDA:13618,1070,1,0
BRDA:13652,1071,0,0
BRDA:13652,1071,1,0
BRDA:13680,1072,0,0
BRDA:13680,1072,1,0
BRDA:13681,1073,0,0
BRDA:13681,1073,1,0
BRDA:13768,1074,0,0
BRDA:13768,1074,1,0
BRDA:13768,1074,2,0
BRDA:13771,1075,0,0
BRDA:13771,1075,1,0
BRDA:13772,1076,0,0
BRDA:13772,1076,1,0
BRDA:13773,1077,0,0
BRDA:13773,1077,1,0
BRDA:13774,1078,0,0
BRDA:13774,1078,1,0
BRDA:13776,1079,0,0
BRDA:13776,1079,1,0
BRDA:13777,1080,0,0
BRDA:13777,1080,1,0
BRDA:13783,1081,0,0
BRDA:13783,1081,1,0
BRDA:13817,1082,0,0
BRDA:13817,1082,1,0
BRDA:13848,1083,0,0
BRDA:13848,1083,1,0
BRDA:13876,1084,0,0
BRDA:13876,1084,1,0
BRDA:13877,1085,0,0
BRDA:13877,1085,1,0
BRDA:13907,1086,0,0
BRDA:13907,1086,1,0
BRDA:13935,1087,0,0
BRDA:13935,1087,1,0
BRDA:13960,1088,0,0
BRDA:13960,1088,1,0
BRDA:13964,1089,0,0
BRDA:13964,1089,1,0
BRDA:13966,1090,0,0
BRDA:13966,1090,1,0
BRDA:13968,1091,0,0
BRDA:13968,1091,1,0
BRDA:13970,1092,0,0
BRDA:13970,1092,1,0
BRDA:14015,1093,0,0
BRDA:14015,1093,1,0
BRDA:14057,1094,0,0
BRDA:14057,1094,1,0
BRDA:14057,1095,0,0
BRDA:14057,1095,1,0
BRDA:14057,1095,2,0
BRDA:14060,1096,0,0
BRDA:14060,1096,1,0
BRDA:14061,1097,0,0
BRDA:14061,1097,1,0
BRDA:14065,1098,0,0
BRDA:14065,1098,1,0
BRDA:14070,1099,0,0
BRDA:14070,1099,1,0
BRDA:14070,1100,0,0
BRDA:14070,1100,1,0
BRDA:14076,1101,0,0
BRDA:14076,1101,1,0
BRDA:14083,1102,0,0
BRDA:14083,1102,1,0
BRDA:14088,1103,0,0
BRDA:14088,1103,1,0
BRDA:14088,1104,0,0
BRDA:14088,1104,1,0
BRDA:14088,1104,2,0
BRDA:14119,1105,0,0
BRDA:14119,1105,1,0
BRDA:14161,1106,0,0
BRDA:14161,1106,1,0
BRDA:14192,1107,0,0
BRDA:14192,1107,1,0
BRDA:14198,1108,0,0
BRDA:14198,1108,1,0
BRDA:14231,1109,0,0
BRDA:14231,1109,1,0
BRDA:14231,1110,0,0
BRDA:14231,1110,1,0
BRDA:14253,1111,0,0
BRDA:14253,1111,1,0
BRDA:14253,1112,0,0
BRDA:14253,1112,1,0
BRDA:14280,1113,0,0
BRDA:14280,1113,1,0
BRDA:14304,1114,0,0
BRDA:14304,1114,1,0
BRDA:14353,1115,0,0
BRDA:14353,1115,1,0
BRDA:14354,1116,0,0
BRDA:14354,1116,1,0
BRDA:14354,1117,0,0
BRDA:14354,1117,1,0
BRDA:14392,1118,0,0
BRDA:14392,1118,1,0
BRDA:14393,1119,0,0
BRDA:14393,1119,1,0
BRDA:14393,1120,0,0
BRDA:14393,1120,1,0
BRDA:14425,1121,0,0
BRDA:14425,1121,1,0
BRDA:14426,1122,0,0
BRDA:14426,1122,1,0
BRDA:14426,1123,0,0
BRDA:14426,1123,1,0
BRDA:14456,1124,0,0
BRDA:14456,1124,1,0
BRDA:14456,1125,0,0
BRDA:14456,1125,1,0
BRDA:14458,1126,0,0
BRDA:14458,1126,1,0
BRDA:14461,1127,0,0
BRDA:14461,1127,1,0
BRDA:14487,1128,0,0
BRDA:14487,1128,1,0
BRDA:14487,1129,0,0
BRDA:14487,1129,1,0
BRDA:14518,1130,0,0
BRDA:14518,1130,1,0
BRDA:14543,1131,0,0
BRDA:14543,1131,1,0
BRDA:14566,1132,0,0
BRDA:14566,1132,1,0
BRDA:14566,1133,0,0
BRDA:14566,1133,1,0
BRDA:14566,1133,2,0
BRDA:14569,1134,0,0
BRDA:14569,1134,1,0
BRDA:14570,1135,0,0
BRDA:14570,1135,1,0
BRDA:14574,1136,0,0
BRDA:14574,1136,1,0
BRDA:14574,1137,0,0
BRDA:14574,1137,1,0
BRDA:14574,1137,2,0
BRDA:14574,1137,3,0
BRDA:14579,1138,0,0
BRDA:14579,1138,1,0
BRDA:14579,1139,0,0
BRDA:14579,1139,1,0
BRDA:14608,1140,0,0
BRDA:14608,1140,1,0
BRDA:14636,1141,0,0
BRDA:14636,1141,1,0
BRDA:14754,1142,0,0
BRDA:14754,1142,1,0
BRDA:14754,1143,0,0
BRDA:14754,1143,1,0
BRDA:14767,1144,0,0
BRDA:14767,1144,1,0
BRDA:14772,1145,0,0
BRDA:14772,1145,1,0
BRDA:14774,1146,0,0
BRDA:14774,1146,1,0
BRDA:14775,1147,0,0
BRDA:14775,1147,1,0
BRDA:14780,1148,0,0
BRDA:14780,1148,1,0
BRDA:14786,1149,0,0
BRDA:14786,1149,1,0
BRDA:14792,1150,0,0
BRDA:14792,1150,1,0
BRDA:14796,1151,0,0
BRDA:14796,1151,1,0
BRDA:14800,1152,0,0
BRDA:14800,1152,1,0
BRDA:14815,1153,0,0
BRDA:14815,1153,1,0
BRDA:14819,1154,0,0
BRDA:14819,1154,1,0
BRDA:14824,1155,0,0
BRDA:14824,1155,1,0
BRDA:14825,1156,0,0
BRDA:14825,1156,1,0
BRDA:14830,1157,0,0
BRDA:14830,1157,1,0
BRDA:14834,1158,0,0
BRDA:14834,1158,1,0
BRDA:14850,1159,0,0
BRDA:14850,1159,1,0
BRDA:14930,1160,0,0
BRDA:14930,1160,1,0
BRDA:14930,1161,0,0
BRDA:14930,1161,1,0
BRDA:14930,1161,2,0
BRDA:14933,1162,0,0
BRDA:14933,1162,1,0
BRDA:14933,1163,0,0
BRDA:14933,1163,1,0
BRDA:14965,1164,0,0
BRDA:14965,1164,1,0
BRDA:14965,1165,0,0
BRDA:14965,1165,1,0
BRDA:14965,1165,2,0
BRDA:14968,1166,0,0
BRDA:14968,1166,1,0
BRDA:14968,1167,0,0
BRDA:14968,1167,1,0
BRDA:14998,1168,0,0
BRDA:14998,1168,1,0
BRDA:14998,1169,0,0
BRDA:14998,1169,1,0
BRDA:14998,1169,2,0
BRDA:15001,1170,0,0
BRDA:15001,1170,1,0
BRDA:15001,1171,0,0
BRDA:15001,1171,1,0
BRDA:15051,1172,0,0
BRDA:15051,1172,1,0
BRDA:15052,1173,0,0
BRDA:15052,1173,1,0
BRDA:15053,1174,0,0
BRDA:15053,1174,1,0
BRDA:15054,1175,0,0
BRDA:15054,1175,1,0
BRDA:15059,1176,0,0
BRDA:15059,1176,1,0
BRDA:15063,1177,0,0
BRDA:15063,1177,1,0
BRDA:15067,1178,0,0
BRDA:15067,1178,1,0
BRDA:15070,1179,0,0
BRDA:15070,1179,1,0
BRDA:15074,1180,0,0
BRDA:15074,1180,1,0
BRDA:15077,1181,0,0
BRDA:15077,1181,1,0
BRDA:15080,1182,0,0
BRDA:15080,1182,1,0
BRDA:15081,1183,0,0
BRDA:15081,1183,1,0
BRDA:15085,1184,0,0
BRDA:15085,1184,1,0
BRDA:15092,1185,0,0
BRDA:15092,1185,1,0
BRDA:15094,1186,0,0
BRDA:15094,1186,1,0
BRDA:15096,1187,0,0
BRDA:15096,1187,1,0
BRDA:15124,1188,0,0
BRDA:15124,1188,1,0
BRDA:15124,1189,0,0
BRDA:15124,1189,1,0
BRDA:15150,1190,0,0
BRDA:15150,1190,1,0
BRDA:15193,1191,0,0
BRDA:15193,1191,1,0
BRDA:15195,1192,0,0
BRDA:15195,1192,1,0
BRDA:15196,1193,0,0
BRDA:15196,1193,1,0
BRDA:15198,1194,0,0
BRDA:15198,1194,1,0
BRDA:15229,1195,0,0
BRDA:15229,1195,1,0
BRDA:15297,1196,0,0
BRDA:15297,1196,1,0
BRDA:15300,1197,0,0
BRDA:15300,1197,1,0
BRDA:15301,1198,0,0
BRDA:15301,1198,1,0
BRDA:15311,1199,0,0
BRDA:15311,1199,1,0
BRDA:15392,1200,0,0
BRDA:15392,1200,1,0
BRDA:15392,1201,0,0
BRDA:15392,1201,1,0
BRDA:15505,1202,0,0
BRDA:15505,1202,1,0
BRDA:15669,1203,0,0
BRDA:15669,1203,1,2
BRDA:15669,1204,0,2
BRDA:15669,1204,1,1
BRDA:15670,1205,0,1
BRDA:15670,1205,1,1
BRDA:15670,1205,2,0
BRDA:15676,1206,0,2
BRDA:15676,1206,1,1
BRDA:15676,1207,0,2
BRDA:15676,1207,1,1
BRDA:15682,1208,0,305
BRDA:15682,1208,1,0
BRDA:15685,1209,0,0
BRDA:15685,1209,1,0
BRDA:15685,1210,0,0
BRDA:15685,1210,1,0
BRDA:15715,1211,0,0
BRDA:15715,1211,1,0
BRDA:15859,1212,0,0
BRDA:15859,1212,1,0
BRDA:15885,1213,0,0
BRDA:15885,1213,1,0
BRDA:16086,1214,0,0
BRDA:16086,1214,1,0
BRDA:16086,1215,0,0
BRDA:16086,1215,1,0
BRDA:16120,1216,0,0
BRDA:16120,1216,1,0
BRDA:16123,1217,0,0
BRDA:16123,1217,1,0
BRDA:16253,1218,0,0
BRDA:16253,1218,1,0
BRDA:16253,1219,0,0
BRDA:16253,1219,1,0
BRDA:16282,1220,0,0
BRDA:16282,1220,1,0
BRDA:16282,1221,0,0
BRDA:16282,1221,1,0
BRDA:16351,1222,0,0
BRDA:16351,1222,1,0
BRDA:16351,1223,0,0
BRDA:16351,1223,1,0
BRDA:16380,1224,0,0
BRDA:16380,1224,1,0
BRDA:16380,1225,0,0
BRDA:16380,1225,1,0
BRDA:16461,1226,0,0
BRDA:16461,1226,1,0
BRDA:16461,1227,0,0
BRDA:16461,1227,1,0
BRDA:16490,1228,0,0
BRDA:16490,1228,1,0
BRDA:16490,1229,0,0
BRDA:16490,1229,1,0
BRDA:16818,1230,0,153
BRDA:16818,1230,1,153
BRDA:16844,1231,0,0
BRDA:16844,1231,1,0
BRDA:16846,1232,0,0
BRDA:16846,1232,1,0
BRDA:16846,1233,0,0
BRDA:16846,1233,1,0
BRDA:16850,1234,0,0
BRDA:16850,1234,1,0
BRDA:16855,1235,0,0
BRDA:16855,1235,1,0
BRDA:16869,1236,0,3
BRDA:16869,1236,1,2
BRDA:16877,1237,0,0
BRDA:16877,1237,1,0
BRDA:16884,1238,0,1
BRDA:16884,1238,1,1
BRDA:16893,1239,0,1
BRDA:16893,1239,1,1
BRDA:16896,1240,0,0
BRDA:16896,1240,1,0
BRDA:16913,1241,0,0
BRDA:16913,1241,1,0
BRDA:16929,1242,0,0
BRDA:16929,1242,1,0
BRDA:16929,1243,0,0
BRDA:16929,1243,1,0
BRDA:16929,1243,2,0
BRDA:16932,1244,0,0
BRDA:16932,1244,1,0
BRDA:16934,1245,0,0
BRDA:16934,1245,1,0
BRDA:16937,1246,0,0
BRDA:16937,1246,1,0
BRDA:16939,1247,0,0
BRDA:16939,1247,1,0
BRDA:16956,1248,0,2
BRDA:16956,1248,1,17
BRDA:16956,1249,0,1
BRDA:16956,1249,1,1
BRDA:16957,1250,0,19
BRDA:16957,1250,1,17
BRDA:16959,1251,0,0
BRDA:16959,1251,1,19
BRDA:16964,1252,0,0
BRDA:16964,1252,1,0
BRDA:16967,1253,0,0
BRDA:16967,1253,1,0
BRDA:16971,1254,0,0
BRDA:16971,1254,1,0
BRDA:16971,1255,0,0
BRDA:16971,1255,1,0
BRDA:16974,1256,0,0
BRDA:16974,1256,1,0
BRDA:16974,1257,0,0
BRDA:16974,1257,1,0
BRDA:16974,1257,2,0
BRDA:16974,1257,3,0
BRDA:16980,1258,0,0
BRDA:16980,1258,1,0
BRDA:16981,1259,0,0
BRDA:16981,1259,1,0
BRDA:16983,1260,0,0
BRDA:16983,1260,1,0
BRDA:16983,1261,0,0
BRDA:16983,1261,1,0
BRDA:16984,1262,0,0
BRDA:16984,1262,1,0
BRDA:16989,1263,0,0
BRDA:16989,1263,1,0
BRDA:16989,1264,0,0
BRDA:16989,1264,1,0
BRDA:16993,1265,0,0
BRDA:16993,1265,1,0
BRDA:16993,1266,0,0
BRDA:16993,1266,1,0
BRDA:17000,1267,0,3
BRDA:17000,1267,1,3
BRDA:17005,1268,0,0
BRDA:17005,1268,1,0
BRDA:17005,1269,0,0
BRDA:17005,1269,1,0
BRDA:17007,1270,0,0
BRDA:17007,1270,1,0
BRDA:17010,1271,0,0
BRDA:17010,1271,1,0
BRDA:17018,1272,0,19
BRDA:17018,1272,1,0
BRDA:17020,1273,0,19
BRDA:17020,1273,1,17
BRDA:17048,1274,0,1
BRDA:17048,1274,1,0
BRDA:17060,1275,0,0
BRDA:17060,1275,1,1
BRDA:17060,1276,0,1
BRDA:17060,1276,1,0
BRDA:17060,1276,2,0
BRDA:17074,1277,0,1
BRDA:17074,1277,1,0
BRF:2780
BRH:192
end_of_record
